Copyright 1986-2022 Xilinx, Inc. All Rights Reserved. Copyright 2022-2024 Advanced Micro Devices, Inc. All Rights Reserved.
---------------------------------------------------------------------------------------------------------------------------------------------
| Tool Version : Vivado v.2024.1 (lin64) Build 5076996 Wed May 22 18:36:09 MDT 2024
| Date         : Mon May 18 16:19:38 2026
| Host         : beta-HP-ProBook-430-G6 running 64-bit Ubuntu 20.04.6 LTS
| Command      : report_utilization -file full_util_synthed.rpt -pb full_util_synthed.pb
| Design       : vitis_design_wrapper
| Device       : xczu9eg-ffvb1156-2-e
| Speed File   : -2
| Design State : Synthesized
---------------------------------------------------------------------------------------------------------------------------------------------

Utilization Design Information

Table of Contents
-----------------
1. CLB Logic
1.1 Summary of Registers by Type
2. BLOCKRAM
3. ARITHMETIC
4. I/O
5. CLOCK
6. ADVANCED
7. CONFIGURATION
8. Primitives
9. Black Boxes
10. Instantiated Netlists

1. CLB Logic
------------

+----------------------------+--------+-------+------------+-----------+-------+
|          Site Type         |  Used  | Fixed | Prohibited | Available | Util% |
+----------------------------+--------+-------+------------+-----------+-------+
| CLB LUTs*                  | 178921 |     0 |          0 |    274080 | 65.28 |
|   LUT as Logic             | 127582 |     0 |          0 |    274080 | 46.55 |
|   LUT as Memory            |  51339 |     0 |          0 |    144000 | 35.65 |
|     LUT as Distributed RAM |  42708 |     0 |            |           |       |
|     LUT as Shift Register  |   8631 |     0 |            |           |       |
| CLB Registers              | 195208 |     0 |          0 |    548160 | 35.61 |
|   Register as Flip Flop    | 195208 |     0 |          0 |    548160 | 35.61 |
|   Register as Latch        |      0 |     0 |          0 |    548160 |  0.00 |
| CARRY8                     |   5575 |     0 |          0 |     34260 | 16.27 |
| F7 Muxes                   |  21401 |     0 |          0 |    137040 | 15.62 |
| F8 Muxes                   |   8309 |     0 |          0 |     68520 | 12.13 |
| F9 Muxes                   |   1344 |     0 |          0 |     34260 |  3.92 |
+----------------------------+--------+-------+------------+-----------+-------+
* Warning! The Final LUT count, after physical optimizations and full implementation, is typically lower. Run opt_design after synthesis, if not already completed, for a more realistic count.
Warning! LUT value is adjusted to account for LUT combining.
Warning! For any ECO changes, please run place_design if there are unplaced instances


1.1 Summary of Registers by Type
--------------------------------

+--------+--------------+-------------+--------------+
|  Total | Clock Enable | Synchronous | Asynchronous |
+--------+--------------+-------------+--------------+
| 0      |            _ |           - |            - |
| 0      |            _ |           - |          Set |
| 0      |            _ |           - |        Reset |
| 0      |            _ |         Set |            - |
| 0      |            _ |       Reset |            - |
| 0      |          Yes |           - |            - |
| 333    |          Yes |           - |          Set |
| 405    |          Yes |           - |        Reset |
| 881    |          Yes |         Set |            - |
| 193589 |          Yes |       Reset |            - |
+--------+--------------+-------------+--------------+


2. BLOCKRAM
-----------

+-------------------+-------+-------+------------+-----------+-------+
|     Site Type     |  Used | Fixed | Prohibited | Available | Util% |
+-------------------+-------+-------+------------+-----------+-------+
| Block RAM Tile    | 621.5 |     0 |          0 |       912 | 68.15 |
|   RAMB36/FIFO*    |   584 |     0 |          0 |       912 | 64.04 |
|     RAMB36E2 only |   584 |       |            |           |       |
|   RAMB18          |    75 |     0 |          0 |      1824 |  4.11 |
|     RAMB18E2 only |    75 |       |            |           |       |
+-------------------+-------+-------+------------+-----------+-------+
* Note: Each Block RAM Tile only has one FIFO logic available and therefore can accommodate only one FIFO36E2 or one FIFO18E2. However, if a FIFO18E2 occupies a Block RAM Tile, that tile can still accommodate a RAMB18E2


3. ARITHMETIC
-------------

+----------------+------+-------+------------+-----------+-------+
|    Site Type   | Used | Fixed | Prohibited | Available | Util% |
+----------------+------+-------+------------+-----------+-------+
| DSPs           |  861 |     0 |          0 |      2520 | 34.17 |
|   DSP48E2 only |  861 |       |            |           |       |
+----------------+------+-------+------------+-----------+-------+


4. I/O
------

+------------+------+-------+------------+-----------+-------+
|  Site Type | Used | Fixed | Prohibited | Available | Util% |
+------------+------+-------+------------+-----------+-------+
| Bonded IOB |    0 |     0 |          0 |       328 |  0.00 |
+------------+------+-------+------------+-----------+-------+


5. CLOCK
--------

+------------+------+-------+------------+-----------+-------+
|  Site Type | Used | Fixed | Prohibited | Available | Util% |
+------------+------+-------+------------+-----------+-------+
| BUFGCE     |    7 |     0 |          0 |       116 |  6.03 |
| BUFGCE_DIV |    0 |     0 |          0 |        16 |  0.00 |
| BUFG_GT    |    0 |     0 |          0 |       168 |  0.00 |
| BUFG_PS    |    1 |     0 |          0 |        72 |  1.39 |
| BUFGCTRL*  |    0 |     0 |          0 |        32 |  0.00 |
| PLL        |    0 |     0 |          0 |         8 |  0.00 |
| MMCM       |    1 |     0 |          0 |         4 | 25.00 |
+------------+------+-------+------------+-----------+-------+
* Note: Each used BUFGCTRL counts as two GLOBAL CLOCK BUFFERs. This table does not include global clocking resources, only buffer cell usage. See the Clock Utilization Report (report_clock_utilization) for detailed accounting of global clocking resource availability.


6. ADVANCED
-----------

+-----------------+------+-------+------------+-----------+--------+
|    Site Type    | Used | Fixed | Prohibited | Available |  Util% |
+-----------------+------+-------+------------+-----------+--------+
| GTHE4_CHANNEL   |    0 |     0 |          0 |        24 |   0.00 |
| GTHE4_COMMON    |    0 |     0 |          0 |         6 |   0.00 |
| OBUFDS_GTE4     |    0 |     0 |          0 |        12 |   0.00 |
| OBUFDS_GTE4_ADV |    0 |     0 |          0 |        12 |   0.00 |
| PS8             |    1 |     0 |          0 |         1 | 100.00 |
| SYSMONE4        |    0 |     0 |          0 |         1 |   0.00 |
+-----------------+------+-------+------------+-----------+--------+


7. CONFIGURATION
----------------

+-------------+------+-------+------------+-----------+-------+
|  Site Type  | Used | Fixed | Prohibited | Available | Util% |
+-------------+------+-------+------------+-----------+-------+
| BSCANE2     |    0 |     0 |          0 |         4 |  0.00 |
| DNA_PORTE2  |    0 |     0 |          0 |         1 |  0.00 |
| EFUSE_USR   |    0 |     0 |          0 |         1 |  0.00 |
| FRAME_ECCE4 |    0 |     0 |          0 |         1 |  0.00 |
| ICAPE3      |    0 |     0 |          0 |         2 |  0.00 |
| MASTER_JTAG |    0 |     0 |          0 |         1 |  0.00 |
| STARTUPE3   |    0 |     0 |          0 |         1 |  0.00 |
+-------------+------+-------+------------+-----------+-------+


8. Primitives
-------------

+------------+--------+---------------------+
|  Ref Name  |  Used  | Functional Category |
+------------+--------+---------------------+
| FDRE       | 193589 |            Register |
| LUT3       |  58562 |                 CLB |
| LUT6       |  42796 |                 CLB |
| RAMD64E    |  29672 |                 CLB |
| LUT2       |  24571 |                 CLB |
| MUXF7      |  21401 |                 CLB |
| LUT5       |  12804 |                 CLB |
| LUT4       |  11979 |                 CLB |
| RAMS64E1   |  10752 |                 CLB |
| SRL16E     |  10465 |                 CLB |
| LUT1       |   9804 |                 CLB |
| MUXF8      |   8309 |                 CLB |
| CARRY8     |   5575 |                 CLB |
| RAMD32     |   2414 |                 CLB |
| SRLC32E    |   1945 |                 CLB |
| MUXF9      |   1344 |                 CLB |
| FDSE       |    881 |            Register |
| DSP48E2    |    861 |          Arithmetic |
| RAMS64E    |    832 |                 CLB |
| RAMB36E2   |    584 |            BLOCKRAM |
| FDCE       |    405 |            Register |
| RAMS32     |    382 |                 CLB |
| FDPE       |    333 |            Register |
| RAMB18E2   |     75 |            BLOCKRAM |
| BUFGCE     |      7 |               Clock |
| PS8        |      1 |            Advanced |
| MMCME4_ADV |      1 |               Clock |
| BUFG_PS    |      1 |               Clock |
+------------+--------+---------------------+


9. Black Boxes
--------------

+----------+------+
| Ref Name | Used |
+----------+------+


10. Instantiated Netlists
-------------------------

+-------------------------------------+------+
|               Ref Name              | Used |
+-------------------------------------+------+
| vitis_design_xbar_5                 |    1 |
| vitis_design_xbar_4                 |    1 |
| vitis_design_xbar_3                 |    1 |
| vitis_design_s02_regslice_0         |    1 |
| vitis_design_s02_data_fifo_0        |    1 |
| vitis_design_s01_regslice_5         |    1 |
| vitis_design_s01_regslice_4         |    1 |
| vitis_design_s01_data_fifo_5        |    1 |
| vitis_design_s01_data_fifo_4        |    1 |
| vitis_design_s00_regslice_5         |    1 |
| vitis_design_s00_regslice_4         |    1 |
| vitis_design_ps_e_0                 |    1 |
| vitis_design_proc_sys_reset_6_0     |    1 |
| vitis_design_proc_sys_reset_5_0     |    1 |
| vitis_design_proc_sys_reset_4_0     |    1 |
| vitis_design_proc_sys_reset_3_0     |    1 |
| vitis_design_proc_sys_reset_2_0     |    1 |
| vitis_design_proc_sys_reset_1_0     |    1 |
| vitis_design_proc_sys_reset_0_0     |    1 |
| vitis_design_m02_regslice_0         |    1 |
| vitis_design_m01_regslice_0         |    1 |
| vitis_design_m00_regslice_5         |    1 |
| vitis_design_m00_regslice_4         |    1 |
| vitis_design_m00_data_fifo_5        |    1 |
| vitis_design_m00_data_fifo_4        |    1 |
| vitis_design_digitcaps_accel_1_0    |    1 |
| vitis_design_clk_wiz_0_0            |    1 |
| vitis_design_axi_vip_1_0            |    1 |
| vitis_design_axi_vip_0_0            |    1 |
| vitis_design_axi_register_slice_0_0 |    1 |
| vitis_design_axi_intc_0_0           |    1 |
| vitis_design_auto_us_df_1           |    1 |
| vitis_design_auto_us_df_0           |    1 |
| vitis_design_auto_us_1              |    1 |
| vitis_design_auto_us_0              |    1 |
| vitis_design_auto_pc_0              |    1 |
| vitis_design_auto_ds_1              |    1 |
| vitis_design_auto_ds_0              |    1 |
| vitis_design_auto_cc_1              |    1 |
| vitis_design_auto_cc_0              |    1 |
| vitis_design_DPUCZDX8G_1_0          |    1 |
+-------------------------------------+------+


