INFO: [v++ 60-1306] Additional information associated with this v++ package can be found at:
	Reports: /home/beta/P4P-CapsuleNetworkAccelerator/accel/app/CapsuleNetwork/build_flow/DPUCZDX8G_zcu102/_x/reports/package
	Log files: /home/beta/P4P-CapsuleNetworkAccelerator/accel/app/CapsuleNetwork/build_flow/DPUCZDX8G_zcu102/_x/logs/package
INFO: [v++ 60-1548] Creating build summary session with primary output /home/beta/P4P-CapsuleNetworkAccelerator/accel/app/CapsuleNetwork/build_flow/DPUCZDX8G_zcu102/binary_container_1/dpu.xclbin.package_summary, at Fri May 15 19:01:31 2026
INFO: [v++ 60-1315] Creating rulecheck session with output '/home/beta/P4P-CapsuleNetworkAccelerator/accel/app/CapsuleNetwork/build_flow/DPUCZDX8G_zcu102/_x/reports/package/v++_package_dpu_guidance.html', at Fri May 15 19:01:31 2026
INFO: [v++ 60-895]   Target platform: /home/beta/Downloads/zcu102/xilinx_zcu102_base/platform_repo/xilinx_zcu102_base_202210_1/export/xilinx_zcu102_base_202210_1/xilinx_zcu102_base_202210_1.xpfm
INFO: [v++ 60-1578]   This platform contains Xilinx Shell Archive '/home/beta/Downloads/zcu102/xilinx_zcu102_base/platform_repo/xilinx_zcu102_base_202210_1/export/xilinx_zcu102_base_202210_1/hw/hw.xsa'
INFO: [v++ 60-2256] Packaging for hardware
INFO: [v++ 82-3881] device architecture set to zynqmp
WARNING: [v++ 82-1147] Kernel image is not specified for linux domain
INFO: [v++ 82-3883] generating bootimage for arch zynqmp with bif /home/beta/P4P-CapsuleNetworkAccelerator/accel/app/CapsuleNetwork/build_flow/DPUCZDX8G_zcu102/binary_container_1/xilinx_zcu102_base_202210_1.bif
INFO: [v++ 82-1018] deleting existing sd_card directory
INFO: [v++ 82-1011] creating sd_card directory
INFO: [v++ 82-1083] Deleting existing sd_card.img
INFO: [v++ 82-3528] mkfsimage command run: /tools/Xilinx/Vitis/2024.1/scripts/vitis/util/mkfsImage.sh -s /home/beta/P4P-CapsuleNetworkAccelerator/accel/app/CapsuleNetwork/build_flow/DPUCZDX8G_zcu102/binary_container_1/sd_card/ -o /home/beta/P4P-CapsuleNetworkAccelerator/accel/app/CapsuleNetwork/build_flow/DPUCZDX8G_zcu102/binary_container_1/sd_card.img -m 1 -e /home/beta/Downloads/xilinx-zynqmp-common-v2022.1/rootfs.ext4
INFO: [v++ 82-10329] EXT4 sd_card image is created.
INFO: [v++ 60-2460] Successfully copied a temporary xclbin to the output xclbin: /home/beta/P4P-CapsuleNetworkAccelerator/accel/app/CapsuleNetwork/build_flow/DPUCZDX8G_zcu102/binary_container_1/dpu.xclbin
INFO: [v++ 60-2343] Use the Vitis Unified IDE to visualize and navigate the reports. Run the following command. 
    vitis -a/ --analyze /home/beta/P4P-CapsuleNetworkAccelerator/accel/app/CapsuleNetwork/build_flow/DPUCZDX8G_zcu102/binary_container_1/dpu.xclbin.package_summary 
INFO: [v++ 60-791] Total elapsed time: 0h 0m 21s
INFO: [v++ 60-1653] Closing dispatch client.
