#-----------------------------------------------------------
# Vivado v2024.1 (64-bit)
# SW Build 5076996 on Wed May 22 18:36:09 MDT 2024
# IP Build 5075265 on Wed May 22 21:45:21 MDT 2024
# SharedData Build 5076995 on Wed May 22 18:29:18 MDT 2024
# Start of session at: Tue May  5 19:53:19 2026
# Process ID: 56059
# Current directory: /home/beta/P4P-CapsuleNetworkAccelerator/accel/app/CapsuleNetwork/build_flow/DPUCZDX8G_zcu102
# Command line: vivado -mode batch -source /home/beta/P4P-CapsuleNetworkAccelerator/accel/app/CapsuleNetwork/build_flow/DPUCZDX8G_zcu102/scripts/gen_dpu_xo.tcl -notrace -tclargs binary_container_1/dpu.xo DPUCZDX8G hw zcu102
# Log file: /home/beta/P4P-CapsuleNetworkAccelerator/accel/app/CapsuleNetwork/build_flow/DPUCZDX8G_zcu102/vivado.log
# Journal file: /home/beta/P4P-CapsuleNetworkAccelerator/accel/app/CapsuleNetwork/build_flow/DPUCZDX8G_zcu102/vivado.jou
# Running On        :beta-HP-ProBook-430-G6
# Platform          :Ubuntu
# Operating System  :Ubuntu 20.04.6 LTS
# Processor Detail  :Intel(R) Core(TM) i5-8265U CPU @ 1.60GHz
# CPU Frequency     :1800.000 MHz
# CPU Physical cores:4
# CPU Logical cores :8
# Host memory       :8196 MB
# Swap memory       :2147 MB
# Total Virtual     :10343 MB
# Available Virtual :4464 MB
#-----------------------------------------------------------
source /home/beta/P4P-CapsuleNetworkAccelerator/accel/app/CapsuleNetwork/build_flow/DPUCZDX8G_zcu102/scripts/gen_dpu_xo.tcl -notrace
binary_container_1/dpu.xo
create_project: Time (s): cpu = 00:00:06 ; elapsed = 00:00:06 . Memory (MB): peak = 1378.027 ; gain = 18.867 ; free physical = 941 ; free virtual = 3932
INFO: [IP_Flow 19-5654] Module 'DPUCZDX8G' uses SystemVerilog sources with a Verilog top file. These SystemVerilog files will not be analysed by the packager.
INFO: [IP_Flow 19-1842] HDL Parser: Found include file "src/arch_def.vh" from the top-level HDL file.
INFO: [IP_Flow 19-1842] HDL Parser: Found include file "/home/beta/P4P-CapsuleNetworkAccelerator/accel/app/CapsuleNetwork/build_flow/DPUCZDX8G_zcu102/dpu_conf.vh" from the top-level HDL file.
INFO: [IP_Flow 19-1841] HDL Parser: Add include file "/home/beta/P4P-CapsuleNetworkAccelerator/accel/app/CapsuleNetwork/build_flow/DPUCZDX8G_zcu102/dpu_conf.vh" to file group xilinx_anylanguagesynthesis.
INFO: [IP_Flow 19-1841] HDL Parser: Add include file "/home/beta/P4P-CapsuleNetworkAccelerator/accel/app/CapsuleNetwork/build_flow/DPUCZDX8G_zcu102/dpu_conf.vh" to file group xilinx_anylanguagebehavioralsimulation.
INFO: [IP_Flow 19-1842] HDL Parser: Found include file "src/arch_para.vh" from the top-level HDL file.
INFO: [IP_Flow 19-234] Refreshing IP repositories
INFO: [IP_Flow 19-1704] No user IP repositories specified
INFO: [IP_Flow 19-2313] Loaded Vivado IP repository '/tools/Xilinx/Vivado/2024.1/data/ip'.
INFO: [IP_Flow 19-5107] Inferred bus interface 'aclk' of definition 'xilinx.com:signal:clock:1.0' (from X_INTERFACE_INFO parameter from HDL file).
INFO: [IP_Flow 19-5107] Inferred bus interface 'aclk' of definition 'xilinx.com:signal:clock:1.0' (from 'X_INTERFACE_INFO' attribute).
INFO: [IP_Flow 19-5107] Inferred bus interface 'ap_clk_2' of definition 'xilinx.com:signal:clock:1.0' (from X_INTERFACE_INFO parameter from HDL file).
INFO: [IP_Flow 19-5107] Inferred bus interface 'ap_clk_2' of definition 'xilinx.com:signal:clock:1.0' (from 'X_INTERFACE_INFO' attribute).
INFO: [IP_Flow 19-5107] Inferred bus interface 'ap_rst_n_2' of definition 'xilinx.com:signal:reset:1.0' (from X_INTERFACE_INFO parameter from HDL file).
INFO: [IP_Flow 19-5107] Inferred bus interface 'ap_rst_n_2' of definition 'xilinx.com:signal:reset:1.0' (from 'X_INTERFACE_INFO' attribute).
INFO: [IP_Flow 19-5107] Inferred bus interface 'aresetn' of definition 'xilinx.com:signal:reset:1.0' (from X_INTERFACE_INFO parameter from HDL file).
INFO: [IP_Flow 19-5107] Inferred bus interface 'aresetn' of definition 'xilinx.com:signal:reset:1.0' (from 'X_INTERFACE_INFO' attribute).
INFO: [IP_Flow 19-5107] Inferred bus interface 'M_AXI_GP0' of definition 'xilinx.com:interface:aximm:1.0' (from Xilinx Repository).
INFO: [IP_Flow 19-5107] Inferred bus interface 'M_AXI_HP0' of definition 'xilinx.com:interface:aximm:1.0' (from Xilinx Repository).
INFO: [IP_Flow 19-5107] Inferred bus interface 'M_AXI_HP2' of definition 'xilinx.com:interface:aximm:1.0' (from Xilinx Repository).
INFO: [IP_Flow 19-5107] Inferred bus interface 'S_AXI_CONTROL' of definition 'xilinx.com:interface:aximm:1.0' (from Xilinx Repository).
INFO: [IP_Flow 19-5107] Inferred bus interface 'interrupt' of definition 'xilinx.com:signal:interrupt:1.0' (from Xilinx Repository).
INFO: [IP_Flow 19-4728] Bus Interface 'interrupt': Added interface parameter 'SENSITIVITY' with value 'LEVEL_HIGH'.
INFO: [IP_Flow 19-4728] Bus Interface 'aclk': Added interface parameter 'ASSOCIATED_BUSIF' with value 'M_AXI_GP0'.
INFO: [IP_Flow 19-4728] Bus Interface 'aclk': Added interface parameter 'ASSOCIATED_RESET' with value 'aresetn'.
INFO: [IP_Flow 19-4728] Bus Interface 'ap_clk_2': Added interface parameter 'ASSOCIATED_RESET' with value 'ap_rst_n_2'.
INFO: [IP_Flow 19-4728] Bus Interface 'ap_rst_n_2': Added interface parameter 'POLARITY' with value 'ACTIVE_LOW'.
INFO: [IP_Flow 19-4728] Bus Interface 'aresetn': Added interface parameter 'POLARITY' with value 'ACTIVE_LOW'.
WARNING: [IP_Flow 19-11888] Component Definition 'xilinx.com:RTLKernel:DPUCZDX8G:1.0 (DPUCZDX8G_v1_0)': IP description "DPUCZDX8G_v1_0" is not meaningful: same as name or display name
WARNING: [IP_Flow 19-11770] Clock interface 'aclk' has no FREQ_HZ parameter.
WARNING: [IP_Flow 19-5661] Bus Interface 'ap_clk_2' does not have any bus interfaces associated with it.
WARNING: [IP_Flow 19-11770] Clock interface 'ap_clk_2' has no FREQ_HZ parameter.
WARNING: [IP_Flow 19-731] File Group 'xilinx_anylanguagesynthesis (Synthesis)': "/home/beta/P4P-CapsuleNetworkAccelerator/accel/app/CapsuleNetwork/build_flow/DPUCZDX8G_zcu102/dpu_conf.vh" file path is not relative to the IP root directory.
WARNING: [IP_Flow 19-4816] The Synthesis file group has two include files that have the same base name. It is not guaranteed which of these two files will be picked up during synthesis/simulation:  src/dpu_conf.vh , /home/beta/P4P-CapsuleNetworkAccelerator/accel/app/CapsuleNetwork/build_flow/DPUCZDX8G_zcu102/dpu_conf.vh
WARNING: [IP_Flow 19-991] Unrecognized or unsupported file 'src/fingerprint_json.ttcl' found in file group 'Synthesis'.
Resolution: Remove the file from the specified file group.
WARNING: [IP_Flow 19-731] File Group 'xilinx_anylanguagebehavioralsimulation (Simulation)': "/home/beta/P4P-CapsuleNetworkAccelerator/accel/app/CapsuleNetwork/build_flow/DPUCZDX8G_zcu102/dpu_conf.vh" file path is not relative to the IP root directory.
WARNING: [IP_Flow 19-4816] The Simulation file group has two include files that have the same base name. It is not guaranteed which of these two files will be picked up during synthesis/simulation:  src/dpu_conf.vh , /home/beta/P4P-CapsuleNetworkAccelerator/accel/app/CapsuleNetwork/build_flow/DPUCZDX8G_zcu102/dpu_conf.vh
WARNING: [IP_Flow 19-991] Unrecognized or unsupported file 'src/fingerprint_json.ttcl' found in file group 'Simulation'.
Resolution: Remove the file from the specified file group.
INFO: [IP_Flow 19-2181] Payment is not required for this core.
WARNING: [IP_Flow 19-2187] The Product Guide file is missing.
INFO: [IP_Flow 19-795] Syncing license key meta-data
INFO: [IP_Flow 19-234] Refreshing IP repositories
INFO: [IP_Flow 19-1704] No user IP repositories specified
INFO: [IP_Flow 19-2313] Loaded Vivado IP repository '/tools/Xilinx/Vivado/2024.1/data/ip'.
INFO: [IP_Flow 19-5107] Inferred bus interface 'ap_clk_2' of definition 'xilinx.com:signal:clock:1.0' (from TCL Argument).
INFO: [IP_Flow 19-5107] Inferred bus interface 'ap_rst_n_2' of definition 'xilinx.com:signal:reset:1.0' (from TCL Argument).
WARNING: [Vivado 12-4404] The CPU emulation flow in v++ is only supported when using a packaged XO file that contains C-model files, none were found.
INFO: [Common 17-206] Exiting Vivado at Tue May  5 19:53:42 2026...
