#-----------------------------------------------------------
# Vivado v2024.1 (64-bit)
# SW Build 5076996 on Wed May 22 18:36:09 MDT 2024
# IP Build 5075265 on Wed May 22 21:45:21 MDT 2024
# SharedData Build 5076995 on Wed May 22 18:29:18 MDT 2024
# Start of session at: Tue May  5 19:48:09 2026
# Process ID: 55551
# Current directory: /home/beta/P4P-CapsuleNetworkAccelerator/accel/app/CapsuleNetwork/build_flow/DPUCZDX8G_zcu102
# Command line: vivado -mode batch -source ./DPU-TRD/DPUCZDX8G/prj/Vitis/scripts/gen_dpu_xo.tcl -notrace -tclargs binary_container_1/dpu.xo DPUCZDX8G hw zcu102
# Log file: /home/beta/P4P-CapsuleNetworkAccelerator/accel/app/CapsuleNetwork/build_flow/DPUCZDX8G_zcu102/vivado.log
# Journal file: /home/beta/P4P-CapsuleNetworkAccelerator/accel/app/CapsuleNetwork/build_flow/DPUCZDX8G_zcu102/vivado.jou
# Running On        :beta-HP-ProBook-430-G6
# Platform          :Ubuntu
# Operating System  :Ubuntu 20.04.6 LTS
# Processor Detail  :Intel(R) Core(TM) i5-8265U CPU @ 1.60GHz
# CPU Frequency     :1800.000 MHz
# CPU Physical cores:4
# CPU Logical cores :8
# Host memory       :8196 MB
# Swap memory       :2147 MB
# Total Virtual     :10343 MB
# Available Virtual :4402 MB
#-----------------------------------------------------------
source ./DPU-TRD/DPUCZDX8G/prj/Vitis/scripts/gen_dpu_xo.tcl -notrace
binary_container_1/dpu.xo
couldn't read file "./scripts/package_dpu_kernel.tcl": no such file or directory
    while executing
"source -notrace ./scripts/package_dpu_kernel.tcl"
    invoked from within
"if { [info exists ::env(DIR_PATH)] } {
    source -notrace $env(DIR_PRJ)/scripts/package_dpu_kernel.tcl
} else {
    source -notrace ./scripts/package..."
    (file "./DPU-TRD/DPUCZDX8G/prj/Vitis/scripts/gen_dpu_xo.tcl" line 30)
INFO: [Common 17-206] Exiting Vivado at Tue May  5 19:48:11 2026...
