Tue May  5 19:53:48 2026: Running xcd server. This server was built by gradle.
Tue May  5 19:53:48 2026: Server was asked to start on port: '35269'
Tue May  5 19:53:48 2026: Server is using token UUID: 'f60dc22a-5270-4132-8c27-9564348778e1'
Tue May  5 19:53:48 2026: SESSION_MGR: creating session with session uuid: '6d04a3e9-ade5-4ab9-8d63-1f78fcd2ec76' and name 'default'
Tue May  5 19:53:48 2026: Attempting to start server on port '35269'
Tue May  5 19:53:48 2026: XCD main fifo: created main fifo '/tmp/xcdmainf60dc22a-5270-4132-8c27-9564348778e1', fd read = 13
Tue May  5 19:53:48 2026: Running Dispatch Server
Tue May  5 19:53:48 2026: Version 2.2.0
Tue May  5 19:53:49 2026: Dispatch Server: Accepted socket connection from client
Tue May  5 19:53:49 2026: Starting Socket connection
Tue May  5 19:53:49 2026: EXCHANGE_TOKEN received, server token: f60dc22a-5270-4132-8c27-9564348778e1, passed token: f60dc22a-5270-4132-8c27-9564348778e1
Tue May  5 19:53:49 2026: DISPATCH_HANDLER: Adding handler from function makeHandler in library libxv_system_diagram
Tue May  5 19:53:49 2026: SESSION_MGR: creating session with session uuid: 'b9962f0c-f130-4453-9e62-972cf0b6b1ce' and name 'v++_link_binary_container_1'
Tue May  5 19:53:49 2026: KERNEL_SVC: creating session with uuid: 'b9962f0c-f130-4453-9e62-972cf0b6b1ce' and name 'v++_link_binary_container_1'
Tue May  5 19:53:49 2026: GUIDANCE_SMGR: creating guidance session with uuid: 'b9962f0c-f130-4453-9e62-972cf0b6b1ce' and name 'v++_link_binary_container_1'
Tue May  5 19:53:49 2026: SYSTEM_DIAGRAM: creating session with uuid: 'b9962f0c-f130-4453-9e62-972cf0b6b1ce' and name 'v++_link_binary_container_1'
Tue May  5 19:54:07 2026: Dispatch Server: Accepted socket connection from client
Tue May  5 19:54:07 2026: Starting Socket connection
Tue May  5 19:54:13 2026: Dispatch Server: Accepted socket connection from client
Tue May  5 19:54:13 2026: Starting Socket connection
Tue May  5 19:55:33 2026: Dispatch Server: Accepted socket connection from client
Tue May  5 19:55:33 2026: Starting Socket connection
Tue May  5 19:55:33 2026: Dispatch Server: Accepted socket connection from client
Tue May  5 19:55:33 2026: Starting Socket connection
Tue May  5 19:55:33 2026: Dispatch Server: Accepted socket connection from client
Tue May  5 19:55:33 2026: Starting Socket connection
Tue May  5 19:55:33 2026: Dispatch Server: Accepted socket connection from client
Tue May  5 19:55:33 2026: Starting Socket connection
Tue May  5 21:48:03 2026: Running xcd server. This server was built by gradle.
Tue May  5 21:48:03 2026: Server was asked to start on port: '37015'
Tue May  5 21:48:03 2026: Server is using token UUID: '78d653ed-88da-48fa-ae4f-3d0aaaf8274d'
Tue May  5 21:48:03 2026: SESSION_MGR: creating session with session uuid: '6d04a3e9-ade5-4ab9-8d63-1f78fcd2ec76' and name 'default'
Tue May  5 21:48:03 2026: Attempting to start server on port '37015'
Tue May  5 21:48:03 2026: XCD main fifo: created main fifo '/tmp/xcdmain78d653ed-88da-48fa-ae4f-3d0aaaf8274d', fd read = 12
Tue May  5 21:48:03 2026: Running Dispatch Server
Tue May  5 21:48:03 2026: Version 2.2.0
Tue May  5 21:48:04 2026: Dispatch Server: Accepted socket connection from client
Tue May  5 21:48:04 2026: Starting Socket connection
Tue May  5 21:48:04 2026: EXCHANGE_TOKEN received, server token: 78d653ed-88da-48fa-ae4f-3d0aaaf8274d, passed token: 78d653ed-88da-48fa-ae4f-3d0aaaf8274d
Tue May  5 21:48:05 2026: DISPATCH_HANDLER: Adding handler from function makeHandler in library libxv_system_diagram
Tue May  5 21:48:05 2026: SESSION_MGR: creating session with session uuid: '90a05c70-0970-44c9-ba27-58d398daad77' and name 'v++_link_binary_container_1'
Tue May  5 21:48:05 2026: KERNEL_SVC: creating session with uuid: '90a05c70-0970-44c9-ba27-58d398daad77' and name 'v++_link_binary_container_1'
Tue May  5 21:48:05 2026: GUIDANCE_SMGR: creating guidance session with uuid: '90a05c70-0970-44c9-ba27-58d398daad77' and name 'v++_link_binary_container_1'
Tue May  5 21:48:05 2026: SYSTEM_DIAGRAM: creating session with uuid: '90a05c70-0970-44c9-ba27-58d398daad77' and name 'v++_link_binary_container_1'
Tue May  5 21:48:23 2026: Dispatch Server: Accepted socket connection from client
Tue May  5 21:48:23 2026: Starting Socket connection
Tue May  5 21:48:30 2026: Dispatch Server: Accepted socket connection from client
Tue May  5 21:48:30 2026: Starting Socket connection
Tue May  5 22:32:19 2026: Running xcd server. This server was built by gradle.
Tue May  5 22:32:19 2026: Server was asked to start on port: '40635'
Tue May  5 22:32:19 2026: Server is using token UUID: '58c26b08-6947-4aea-a46a-d2e2240d6971'
Tue May  5 22:32:19 2026: SESSION_MGR: creating session with session uuid: '6d04a3e9-ade5-4ab9-8d63-1f78fcd2ec76' and name 'default'
Tue May  5 22:32:19 2026: Attempting to start server on port '40635'
Tue May  5 22:32:19 2026: XCD main fifo: created main fifo '/tmp/xcdmain58c26b08-6947-4aea-a46a-d2e2240d6971', fd read = 13
Tue May  5 22:32:19 2026: Running Dispatch Server
Tue May  5 22:32:19 2026: Version 2.2.0
Tue May  5 22:32:20 2026: Dispatch Server: Accepted socket connection from client
Tue May  5 22:32:20 2026: Starting Socket connection
Tue May  5 22:32:20 2026: EXCHANGE_TOKEN received, server token: 58c26b08-6947-4aea-a46a-d2e2240d6971, passed token: 58c26b08-6947-4aea-a46a-d2e2240d6971
Tue May  5 22:32:20 2026: DISPATCH_HANDLER: Adding handler from function makeHandler in library libxv_system_diagram
Tue May  5 22:32:20 2026: SESSION_MGR: creating session with session uuid: '4a61aa04-ff0b-4799-8c74-8d79c91f21da' and name 'v++_link_binary_container_1'
Tue May  5 22:32:20 2026: KERNEL_SVC: creating session with uuid: '4a61aa04-ff0b-4799-8c74-8d79c91f21da' and name 'v++_link_binary_container_1'
Tue May  5 22:32:20 2026: GUIDANCE_SMGR: creating guidance session with uuid: '4a61aa04-ff0b-4799-8c74-8d79c91f21da' and name 'v++_link_binary_container_1'
Tue May  5 22:32:20 2026: SYSTEM_DIAGRAM: creating session with uuid: '4a61aa04-ff0b-4799-8c74-8d79c91f21da' and name 'v++_link_binary_container_1'
Tue May  5 22:32:39 2026: Dispatch Server: Accepted socket connection from client
Tue May  5 22:32:39 2026: Starting Socket connection
Tue May  5 22:32:45 2026: Dispatch Server: Accepted socket connection from client
Tue May  5 22:32:45 2026: Starting Socket connection
Tue May  5 22:32:59 2026: Dispatch Server: do_await_stop
Wed May  6 08:55:31 2026: Running xcd server. This server was built by gradle.
Wed May  6 08:55:31 2026: Server was asked to start on port: '44763'
Wed May  6 08:55:31 2026: Server is using token UUID: 'b97847fe-f509-4c04-b100-2cf3555c74d0'
Wed May  6 08:55:31 2026: SESSION_MGR: creating session with session uuid: '6d04a3e9-ade5-4ab9-8d63-1f78fcd2ec76' and name 'default'
Wed May  6 08:55:31 2026: Attempting to start server on port '44763'
Wed May  6 08:55:31 2026: XCD main fifo: created main fifo '/tmp/xcdmainb97847fe-f509-4c04-b100-2cf3555c74d0', fd read = 13
Wed May  6 08:55:31 2026: Running Dispatch Server
Wed May  6 08:55:31 2026: Version 2.2.0
Wed May  6 08:55:32 2026: Dispatch Server: Accepted socket connection from client
Wed May  6 08:55:32 2026: Starting Socket connection
Wed May  6 08:55:32 2026: EXCHANGE_TOKEN received, server token: b97847fe-f509-4c04-b100-2cf3555c74d0, passed token: b97847fe-f509-4c04-b100-2cf3555c74d0
Wed May  6 08:55:33 2026: DISPATCH_HANDLER: Adding handler from function makeHandler in library libxv_system_diagram
Wed May  6 08:55:33 2026: SESSION_MGR: creating session with session uuid: 'f0a7e35a-749e-471a-9e33-aad4959d7697' and name 'v++_link_binary_container_1'
Wed May  6 08:55:33 2026: KERNEL_SVC: creating session with uuid: 'f0a7e35a-749e-471a-9e33-aad4959d7697' and name 'v++_link_binary_container_1'
Wed May  6 08:55:33 2026: GUIDANCE_SMGR: creating guidance session with uuid: 'f0a7e35a-749e-471a-9e33-aad4959d7697' and name 'v++_link_binary_container_1'
Wed May  6 08:55:33 2026: SYSTEM_DIAGRAM: creating session with uuid: 'f0a7e35a-749e-471a-9e33-aad4959d7697' and name 'v++_link_binary_container_1'
Wed May  6 08:55:54 2026: Dispatch Server: Accepted socket connection from client
Wed May  6 08:55:54 2026: Starting Socket connection
Wed May  6 08:56:03 2026: Dispatch Server: Accepted socket connection from client
Wed May  6 08:56:03 2026: Starting Socket connection
Wed May  6 08:57:37 2026: Dispatch Server: Accepted socket connection from client
Wed May  6 08:57:37 2026: Starting Socket connection
Wed May  6 08:58:45 2026: Dispatch Server: Accepted socket connection from client
Wed May  6 08:58:45 2026: Starting Socket connection
Wed May  6 08:59:57 2026: Dispatch Server: Accepted socket connection from client
Wed May  6 08:59:57 2026: Starting Socket connection
Wed May  6 09:00:54 2026: Dispatch Server: Accepted socket connection from client
Wed May  6 09:00:54 2026: Starting Socket connection
Wed May  6 09:01:12 2026: Dispatch Server: Accepted socket connection from client
Wed May  6 09:01:12 2026: Starting Socket connection
Wed May  6 09:02:13 2026: Dispatch Server: Accepted socket connection from client
Wed May  6 09:02:13 2026: Starting Socket connection
Wed May  6 09:03:15 2026: Dispatch Server: Accepted socket connection from client
Wed May  6 09:03:15 2026: Starting Socket connection
Wed May  6 09:04:16 2026: Dispatch Server: Accepted socket connection from client
Wed May  6 09:04:16 2026: Starting Socket connection
Wed May  6 09:05:17 2026: Dispatch Server: Accepted socket connection from client
Wed May  6 09:05:17 2026: Starting Socket connection
Wed May  6 09:06:19 2026: Dispatch Server: Accepted socket connection from client
Wed May  6 09:06:19 2026: Starting Socket connection
Wed May  6 09:07:21 2026: Dispatch Server: Accepted socket connection from client
Wed May  6 09:07:21 2026: Starting Socket connection
Wed May  6 09:08:25 2026: Dispatch Server: Accepted socket connection from client
Wed May  6 09:08:25 2026: Starting Socket connection
Wed May  6 09:09:28 2026: Dispatch Server: Accepted socket connection from client
Wed May  6 09:09:28 2026: Starting Socket connection
Wed May  6 09:10:40 2026: Dispatch Server: Accepted socket connection from client
Wed May  6 09:10:40 2026: Starting Socket connection
Wed May  6 09:11:45 2026: Dispatch Server: Accepted socket connection from client
Wed May  6 09:11:45 2026: Starting Socket connection
Wed May  6 09:13:47 2026: Dispatch Server: Accepted socket connection from client
Wed May  6 09:13:47 2026: Starting Socket connection
Wed May  6 09:14:51 2026: Dispatch Server: Accepted socket connection from client
Wed May  6 09:14:51 2026: Starting Socket connection
Wed May  6 09:21:11 2026: Dispatch Server: Accepted socket connection from client
Wed May  6 09:21:11 2026: Starting Socket connection
Wed May  6 09:30:22 2026: Dispatch Server: Accepted socket connection from client
Wed May  6 09:30:22 2026: Starting Socket connection
Wed May  6 09:31:49 2026: Dispatch Server: Accepted socket connection from client
Wed May  6 09:31:49 2026: Starting Socket connection
Wed May  6 09:33:17 2026: Dispatch Server: Accepted socket connection from client
Wed May  6 09:33:17 2026: Starting Socket connection
Wed May  6 09:33:35 2026: Dispatch Server: Accepted socket connection from client
Wed May  6 09:33:35 2026: Starting Socket connection
Wed May  6 09:34:43 2026: Dispatch Server: Accepted socket connection from client
Wed May  6 09:34:43 2026: Starting Socket connection
Wed May  6 09:35:01 2026: Dispatch Server: Accepted socket connection from client
Wed May  6 09:35:01 2026: Starting Socket connection
Wed May  6 09:35:20 2026: Dispatch Server: Accepted socket connection from client
Wed May  6 09:35:20 2026: Starting Socket connection
Wed May  6 09:36:24 2026: Dispatch Server: Accepted socket connection from client
Wed May  6 09:36:24 2026: Starting Socket connection
Wed May  6 09:37:33 2026: Dispatch Server: Accepted socket connection from client
Wed May  6 09:37:33 2026: Starting Socket connection
Wed May  6 09:38:48 2026: Dispatch Server: Accepted socket connection from client
Wed May  6 09:38:48 2026: Starting Socket connection
Wed May  6 09:39:52 2026: Dispatch Server: Accepted socket connection from client
Wed May  6 09:39:52 2026: Starting Socket connection
Wed May  6 09:40:10 2026: Dispatch Server: Accepted socket connection from client
Wed May  6 09:40:10 2026: Starting Socket connection
Wed May  6 09:41:39 2026: Dispatch Server: Accepted socket connection from client
Wed May  6 09:41:39 2026: Starting Socket connection
Wed May  6 09:42:52 2026: Dispatch Server: Accepted socket connection from client
Wed May  6 09:42:52 2026: Starting Socket connection
Wed May  6 09:44:02 2026: Dispatch Server: Accepted socket connection from client
Wed May  6 09:44:02 2026: Starting Socket connection
Wed May  6 09:45:42 2026: Dispatch Server: Accepted socket connection from client
Wed May  6 09:45:42 2026: Starting Socket connection
Wed May  6 09:47:11 2026: Dispatch Server: Accepted socket connection from client
Wed May  6 09:47:11 2026: Starting Socket connection
Wed May  6 09:48:39 2026: Dispatch Server: Accepted socket connection from client
Wed May  6 09:48:39 2026: Starting Socket connection
Wed May  6 09:50:05 2026: Dispatch Server: Accepted socket connection from client
Wed May  6 09:50:05 2026: Starting Socket connection
Wed May  6 09:51:11 2026: Dispatch Server: Accepted socket connection from client
Wed May  6 09:51:11 2026: Starting Socket connection
Wed May  6 09:52:37 2026: Dispatch Server: Accepted socket connection from client
Wed May  6 09:52:37 2026: Starting Socket connection
Wed May  6 09:52:56 2026: Dispatch Server: Accepted socket connection from client
Wed May  6 09:52:56 2026: Starting Socket connection
Wed May  6 09:54:37 2026: Dispatch Server: Accepted socket connection from client
Wed May  6 09:54:37 2026: Starting Socket connection
Wed May  6 09:54:38 2026: SESSION_MGR: closing session for UUID 'f0a7e35a-749e-471a-9e33-aad4959d7697' with name 'v++_link_binary_container_1'
Wed May  6 09:54:38 2026: KERNEL_SVC: closing session for UUID 'f0a7e35a-749e-471a-9e33-aad4959d7697' with name 'v++_link_binary_container_1'
Wed May  6 09:54:38 2026: GUIDANCE_SMGR: closing session for UUID 'f0a7e35a-749e-471a-9e33-aad4959d7697' with name 'v++_link_binary_container_1'
Wed May  6 09:54:39 2026: SYSTEM_DIAGRAM: closing session for UUID 'f0a7e35a-749e-471a-9e33-aad4959d7697' with name 'v++_link_binary_container_1'
Wed May  6 09:54:39 2026: STOP_SERVER received, server token: b97847fe-f509-4c04-b100-2cf3555c74d0, passed token: b97847fe-f509-4c04-b100-2cf3555c74d0
Wed May  6 09:54:39 2026: DISPATCH_HANDLER: 4 connections are active. Stop request denied.
Wed May  6 10:25:49 2026: Running xcd server. This server was built by gradle.
Wed May  6 10:25:49 2026: Server was asked to start on port: '41527'
Wed May  6 10:25:49 2026: Server is using token UUID: '935bafcb-91e7-4099-9854-e0df485a63d9'
Wed May  6 10:25:49 2026: SESSION_MGR: creating session with session uuid: '6d04a3e9-ade5-4ab9-8d63-1f78fcd2ec76' and name 'default'
Wed May  6 10:25:49 2026: Attempting to start server on port '41527'
Wed May  6 10:25:49 2026: XCD main fifo: created main fifo '/tmp/xcdmain935bafcb-91e7-4099-9854-e0df485a63d9', fd read = 12
Wed May  6 10:25:49 2026: Running Dispatch Server
Wed May  6 10:25:49 2026: Version 2.2.0
Wed May  6 10:25:50 2026: Dispatch Server: Accepted socket connection from client
Wed May  6 10:25:50 2026: Starting Socket connection
Wed May  6 10:25:50 2026: EXCHANGE_TOKEN received, server token: 935bafcb-91e7-4099-9854-e0df485a63d9, passed token: 935bafcb-91e7-4099-9854-e0df485a63d9
Wed May  6 10:25:50 2026: DISPATCH_HANDLER: Adding handler from function makeHandler in library libxv_system_diagram
Wed May  6 10:25:50 2026: SESSION_MGR: creating session with session uuid: '3c6f99d9-0457-47cc-8b5a-bb3e20955a86' and name 'v++_link_binary_container_1'
Wed May  6 10:25:50 2026: KERNEL_SVC: creating session with uuid: '3c6f99d9-0457-47cc-8b5a-bb3e20955a86' and name 'v++_link_binary_container_1'
Wed May  6 10:25:50 2026: GUIDANCE_SMGR: creating guidance session with uuid: '3c6f99d9-0457-47cc-8b5a-bb3e20955a86' and name 'v++_link_binary_container_1'
Wed May  6 10:25:50 2026: SYSTEM_DIAGRAM: creating session with uuid: '3c6f99d9-0457-47cc-8b5a-bb3e20955a86' and name 'v++_link_binary_container_1'
Wed May  6 10:26:09 2026: Dispatch Server: Accepted socket connection from client
Wed May  6 10:26:09 2026: Starting Socket connection
Wed May  6 10:26:15 2026: Dispatch Server: Accepted socket connection from client
Wed May  6 10:26:15 2026: Starting Socket connection
Wed May  6 10:27:47 2026: Dispatch Server: Accepted socket connection from client
Wed May  6 10:27:47 2026: Starting Socket connection
Wed May  6 11:16:30 2026: Running xcd server. This server was built by gradle.
Wed May  6 11:16:30 2026: Server was asked to start on port: '38535'
Wed May  6 11:16:30 2026: Server is using token UUID: '80498fdc-5974-4be9-a603-889fd073c842'
Wed May  6 11:16:30 2026: SESSION_MGR: creating session with session uuid: '6d04a3e9-ade5-4ab9-8d63-1f78fcd2ec76' and name 'default'
Wed May  6 11:16:30 2026: Attempting to start server on port '38535'
Wed May  6 11:16:30 2026: XCD main fifo: created main fifo '/tmp/xcdmain80498fdc-5974-4be9-a603-889fd073c842', fd read = 12
Wed May  6 11:16:30 2026: Running Dispatch Server
Wed May  6 11:16:30 2026: Version 2.2.0
Wed May  6 11:16:31 2026: Dispatch Server: Accepted socket connection from client
Wed May  6 11:16:31 2026: Starting Socket connection
Wed May  6 11:16:31 2026: EXCHANGE_TOKEN received, server token: 80498fdc-5974-4be9-a603-889fd073c842, passed token: 80498fdc-5974-4be9-a603-889fd073c842
Wed May  6 11:16:31 2026: DISPATCH_HANDLER: Adding handler from function makeHandler in library libxv_system_diagram
Wed May  6 11:16:31 2026: SESSION_MGR: creating session with session uuid: '43a4cd99-0408-4b2d-8b04-e63b9bdcfd11' and name 'v++_link_binary_container_1'
Wed May  6 11:16:31 2026: KERNEL_SVC: creating session with uuid: '43a4cd99-0408-4b2d-8b04-e63b9bdcfd11' and name 'v++_link_binary_container_1'
Wed May  6 11:16:31 2026: GUIDANCE_SMGR: creating guidance session with uuid: '43a4cd99-0408-4b2d-8b04-e63b9bdcfd11' and name 'v++_link_binary_container_1'
Wed May  6 11:16:31 2026: SYSTEM_DIAGRAM: creating session with uuid: '43a4cd99-0408-4b2d-8b04-e63b9bdcfd11' and name 'v++_link_binary_container_1'
Wed May  6 11:16:45 2026: Dispatch Server: do_await_stop
Wed May  6 11:28:38 2026: Running xcd server. This server was built by gradle.
Wed May  6 11:28:38 2026: Server was asked to start on port: '44579'
Wed May  6 11:28:38 2026: Server is using token UUID: 'ab75ab1b-9dad-4f3a-85c6-ff3452828bb6'
Wed May  6 11:28:38 2026: SESSION_MGR: creating session with session uuid: '6d04a3e9-ade5-4ab9-8d63-1f78fcd2ec76' and name 'default'
Wed May  6 11:28:38 2026: Attempting to start server on port '44579'
Wed May  6 11:28:38 2026: XCD main fifo: created main fifo '/tmp/xcdmainab75ab1b-9dad-4f3a-85c6-ff3452828bb6', fd read = 13
Wed May  6 11:28:38 2026: Running Dispatch Server
Wed May  6 11:28:38 2026: Version 2.2.0
Wed May  6 11:28:39 2026: Dispatch Server: Accepted socket connection from client
Wed May  6 11:28:39 2026: Starting Socket connection
Wed May  6 11:28:39 2026: EXCHANGE_TOKEN received, server token: ab75ab1b-9dad-4f3a-85c6-ff3452828bb6, passed token: ab75ab1b-9dad-4f3a-85c6-ff3452828bb6
Wed May  6 11:28:39 2026: DISPATCH_HANDLER: Adding handler from function makeHandler in library libxv_system_diagram
Wed May  6 11:28:39 2026: SESSION_MGR: creating session with session uuid: '8ca48b99-d363-4b60-a38a-1dfcc26fce22' and name 'v++_link_binary_container_1'
Wed May  6 11:28:39 2026: KERNEL_SVC: creating session with uuid: '8ca48b99-d363-4b60-a38a-1dfcc26fce22' and name 'v++_link_binary_container_1'
Wed May  6 11:28:39 2026: GUIDANCE_SMGR: creating guidance session with uuid: '8ca48b99-d363-4b60-a38a-1dfcc26fce22' and name 'v++_link_binary_container_1'
Wed May  6 11:28:39 2026: SYSTEM_DIAGRAM: creating session with uuid: '8ca48b99-d363-4b60-a38a-1dfcc26fce22' and name 'v++_link_binary_container_1'
Wed May  6 11:29:01 2026: Dispatch Server: Accepted socket connection from client
Wed May  6 11:29:01 2026: Starting Socket connection
Wed May  6 11:29:08 2026: Dispatch Server: Accepted socket connection from client
Wed May  6 11:29:08 2026: Starting Socket connection
Wed May  6 11:30:41 2026: Dispatch Server: Accepted socket connection from client
Wed May  6 11:30:41 2026: Starting Socket connection
Wed May  6 11:32:00 2026: Dispatch Server: do_await_stop
Wed May  6 11:32:00 2026: Dispatch Server: stopping mainFifo_
Wed May  6 11:32:00 2026: XCD main fifo: Stopping
Wed May  6 11:32:00 2026: XCD main fifo: do_read error code: Operation canceled
Wed May  6 11:32:00 2026: XCD main fifo: bytes_transferred: 0
Wed May  6 11:32:00 2026: SERVER: destructor for server bound to port 44579
Wed May  6 11:32:00 2026: XCD main fifo: Good unlink of /tmp/xcdmainab75ab1b-9dad-4f3a-85c6-ff3452828bb6
Wed May  6 11:32:00 2026: Server exiting with status 0.
Wed May  6 11:35:04 2026: Running xcd server. This server was built by gradle.
Wed May  6 11:35:04 2026: Server was asked to start on port: '43297'
Wed May  6 11:35:04 2026: Server is using token UUID: 'a1dbef52-9f5a-4709-ba32-edfb83f9033d'
Wed May  6 11:35:04 2026: SESSION_MGR: creating session with session uuid: '6d04a3e9-ade5-4ab9-8d63-1f78fcd2ec76' and name 'default'
Wed May  6 11:35:04 2026: Attempting to start server on port '43297'
Wed May  6 11:35:04 2026: XCD main fifo: created main fifo '/tmp/xcdmaina1dbef52-9f5a-4709-ba32-edfb83f9033d', fd read = 12
Wed May  6 11:35:04 2026: Running Dispatch Server
Wed May  6 11:35:04 2026: Version 2.2.0
Wed May  6 11:35:06 2026: Dispatch Server: Accepted socket connection from client
Wed May  6 11:35:06 2026: Starting Socket connection
Wed May  6 11:35:06 2026: EXCHANGE_TOKEN received, server token: a1dbef52-9f5a-4709-ba32-edfb83f9033d, passed token: a1dbef52-9f5a-4709-ba32-edfb83f9033d
Wed May  6 11:35:06 2026: DISPATCH_HANDLER: Adding handler from function makeHandler in library libxv_system_diagram
Wed May  6 11:35:06 2026: SESSION_MGR: creating session with session uuid: 'f3c80cc8-aac2-4e2b-9d37-78c56bce1c8e' and name 'v++_link_binary_container_1'
Wed May  6 11:35:06 2026: KERNEL_SVC: creating session with uuid: 'f3c80cc8-aac2-4e2b-9d37-78c56bce1c8e' and name 'v++_link_binary_container_1'
Wed May  6 11:35:06 2026: GUIDANCE_SMGR: creating guidance session with uuid: 'f3c80cc8-aac2-4e2b-9d37-78c56bce1c8e' and name 'v++_link_binary_container_1'
Wed May  6 11:35:06 2026: SYSTEM_DIAGRAM: creating session with uuid: 'f3c80cc8-aac2-4e2b-9d37-78c56bce1c8e' and name 'v++_link_binary_container_1'
Wed May  6 11:35:29 2026: Dispatch Server: Accepted socket connection from client
Wed May  6 11:35:29 2026: Starting Socket connection
Wed May  6 11:35:36 2026: Dispatch Server: Accepted socket connection from client
Wed May  6 11:35:36 2026: Starting Socket connection
Wed May  6 11:37:01 2026: SESSION_MGR: closing session for UUID 'f3c80cc8-aac2-4e2b-9d37-78c56bce1c8e' with name 'v++_link_binary_container_1'
Wed May  6 11:37:01 2026: KERNEL_SVC: closing session for UUID 'f3c80cc8-aac2-4e2b-9d37-78c56bce1c8e' with name 'v++_link_binary_container_1'
Wed May  6 11:37:01 2026: GUIDANCE_SMGR: closing session for UUID 'f3c80cc8-aac2-4e2b-9d37-78c56bce1c8e' with name 'v++_link_binary_container_1'
Wed May  6 11:37:01 2026: SYSTEM_DIAGRAM: closing session for UUID 'f3c80cc8-aac2-4e2b-9d37-78c56bce1c8e' with name 'v++_link_binary_container_1'
Wed May  6 11:37:01 2026: STOP_SERVER received, server token: a1dbef52-9f5a-4709-ba32-edfb83f9033d, passed token: a1dbef52-9f5a-4709-ba32-edfb83f9033d
Wed May  6 11:37:01 2026: DISPATCH_HANDLER: 2 connections are active. Stop request denied.
Wed May  6 11:41:25 2026: Running xcd server. This server was built by gradle.
Wed May  6 11:41:25 2026: Server was asked to start on port: '34665'
Wed May  6 11:41:25 2026: Server is using token UUID: '86361a30-a5d7-483c-95df-779a9a27091c'
Wed May  6 11:41:25 2026: SESSION_MGR: creating session with session uuid: '6d04a3e9-ade5-4ab9-8d63-1f78fcd2ec76' and name 'default'
Wed May  6 11:41:25 2026: Attempting to start server on port '34665'
Wed May  6 11:41:25 2026: XCD main fifo: created main fifo '/tmp/xcdmain86361a30-a5d7-483c-95df-779a9a27091c', fd read = 12
Wed May  6 11:41:25 2026: Running Dispatch Server
Wed May  6 11:41:25 2026: Version 2.2.0
Wed May  6 11:41:26 2026: Dispatch Server: Accepted socket connection from client
Wed May  6 11:41:26 2026: Starting Socket connection
Wed May  6 11:41:26 2026: EXCHANGE_TOKEN received, server token: 86361a30-a5d7-483c-95df-779a9a27091c, passed token: 86361a30-a5d7-483c-95df-779a9a27091c
Wed May  6 11:41:27 2026: DISPATCH_HANDLER: Adding handler from function makeHandler in library libxv_system_diagram
Wed May  6 11:41:27 2026: SESSION_MGR: creating session with session uuid: '5f5b89ca-6dd5-43a4-8c43-2d383f680ca0' and name 'v++_link_binary_container_1'
Wed May  6 11:41:27 2026: KERNEL_SVC: creating session with uuid: '5f5b89ca-6dd5-43a4-8c43-2d383f680ca0' and name 'v++_link_binary_container_1'
Wed May  6 11:41:27 2026: GUIDANCE_SMGR: creating guidance session with uuid: '5f5b89ca-6dd5-43a4-8c43-2d383f680ca0' and name 'v++_link_binary_container_1'
Wed May  6 11:41:27 2026: SYSTEM_DIAGRAM: creating session with uuid: '5f5b89ca-6dd5-43a4-8c43-2d383f680ca0' and name 'v++_link_binary_container_1'
Wed May  6 11:41:48 2026: Dispatch Server: Accepted socket connection from client
Wed May  6 11:41:48 2026: Starting Socket connection
Wed May  6 11:41:55 2026: Dispatch Server: Accepted socket connection from client
Wed May  6 11:41:55 2026: Starting Socket connection
Wed May  6 11:43:20 2026: SESSION_MGR: closing session for UUID '5f5b89ca-6dd5-43a4-8c43-2d383f680ca0' with name 'v++_link_binary_container_1'
Wed May  6 11:43:20 2026: KERNEL_SVC: closing session for UUID '5f5b89ca-6dd5-43a4-8c43-2d383f680ca0' with name 'v++_link_binary_container_1'
Wed May  6 11:43:20 2026: GUIDANCE_SMGR: closing session for UUID '5f5b89ca-6dd5-43a4-8c43-2d383f680ca0' with name 'v++_link_binary_container_1'
Wed May  6 11:43:20 2026: SYSTEM_DIAGRAM: closing session for UUID '5f5b89ca-6dd5-43a4-8c43-2d383f680ca0' with name 'v++_link_binary_container_1'
Wed May  6 11:43:20 2026: STOP_SERVER received, server token: 86361a30-a5d7-483c-95df-779a9a27091c, passed token: 86361a30-a5d7-483c-95df-779a9a27091c
Wed May  6 11:43:20 2026: DISPATCH_HANDLER: 2 connections are active. Stop request denied.
Wed May  6 11:46:10 2026: Running xcd server. This server was built by gradle.
Wed May  6 11:46:10 2026: Server was asked to start on port: '44663'
Wed May  6 11:46:10 2026: Server is using token UUID: '6ad04737-3e6b-4e9c-bf74-87c70767897f'
Wed May  6 11:46:10 2026: SESSION_MGR: creating session with session uuid: '6d04a3e9-ade5-4ab9-8d63-1f78fcd2ec76' and name 'default'
Wed May  6 11:46:10 2026: Attempting to start server on port '44663'
Wed May  6 11:46:10 2026: XCD main fifo: created main fifo '/tmp/xcdmain6ad04737-3e6b-4e9c-bf74-87c70767897f', fd read = 12
Wed May  6 11:46:10 2026: Running Dispatch Server
Wed May  6 11:46:10 2026: Version 2.2.0
Wed May  6 11:46:11 2026: Dispatch Server: Accepted socket connection from client
Wed May  6 11:46:11 2026: Starting Socket connection
Wed May  6 11:46:11 2026: EXCHANGE_TOKEN received, server token: 6ad04737-3e6b-4e9c-bf74-87c70767897f, passed token: 6ad04737-3e6b-4e9c-bf74-87c70767897f
Wed May  6 11:46:11 2026: DISPATCH_HANDLER: Adding handler from function makeHandler in library libxv_system_diagram
Wed May  6 11:46:11 2026: SESSION_MGR: creating session with session uuid: '8b0466d1-b48b-4496-a059-4e07e97162e4' and name 'v++_link_binary_container_1'
Wed May  6 11:46:11 2026: KERNEL_SVC: creating session with uuid: '8b0466d1-b48b-4496-a059-4e07e97162e4' and name 'v++_link_binary_container_1'
Wed May  6 11:46:11 2026: GUIDANCE_SMGR: creating guidance session with uuid: '8b0466d1-b48b-4496-a059-4e07e97162e4' and name 'v++_link_binary_container_1'
Wed May  6 11:46:11 2026: SYSTEM_DIAGRAM: creating session with uuid: '8b0466d1-b48b-4496-a059-4e07e97162e4' and name 'v++_link_binary_container_1'
Wed May  6 11:46:33 2026: Dispatch Server: Accepted socket connection from client
Wed May  6 11:46:33 2026: Starting Socket connection
Wed May  6 11:46:40 2026: Dispatch Server: Accepted socket connection from client
Wed May  6 11:46:40 2026: Starting Socket connection
Wed May  6 11:48:05 2026: Dispatch Server: Accepted socket connection from client
Wed May  6 11:48:05 2026: Starting Socket connection
Wed May  6 11:56:49 2026: Dispatch Server: Accepted socket connection from client
Wed May  6 11:56:49 2026: Starting Socket connection
Wed May  6 12:08:05 2026: Dispatch Server: Accepted socket connection from client
Wed May  6 12:08:05 2026: Starting Socket connection
Wed May  6 12:09:12 2026: Dispatch Server: Accepted socket connection from client
Wed May  6 12:09:12 2026: Starting Socket connection
Wed May  6 12:20:03 2026: SESSION_MGR: closing session for UUID '8b0466d1-b48b-4496-a059-4e07e97162e4' with name 'v++_link_binary_container_1'
Wed May  6 12:20:03 2026: KERNEL_SVC: closing session for UUID '8b0466d1-b48b-4496-a059-4e07e97162e4' with name 'v++_link_binary_container_1'
Wed May  6 12:20:03 2026: GUIDANCE_SMGR: closing session for UUID '8b0466d1-b48b-4496-a059-4e07e97162e4' with name 'v++_link_binary_container_1'
Wed May  6 12:20:03 2026: SYSTEM_DIAGRAM: closing session for UUID '8b0466d1-b48b-4496-a059-4e07e97162e4' with name 'v++_link_binary_container_1'
Wed May  6 12:20:03 2026: STOP_SERVER received, server token: 6ad04737-3e6b-4e9c-bf74-87c70767897f, passed token: 6ad04737-3e6b-4e9c-bf74-87c70767897f
Wed May  6 12:20:03 2026: DISPATCH_HANDLER: 2 connections are active. Stop request denied.
Wed May  6 12:24:52 2026: Running xcd server. This server was built by gradle.
Wed May  6 12:24:52 2026: Server was asked to start on port: '33617'
Wed May  6 12:24:52 2026: Server is using token UUID: '0eb7561a-4f5b-4af8-9c6f-82430256263f'
Wed May  6 12:24:52 2026: SESSION_MGR: creating session with session uuid: '6d04a3e9-ade5-4ab9-8d63-1f78fcd2ec76' and name 'default'
Wed May  6 12:24:52 2026: Attempting to start server on port '33617'
Wed May  6 12:24:52 2026: XCD main fifo: created main fifo '/tmp/xcdmain0eb7561a-4f5b-4af8-9c6f-82430256263f', fd read = 12
Wed May  6 12:24:52 2026: Running Dispatch Server
Wed May  6 12:24:52 2026: Version 2.2.0
Wed May  6 12:24:53 2026: Dispatch Server: Accepted socket connection from client
Wed May  6 12:24:53 2026: Starting Socket connection
Wed May  6 12:24:53 2026: EXCHANGE_TOKEN received, server token: 0eb7561a-4f5b-4af8-9c6f-82430256263f, passed token: 0eb7561a-4f5b-4af8-9c6f-82430256263f
Wed May  6 12:24:53 2026: DISPATCH_HANDLER: Adding handler from function makeHandler in library libxv_system_diagram
Wed May  6 12:24:53 2026: SESSION_MGR: creating session with session uuid: 'd08a5ff3-a908-4e98-9d45-cd37dd17f689' and name 'v++_link_binary_container_1'
Wed May  6 12:24:53 2026: KERNEL_SVC: creating session with uuid: 'd08a5ff3-a908-4e98-9d45-cd37dd17f689' and name 'v++_link_binary_container_1'
Wed May  6 12:24:53 2026: GUIDANCE_SMGR: creating guidance session with uuid: 'd08a5ff3-a908-4e98-9d45-cd37dd17f689' and name 'v++_link_binary_container_1'
Wed May  6 12:24:53 2026: SYSTEM_DIAGRAM: creating session with uuid: 'd08a5ff3-a908-4e98-9d45-cd37dd17f689' and name 'v++_link_binary_container_1'
Wed May  6 12:25:11 2026: Dispatch Server: Accepted socket connection from client
Wed May  6 12:25:11 2026: Starting Socket connection
Wed May  6 12:25:17 2026: Dispatch Server: Accepted socket connection from client
Wed May  6 12:25:17 2026: Starting Socket connection
Wed May  6 12:26:43 2026: Dispatch Server: Accepted socket connection from client
Wed May  6 12:26:43 2026: Starting Socket connection
Wed May  6 12:27:51 2026: Dispatch Server: Accepted socket connection from client
Wed May  6 12:27:51 2026: Starting Socket connection
Wed May  6 12:46:48 2026: Running xcd server. This server was built by gradle.
Wed May  6 12:46:48 2026: Server was asked to start on port: '38277'
Wed May  6 12:46:48 2026: Server is using token UUID: '97936bbb-7ac1-4ee5-8e06-cee31af46a1d'
Wed May  6 12:46:48 2026: SESSION_MGR: creating session with session uuid: '6d04a3e9-ade5-4ab9-8d63-1f78fcd2ec76' and name 'default'
Wed May  6 12:46:48 2026: Attempting to start server on port '38277'
Wed May  6 12:46:48 2026: XCD main fifo: created main fifo '/tmp/xcdmain97936bbb-7ac1-4ee5-8e06-cee31af46a1d', fd read = 12
Wed May  6 12:46:48 2026: Running Dispatch Server
Wed May  6 12:46:48 2026: Version 2.2.0
Wed May  6 12:46:50 2026: Dispatch Server: Accepted socket connection from client
Wed May  6 12:46:50 2026: Starting Socket connection
Wed May  6 12:46:50 2026: EXCHANGE_TOKEN received, server token: 97936bbb-7ac1-4ee5-8e06-cee31af46a1d, passed token: 97936bbb-7ac1-4ee5-8e06-cee31af46a1d
Wed May  6 12:46:50 2026: DISPATCH_HANDLER: Adding handler from function makeHandler in library libxv_system_diagram
Wed May  6 12:46:50 2026: SESSION_MGR: creating session with session uuid: 'c9bfca3e-be08-4cf2-a0a5-a71f3519f06e' and name 'v++_link_binary_container_1'
Wed May  6 12:46:50 2026: KERNEL_SVC: creating session with uuid: 'c9bfca3e-be08-4cf2-a0a5-a71f3519f06e' and name 'v++_link_binary_container_1'
Wed May  6 12:46:50 2026: GUIDANCE_SMGR: creating guidance session with uuid: 'c9bfca3e-be08-4cf2-a0a5-a71f3519f06e' and name 'v++_link_binary_container_1'
Wed May  6 12:46:50 2026: SYSTEM_DIAGRAM: creating session with uuid: 'c9bfca3e-be08-4cf2-a0a5-a71f3519f06e' and name 'v++_link_binary_container_1'
Wed May  6 12:47:08 2026: Dispatch Server: Accepted socket connection from client
Wed May  6 12:47:08 2026: Starting Socket connection
Wed May  6 12:47:14 2026: Dispatch Server: Accepted socket connection from client
Wed May  6 12:47:14 2026: Starting Socket connection
Wed May  6 12:48:40 2026: Dispatch Server: Accepted socket connection from client
Wed May  6 12:48:40 2026: Starting Socket connection
Wed May  6 12:49:48 2026: Dispatch Server: Accepted socket connection from client
Wed May  6 12:49:48 2026: Starting Socket connection
Wed May  6 13:35:57 2026: Running xcd server. This server was built by gradle.
Wed May  6 13:35:57 2026: Server was asked to start on port: '40623'
Wed May  6 13:35:57 2026: Server is using token UUID: '8ad1e038-5bf5-4fd0-9a2d-8fdd85593fdd'
Wed May  6 13:35:57 2026: SESSION_MGR: creating session with session uuid: '6d04a3e9-ade5-4ab9-8d63-1f78fcd2ec76' and name 'default'
Wed May  6 13:35:57 2026: Attempting to start server on port '40623'
Wed May  6 13:35:57 2026: XCD main fifo: created main fifo '/tmp/xcdmain8ad1e038-5bf5-4fd0-9a2d-8fdd85593fdd', fd read = 12
Wed May  6 13:35:57 2026: Running Dispatch Server
Wed May  6 13:35:57 2026: Version 2.2.0
Wed May  6 13:35:58 2026: Dispatch Server: Accepted socket connection from client
Wed May  6 13:35:58 2026: Starting Socket connection
Wed May  6 13:35:58 2026: EXCHANGE_TOKEN received, server token: 8ad1e038-5bf5-4fd0-9a2d-8fdd85593fdd, passed token: 8ad1e038-5bf5-4fd0-9a2d-8fdd85593fdd
Wed May  6 13:35:58 2026: DISPATCH_HANDLER: Adding handler from function makeHandler in library libxv_system_diagram
Wed May  6 13:35:58 2026: SESSION_MGR: creating session with session uuid: '0ab95c03-199b-420a-9b1e-edec70e7a4d9' and name 'v++_link_binary_container_1'
Wed May  6 13:35:58 2026: KERNEL_SVC: creating session with uuid: '0ab95c03-199b-420a-9b1e-edec70e7a4d9' and name 'v++_link_binary_container_1'
Wed May  6 13:35:58 2026: GUIDANCE_SMGR: creating guidance session with uuid: '0ab95c03-199b-420a-9b1e-edec70e7a4d9' and name 'v++_link_binary_container_1'
Wed May  6 13:35:58 2026: SYSTEM_DIAGRAM: creating session with uuid: '0ab95c03-199b-420a-9b1e-edec70e7a4d9' and name 'v++_link_binary_container_1'
Wed May  6 13:36:16 2026: Dispatch Server: Accepted socket connection from client
Wed May  6 13:36:16 2026: Starting Socket connection
Wed May  6 13:36:22 2026: Dispatch Server: Accepted socket connection from client
Wed May  6 13:36:22 2026: Starting Socket connection
Wed May  6 13:37:50 2026: Dispatch Server: Accepted socket connection from client
Wed May  6 13:37:50 2026: Starting Socket connection
Wed May  6 13:38:56 2026: Dispatch Server: Accepted socket connection from client
Wed May  6 13:38:56 2026: Starting Socket connection
Wed May  6 17:01:57 2026: SESSION_MGR: closing session for UUID '0ab95c03-199b-420a-9b1e-edec70e7a4d9' with name 'v++_link_binary_container_1'
Wed May  6 17:01:57 2026: KERNEL_SVC: closing session for UUID '0ab95c03-199b-420a-9b1e-edec70e7a4d9' with name 'v++_link_binary_container_1'
Wed May  6 17:01:57 2026: GUIDANCE_SMGR: closing session for UUID '0ab95c03-199b-420a-9b1e-edec70e7a4d9' with name 'v++_link_binary_container_1'
Wed May  6 17:01:57 2026: SYSTEM_DIAGRAM: closing session for UUID '0ab95c03-199b-420a-9b1e-edec70e7a4d9' with name 'v++_link_binary_container_1'
Wed May  6 17:01:57 2026: STOP_SERVER received, server token: 8ad1e038-5bf5-4fd0-9a2d-8fdd85593fdd, passed token: 8ad1e038-5bf5-4fd0-9a2d-8fdd85593fdd
Wed May  6 17:01:57 2026: DISPATCH_HANDLER: 2 connections are active. Stop request denied.
Wed May  6 17:02:10 2026: Running xcd server. This server was built by gradle.
Wed May  6 17:02:10 2026: Server was asked to start on port: '38459'
Wed May  6 17:02:10 2026: Server is using token UUID: '35365a72-4899-49d2-96f8-069ea0f50828'
Wed May  6 17:02:10 2026: SESSION_MGR: creating session with session uuid: '6d04a3e9-ade5-4ab9-8d63-1f78fcd2ec76' and name 'default'
Wed May  6 17:02:10 2026: Attempting to start server on port '38459'
Wed May  6 17:02:10 2026: XCD main fifo: created main fifo '/tmp/xcdmain35365a72-4899-49d2-96f8-069ea0f50828', fd read = 13
Wed May  6 17:02:10 2026: Running Dispatch Server
Wed May  6 17:02:10 2026: Version 2.2.0
Wed May  6 17:02:11 2026: Dispatch Server: Accepted socket connection from client
Wed May  6 17:02:11 2026: Starting Socket connection
Wed May  6 17:02:11 2026: EXCHANGE_TOKEN received, server token: 35365a72-4899-49d2-96f8-069ea0f50828, passed token: 35365a72-4899-49d2-96f8-069ea0f50828
Wed May  6 17:02:12 2026: DISPATCH_HANDLER: Adding handler from function makeHandler in library libxv_system_diagram
Wed May  6 17:02:12 2026: SESSION_MGR: creating session with session uuid: 'aa5d3eac-b692-473a-9f82-6d2669c03aec' and name 'v++_package_dpu'
Wed May  6 17:02:12 2026: KERNEL_SVC: creating session with uuid: 'aa5d3eac-b692-473a-9f82-6d2669c03aec' and name 'v++_package_dpu'
Wed May  6 17:02:12 2026: GUIDANCE_SMGR: creating guidance session with uuid: 'aa5d3eac-b692-473a-9f82-6d2669c03aec' and name 'v++_package_dpu'
Wed May  6 17:02:12 2026: SYSTEM_DIAGRAM: creating session with uuid: 'aa5d3eac-b692-473a-9f82-6d2669c03aec' and name 'v++_package_dpu'
Wed May  6 17:02:31 2026: SESSION_MGR: closing session for UUID 'aa5d3eac-b692-473a-9f82-6d2669c03aec' with name 'v++_package_dpu'
Wed May  6 17:02:31 2026: KERNEL_SVC: closing session for UUID 'aa5d3eac-b692-473a-9f82-6d2669c03aec' with name 'v++_package_dpu'
Wed May  6 17:02:31 2026: GUIDANCE_SMGR: closing session for UUID 'aa5d3eac-b692-473a-9f82-6d2669c03aec' with name 'v++_package_dpu'
Wed May  6 17:02:31 2026: SYSTEM_DIAGRAM: closing session for UUID 'aa5d3eac-b692-473a-9f82-6d2669c03aec' with name 'v++_package_dpu'
Wed May  6 17:02:31 2026: STOP_SERVER received, server token: 35365a72-4899-49d2-96f8-069ea0f50828, passed token: 35365a72-4899-49d2-96f8-069ea0f50828
Wed May  6 17:02:31 2026: Socket received request to stop server.
Wed May  6 17:02:31 2026: Dispatch Server: do_await_stop
Wed May  6 17:02:31 2026: Dispatch Server: stopping mainFifo_
Wed May  6 17:02:31 2026: XCD main fifo: Stopping
Wed May  6 17:02:31 2026: XCD main fifo: do_read error code: Operation canceled
Wed May  6 17:02:31 2026: XCD main fifo: bytes_transferred: 0
Wed May  6 17:02:31 2026: SERVER: destructor for server bound to port 38459
Wed May  6 17:02:31 2026: XCD main fifo: Good unlink of /tmp/xcdmain35365a72-4899-49d2-96f8-069ea0f50828
Wed May  6 17:02:31 2026: Server exiting with status 0.
Wed May  6 17:02:31 2026: Closing log file.
Thu May 14 13:14:07 2026: Running xcd server. This server was built by gradle.
Thu May 14 13:14:07 2026: Server was asked to start on port: '37485'
Thu May 14 13:14:07 2026: Server is using token UUID: '2c77f43b-4239-4f8f-8b31-2ab31c751704'
Thu May 14 13:14:07 2026: SESSION_MGR: creating session with session uuid: '6d04a3e9-ade5-4ab9-8d63-1f78fcd2ec76' and name 'default'
Thu May 14 13:14:07 2026: Attempting to start server on port '37485'
Thu May 14 13:14:07 2026: XCD main fifo: created main fifo '/tmp/xcdmain2c77f43b-4239-4f8f-8b31-2ab31c751704', fd read = 12
Thu May 14 13:14:07 2026: Running Dispatch Server
Thu May 14 13:14:07 2026: Version 2.2.0
Thu May 14 13:14:08 2026: Dispatch Server: Accepted socket connection from client
Thu May 14 13:14:08 2026: Starting Socket connection
Thu May 14 13:14:08 2026: EXCHANGE_TOKEN received, server token: 2c77f43b-4239-4f8f-8b31-2ab31c751704, passed token: 2c77f43b-4239-4f8f-8b31-2ab31c751704
Thu May 14 13:14:08 2026: DISPATCH_HANDLER: Adding handler from function makeHandler in library libxv_system_diagram
Thu May 14 13:14:08 2026: SESSION_MGR: creating session with session uuid: 'f0561460-9911-41ce-86cb-adf1d61970c5' and name 'v++_link_binary_container_1'
Thu May 14 13:14:08 2026: KERNEL_SVC: creating session with uuid: 'f0561460-9911-41ce-86cb-adf1d61970c5' and name 'v++_link_binary_container_1'
Thu May 14 13:14:08 2026: GUIDANCE_SMGR: creating guidance session with uuid: 'f0561460-9911-41ce-86cb-adf1d61970c5' and name 'v++_link_binary_container_1'
Thu May 14 13:14:08 2026: SYSTEM_DIAGRAM: creating session with uuid: 'f0561460-9911-41ce-86cb-adf1d61970c5' and name 'v++_link_binary_container_1'
Thu May 14 13:14:30 2026: Dispatch Server: Accepted socket connection from client
Thu May 14 13:14:30 2026: Starting Socket connection
Thu May 14 13:14:38 2026: Dispatch Server: Accepted socket connection from client
Thu May 14 13:14:38 2026: Starting Socket connection
Thu May 14 13:16:18 2026: Dispatch Server: Accepted socket connection from client
Thu May 14 13:16:18 2026: Starting Socket connection
Thu May 14 13:17:37 2026: Dispatch Server: Accepted socket connection from client
Thu May 14 13:17:37 2026: Starting Socket connection
Thu May 14 17:17:29 2026: SESSION_MGR: closing session for UUID 'f0561460-9911-41ce-86cb-adf1d61970c5' with name 'v++_link_binary_container_1'
Thu May 14 17:17:29 2026: KERNEL_SVC: closing session for UUID 'f0561460-9911-41ce-86cb-adf1d61970c5' with name 'v++_link_binary_container_1'
Thu May 14 17:17:29 2026: GUIDANCE_SMGR: closing session for UUID 'f0561460-9911-41ce-86cb-adf1d61970c5' with name 'v++_link_binary_container_1'
Thu May 14 17:17:29 2026: SYSTEM_DIAGRAM: closing session for UUID 'f0561460-9911-41ce-86cb-adf1d61970c5' with name 'v++_link_binary_container_1'
Thu May 14 17:17:29 2026: STOP_SERVER received, server token: 2c77f43b-4239-4f8f-8b31-2ab31c751704, passed token: 2c77f43b-4239-4f8f-8b31-2ab31c751704
Thu May 14 17:17:29 2026: DISPATCH_HANDLER: 2 connections are active. Stop request denied.
Thu May 14 17:17:42 2026: Running xcd server. This server was built by gradle.
Thu May 14 17:17:42 2026: Server was asked to start on port: '33433'
Thu May 14 17:17:42 2026: Server is using token UUID: '0832d155-9c3f-4bc3-aa34-c5c15e61ac74'
Thu May 14 17:17:42 2026: SESSION_MGR: creating session with session uuid: '6d04a3e9-ade5-4ab9-8d63-1f78fcd2ec76' and name 'default'
Thu May 14 17:17:42 2026: Attempting to start server on port '33433'
Thu May 14 17:17:42 2026: XCD main fifo: created main fifo '/tmp/xcdmain0832d155-9c3f-4bc3-aa34-c5c15e61ac74', fd read = 13
Thu May 14 17:17:42 2026: Running Dispatch Server
Thu May 14 17:17:42 2026: Version 2.2.0
Thu May 14 17:17:43 2026: Dispatch Server: Accepted socket connection from client
Thu May 14 17:17:43 2026: Starting Socket connection
Thu May 14 17:17:43 2026: EXCHANGE_TOKEN received, server token: 0832d155-9c3f-4bc3-aa34-c5c15e61ac74, passed token: 0832d155-9c3f-4bc3-aa34-c5c15e61ac74
Thu May 14 17:17:44 2026: DISPATCH_HANDLER: Adding handler from function makeHandler in library libxv_system_diagram
Thu May 14 17:17:44 2026: SESSION_MGR: creating session with session uuid: '079f8960-75bc-4d8e-abae-0682f1ff8df8' and name 'v++_package_dpu'
Thu May 14 17:17:44 2026: KERNEL_SVC: creating session with uuid: '079f8960-75bc-4d8e-abae-0682f1ff8df8' and name 'v++_package_dpu'
Thu May 14 17:17:44 2026: GUIDANCE_SMGR: creating guidance session with uuid: '079f8960-75bc-4d8e-abae-0682f1ff8df8' and name 'v++_package_dpu'
Thu May 14 17:17:44 2026: SYSTEM_DIAGRAM: creating session with uuid: '079f8960-75bc-4d8e-abae-0682f1ff8df8' and name 'v++_package_dpu'
Thu May 14 17:18:19 2026: SESSION_MGR: closing session for UUID '079f8960-75bc-4d8e-abae-0682f1ff8df8' with name 'v++_package_dpu'
Thu May 14 17:18:19 2026: KERNEL_SVC: closing session for UUID '079f8960-75bc-4d8e-abae-0682f1ff8df8' with name 'v++_package_dpu'
Thu May 14 17:18:19 2026: GUIDANCE_SMGR: closing session for UUID '079f8960-75bc-4d8e-abae-0682f1ff8df8' with name 'v++_package_dpu'
Thu May 14 17:18:19 2026: SYSTEM_DIAGRAM: closing session for UUID '079f8960-75bc-4d8e-abae-0682f1ff8df8' with name 'v++_package_dpu'
Thu May 14 17:18:19 2026: STOP_SERVER received, server token: 0832d155-9c3f-4bc3-aa34-c5c15e61ac74, passed token: 0832d155-9c3f-4bc3-aa34-c5c15e61ac74
Thu May 14 17:18:19 2026: Socket received request to stop server.
Thu May 14 17:18:19 2026: Dispatch Server: do_await_stop
Thu May 14 17:18:19 2026: Dispatch Server: stopping mainFifo_
Thu May 14 17:18:19 2026: XCD main fifo: Stopping
Thu May 14 17:18:19 2026: XCD main fifo: do_read error code: Operation canceled
Thu May 14 17:18:19 2026: XCD main fifo: bytes_transferred: 0
Thu May 14 17:18:19 2026: SERVER: destructor for server bound to port 33433
Thu May 14 17:18:19 2026: XCD main fifo: Good unlink of /tmp/xcdmain0832d155-9c3f-4bc3-aa34-c5c15e61ac74
Thu May 14 17:18:19 2026: Server exiting with status 0.
Thu May 14 17:18:19 2026: Closing log file.
Thu May 14 18:37:50 2026: Running xcd server. This server was built by gradle.
Thu May 14 18:37:50 2026: Server was asked to start on port: '32925'
Thu May 14 18:37:50 2026: Server is using token UUID: '863842ae-f4f9-4f93-a340-e0db62d7e6db'
Thu May 14 18:37:50 2026: SESSION_MGR: creating session with session uuid: '6d04a3e9-ade5-4ab9-8d63-1f78fcd2ec76' and name 'default'
Thu May 14 18:37:50 2026: Attempting to start server on port '32925'
Thu May 14 18:37:50 2026: XCD main fifo: created main fifo '/tmp/xcdmain863842ae-f4f9-4f93-a340-e0db62d7e6db', fd read = 13
Thu May 14 18:37:50 2026: Running Dispatch Server
Thu May 14 18:37:50 2026: Version 2.2.0
Thu May 14 18:37:51 2026: Dispatch Server: Accepted socket connection from client
Thu May 14 18:37:51 2026: Starting Socket connection
Thu May 14 18:37:51 2026: EXCHANGE_TOKEN received, server token: 863842ae-f4f9-4f93-a340-e0db62d7e6db, passed token: 863842ae-f4f9-4f93-a340-e0db62d7e6db
Thu May 14 18:37:51 2026: DISPATCH_HANDLER: Adding handler from function makeHandler in library libxv_system_diagram
Thu May 14 18:37:51 2026: SESSION_MGR: creating session with session uuid: '9fa882fa-5974-46c3-8091-0d52c59e54fa' and name 'v++_link_binary_container_1'
Thu May 14 18:37:51 2026: KERNEL_SVC: creating session with uuid: '9fa882fa-5974-46c3-8091-0d52c59e54fa' and name 'v++_link_binary_container_1'
Thu May 14 18:37:51 2026: GUIDANCE_SMGR: creating guidance session with uuid: '9fa882fa-5974-46c3-8091-0d52c59e54fa' and name 'v++_link_binary_container_1'
Thu May 14 18:37:51 2026: SYSTEM_DIAGRAM: creating session with uuid: '9fa882fa-5974-46c3-8091-0d52c59e54fa' and name 'v++_link_binary_container_1'
Thu May 14 18:38:14 2026: Dispatch Server: Accepted socket connection from client
Thu May 14 18:38:14 2026: Starting Socket connection
Thu May 14 18:38:22 2026: Dispatch Server: Accepted socket connection from client
Thu May 14 18:38:22 2026: Starting Socket connection
Thu May 14 18:40:06 2026: Dispatch Server: Accepted socket connection from client
Thu May 14 18:40:06 2026: Starting Socket connection
Thu May 14 18:41:30 2026: Dispatch Server: Accepted socket connection from client
Thu May 14 18:41:30 2026: Starting Socket connection
Fri May 15 10:03:23 2026: Running xcd server. This server was built by gradle.
Fri May 15 10:03:23 2026: Server was asked to start on port: '33311'
Fri May 15 10:03:23 2026: Server is using token UUID: '072a6ac5-35c6-4957-812a-d5d3c6cfc6ab'
Fri May 15 10:03:23 2026: SESSION_MGR: creating session with session uuid: '6d04a3e9-ade5-4ab9-8d63-1f78fcd2ec76' and name 'default'
Fri May 15 10:03:23 2026: Attempting to start server on port '33311'
Fri May 15 10:03:23 2026: XCD main fifo: created main fifo '/tmp/xcdmain072a6ac5-35c6-4957-812a-d5d3c6cfc6ab', fd read = 12
Fri May 15 10:03:23 2026: Running Dispatch Server
Fri May 15 10:03:23 2026: Version 2.2.0
Fri May 15 10:03:25 2026: Dispatch Server: Accepted socket connection from client
Fri May 15 10:03:25 2026: Starting Socket connection
Fri May 15 10:03:25 2026: EXCHANGE_TOKEN received, server token: 072a6ac5-35c6-4957-812a-d5d3c6cfc6ab, passed token: 072a6ac5-35c6-4957-812a-d5d3c6cfc6ab
Fri May 15 10:03:25 2026: DISPATCH_HANDLER: Adding handler from function makeHandler in library libxv_system_diagram
Fri May 15 10:03:25 2026: SESSION_MGR: creating session with session uuid: '21609e93-f8c7-4735-ba94-f40a8e57f3b9' and name 'v++_link_binary_container_1'
Fri May 15 10:03:25 2026: KERNEL_SVC: creating session with uuid: '21609e93-f8c7-4735-ba94-f40a8e57f3b9' and name 'v++_link_binary_container_1'
Fri May 15 10:03:25 2026: GUIDANCE_SMGR: creating guidance session with uuid: '21609e93-f8c7-4735-ba94-f40a8e57f3b9' and name 'v++_link_binary_container_1'
Fri May 15 10:03:25 2026: SYSTEM_DIAGRAM: creating session with uuid: '21609e93-f8c7-4735-ba94-f40a8e57f3b9' and name 'v++_link_binary_container_1'
Fri May 15 10:03:44 2026: Dispatch Server: Accepted socket connection from client
Fri May 15 10:03:44 2026: Starting Socket connection
Fri May 15 10:03:50 2026: Dispatch Server: Accepted socket connection from client
Fri May 15 10:03:50 2026: Starting Socket connection
Fri May 15 10:05:14 2026: Dispatch Server: Accepted socket connection from client
Fri May 15 10:05:14 2026: Starting Socket connection
Fri May 15 10:06:16 2026: Dispatch Server: Accepted socket connection from client
Fri May 15 10:06:16 2026: Starting Socket connection
Fri May 15 13:15:38 2026: SESSION_MGR: closing session for UUID '21609e93-f8c7-4735-ba94-f40a8e57f3b9' with name 'v++_link_binary_container_1'
Fri May 15 13:15:38 2026: KERNEL_SVC: closing session for UUID '21609e93-f8c7-4735-ba94-f40a8e57f3b9' with name 'v++_link_binary_container_1'
Fri May 15 13:15:38 2026: GUIDANCE_SMGR: closing session for UUID '21609e93-f8c7-4735-ba94-f40a8e57f3b9' with name 'v++_link_binary_container_1'
Fri May 15 13:15:38 2026: SYSTEM_DIAGRAM: closing session for UUID '21609e93-f8c7-4735-ba94-f40a8e57f3b9' with name 'v++_link_binary_container_1'
Fri May 15 13:15:38 2026: STOP_SERVER received, server token: 072a6ac5-35c6-4957-812a-d5d3c6cfc6ab, passed token: 072a6ac5-35c6-4957-812a-d5d3c6cfc6ab
Fri May 15 13:15:38 2026: DISPATCH_HANDLER: 2 connections are active. Stop request denied.
Fri May 15 13:15:51 2026: Running xcd server. This server was built by gradle.
Fri May 15 13:15:51 2026: Server was asked to start on port: '33879'
Fri May 15 13:15:51 2026: Server is using token UUID: 'a96dc9c6-d612-44a4-8e81-2fc1a32ed6f9'
Fri May 15 13:15:51 2026: SESSION_MGR: creating session with session uuid: '6d04a3e9-ade5-4ab9-8d63-1f78fcd2ec76' and name 'default'
Fri May 15 13:15:51 2026: Attempting to start server on port '33879'
Fri May 15 13:15:51 2026: XCD main fifo: created main fifo '/tmp/xcdmaina96dc9c6-d612-44a4-8e81-2fc1a32ed6f9', fd read = 13
Fri May 15 13:15:51 2026: Running Dispatch Server
Fri May 15 13:15:51 2026: Version 2.2.0
Fri May 15 13:15:52 2026: Dispatch Server: Accepted socket connection from client
Fri May 15 13:15:52 2026: Starting Socket connection
Fri May 15 13:15:52 2026: EXCHANGE_TOKEN received, server token: a96dc9c6-d612-44a4-8e81-2fc1a32ed6f9, passed token: a96dc9c6-d612-44a4-8e81-2fc1a32ed6f9
Fri May 15 13:15:52 2026: DISPATCH_HANDLER: Adding handler from function makeHandler in library libxv_system_diagram
Fri May 15 13:15:52 2026: SESSION_MGR: creating session with session uuid: 'c1801a64-20b6-4137-86b3-95b9f8db1400' and name 'v++_package_dpu'
Fri May 15 13:15:52 2026: KERNEL_SVC: creating session with uuid: 'c1801a64-20b6-4137-86b3-95b9f8db1400' and name 'v++_package_dpu'
Fri May 15 13:15:52 2026: GUIDANCE_SMGR: creating guidance session with uuid: 'c1801a64-20b6-4137-86b3-95b9f8db1400' and name 'v++_package_dpu'
Fri May 15 13:15:52 2026: SYSTEM_DIAGRAM: creating session with uuid: 'c1801a64-20b6-4137-86b3-95b9f8db1400' and name 'v++_package_dpu'
Fri May 15 13:16:12 2026: SESSION_MGR: closing session for UUID 'c1801a64-20b6-4137-86b3-95b9f8db1400' with name 'v++_package_dpu'
Fri May 15 13:16:12 2026: KERNEL_SVC: closing session for UUID 'c1801a64-20b6-4137-86b3-95b9f8db1400' with name 'v++_package_dpu'
Fri May 15 13:16:12 2026: GUIDANCE_SMGR: closing session for UUID 'c1801a64-20b6-4137-86b3-95b9f8db1400' with name 'v++_package_dpu'
Fri May 15 13:16:12 2026: SYSTEM_DIAGRAM: closing session for UUID 'c1801a64-20b6-4137-86b3-95b9f8db1400' with name 'v++_package_dpu'
Fri May 15 13:16:12 2026: STOP_SERVER received, server token: a96dc9c6-d612-44a4-8e81-2fc1a32ed6f9, passed token: a96dc9c6-d612-44a4-8e81-2fc1a32ed6f9
Fri May 15 13:16:12 2026: Socket received request to stop server.
Fri May 15 13:16:12 2026: Dispatch Server: do_await_stop
Fri May 15 13:16:12 2026: Dispatch Server: stopping mainFifo_
Fri May 15 13:16:12 2026: XCD main fifo: Stopping
Fri May 15 13:16:12 2026: XCD main fifo: do_read error code: Operation canceled
Fri May 15 13:16:12 2026: XCD main fifo: bytes_transferred: 0
Fri May 15 13:16:12 2026: SERVER: destructor for server bound to port 33879
Fri May 15 13:16:12 2026: XCD main fifo: Good unlink of /tmp/xcdmaina96dc9c6-d612-44a4-8e81-2fc1a32ed6f9
Fri May 15 13:16:12 2026: Server exiting with status 0.
Fri May 15 13:16:12 2026: Closing log file.
Fri May 15 15:46:04 2026: Running xcd server. This server was built by gradle.
Fri May 15 15:46:04 2026: Server was asked to start on port: '34109'
Fri May 15 15:46:04 2026: Server is using token UUID: 'a6c66821-3fcd-4e72-bb49-912598124f94'
Fri May 15 15:46:04 2026: SESSION_MGR: creating session with session uuid: '6d04a3e9-ade5-4ab9-8d63-1f78fcd2ec76' and name 'default'
Fri May 15 15:46:04 2026: Attempting to start server on port '34109'
Fri May 15 15:46:04 2026: XCD main fifo: created main fifo '/tmp/xcdmaina6c66821-3fcd-4e72-bb49-912598124f94', fd read = 13
Fri May 15 15:46:04 2026: Running Dispatch Server
Fri May 15 15:46:04 2026: Version 2.2.0
Fri May 15 15:46:06 2026: Dispatch Server: Accepted socket connection from client
Fri May 15 15:46:06 2026: Starting Socket connection
Fri May 15 15:46:06 2026: EXCHANGE_TOKEN received, server token: a6c66821-3fcd-4e72-bb49-912598124f94, passed token: a6c66821-3fcd-4e72-bb49-912598124f94
Fri May 15 15:46:06 2026: DISPATCH_HANDLER: Adding handler from function makeHandler in library libxv_system_diagram
Fri May 15 15:46:06 2026: SESSION_MGR: creating session with session uuid: '2661386b-864f-4df0-9f5f-1b5b67841f18' and name 'v++_link_binary_container_1'
Fri May 15 15:46:06 2026: KERNEL_SVC: creating session with uuid: '2661386b-864f-4df0-9f5f-1b5b67841f18' and name 'v++_link_binary_container_1'
Fri May 15 15:46:06 2026: GUIDANCE_SMGR: creating guidance session with uuid: '2661386b-864f-4df0-9f5f-1b5b67841f18' and name 'v++_link_binary_container_1'
Fri May 15 15:46:06 2026: SYSTEM_DIAGRAM: creating session with uuid: '2661386b-864f-4df0-9f5f-1b5b67841f18' and name 'v++_link_binary_container_1'
Fri May 15 15:46:24 2026: Dispatch Server: Accepted socket connection from client
Fri May 15 15:46:24 2026: Starting Socket connection
Fri May 15 15:46:30 2026: Dispatch Server: Accepted socket connection from client
Fri May 15 15:46:30 2026: Starting Socket connection
Fri May 15 15:47:52 2026: Dispatch Server: Accepted socket connection from client
Fri May 15 15:47:52 2026: Starting Socket connection
Fri May 15 15:48:57 2026: Dispatch Server: Accepted socket connection from client
Fri May 15 15:48:57 2026: Starting Socket connection
Fri May 15 19:01:16 2026: SESSION_MGR: closing session for UUID '2661386b-864f-4df0-9f5f-1b5b67841f18' with name 'v++_link_binary_container_1'
Fri May 15 19:01:16 2026: KERNEL_SVC: closing session for UUID '2661386b-864f-4df0-9f5f-1b5b67841f18' with name 'v++_link_binary_container_1'
Fri May 15 19:01:16 2026: GUIDANCE_SMGR: closing session for UUID '2661386b-864f-4df0-9f5f-1b5b67841f18' with name 'v++_link_binary_container_1'
Fri May 15 19:01:16 2026: SYSTEM_DIAGRAM: closing session for UUID '2661386b-864f-4df0-9f5f-1b5b67841f18' with name 'v++_link_binary_container_1'
Fri May 15 19:01:16 2026: STOP_SERVER received, server token: a6c66821-3fcd-4e72-bb49-912598124f94, passed token: a6c66821-3fcd-4e72-bb49-912598124f94
Fri May 15 19:01:16 2026: DISPATCH_HANDLER: 2 connections are active. Stop request denied.
Fri May 15 19:01:29 2026: Running xcd server. This server was built by gradle.
Fri May 15 19:01:29 2026: Server was asked to start on port: '45803'
Fri May 15 19:01:29 2026: Server is using token UUID: '181b19cd-09e0-4ba2-8a5f-138808cfd867'
Fri May 15 19:01:29 2026: SESSION_MGR: creating session with session uuid: '6d04a3e9-ade5-4ab9-8d63-1f78fcd2ec76' and name 'default'
Fri May 15 19:01:29 2026: Attempting to start server on port '45803'
Fri May 15 19:01:29 2026: XCD main fifo: created main fifo '/tmp/xcdmain181b19cd-09e0-4ba2-8a5f-138808cfd867', fd read = 13
Fri May 15 19:01:29 2026: Running Dispatch Server
Fri May 15 19:01:29 2026: Version 2.2.0
Fri May 15 19:01:30 2026: Dispatch Server: Accepted socket connection from client
Fri May 15 19:01:30 2026: Starting Socket connection
Fri May 15 19:01:30 2026: EXCHANGE_TOKEN received, server token: 181b19cd-09e0-4ba2-8a5f-138808cfd867, passed token: 181b19cd-09e0-4ba2-8a5f-138808cfd867
Fri May 15 19:01:31 2026: DISPATCH_HANDLER: Adding handler from function makeHandler in library libxv_system_diagram
Fri May 15 19:01:31 2026: SESSION_MGR: creating session with session uuid: '3d167b6e-12d0-445d-9f36-582c1db87231' and name 'v++_package_dpu'
Fri May 15 19:01:31 2026: KERNEL_SVC: creating session with uuid: '3d167b6e-12d0-445d-9f36-582c1db87231' and name 'v++_package_dpu'
Fri May 15 19:01:31 2026: GUIDANCE_SMGR: creating guidance session with uuid: '3d167b6e-12d0-445d-9f36-582c1db87231' and name 'v++_package_dpu'
Fri May 15 19:01:31 2026: SYSTEM_DIAGRAM: creating session with uuid: '3d167b6e-12d0-445d-9f36-582c1db87231' and name 'v++_package_dpu'
Fri May 15 19:01:50 2026: SESSION_MGR: closing session for UUID '3d167b6e-12d0-445d-9f36-582c1db87231' with name 'v++_package_dpu'
Fri May 15 19:01:50 2026: KERNEL_SVC: closing session for UUID '3d167b6e-12d0-445d-9f36-582c1db87231' with name 'v++_package_dpu'
Fri May 15 19:01:50 2026: GUIDANCE_SMGR: closing session for UUID '3d167b6e-12d0-445d-9f36-582c1db87231' with name 'v++_package_dpu'
Fri May 15 19:01:50 2026: SYSTEM_DIAGRAM: closing session for UUID '3d167b6e-12d0-445d-9f36-582c1db87231' with name 'v++_package_dpu'
Fri May 15 19:01:50 2026: STOP_SERVER received, server token: 181b19cd-09e0-4ba2-8a5f-138808cfd867, passed token: 181b19cd-09e0-4ba2-8a5f-138808cfd867
Fri May 15 19:01:50 2026: Socket received request to stop server.
Fri May 15 19:01:50 2026: Dispatch Server: do_await_stop
Fri May 15 19:01:50 2026: Dispatch Server: stopping mainFifo_
Fri May 15 19:01:50 2026: XCD main fifo: Stopping
Fri May 15 19:01:50 2026: XCD main fifo: do_read error code: Operation canceled
Fri May 15 19:01:50 2026: XCD main fifo: bytes_transferred: 0
Fri May 15 19:01:50 2026: SERVER: destructor for server bound to port 45803
Fri May 15 19:01:50 2026: XCD main fifo: Good unlink of /tmp/xcdmain181b19cd-09e0-4ba2-8a5f-138808cfd867
Fri May 15 19:01:50 2026: Server exiting with status 0.
Fri May 15 19:01:50 2026: Closing log file.
Sat May 16 16:46:30 2026: Running xcd server. This server was built by gradle.
Sat May 16 16:46:30 2026: Server was asked to start on port: '43877'
Sat May 16 16:46:30 2026: Server is using token UUID: '20e52671-1d3f-4262-b10a-e3453f79987b'
Sat May 16 16:46:30 2026: SESSION_MGR: creating session with session uuid: '6d04a3e9-ade5-4ab9-8d63-1f78fcd2ec76' and name 'default'
Sat May 16 16:46:30 2026: Attempting to start server on port '43877'
Sat May 16 16:46:30 2026: XCD main fifo: created main fifo '/tmp/xcdmain20e52671-1d3f-4262-b10a-e3453f79987b', fd read = 12
Sat May 16 16:46:30 2026: Running Dispatch Server
Sat May 16 16:46:30 2026: Version 2.2.0
Sat May 16 16:46:32 2026: Dispatch Server: Accepted socket connection from client
Sat May 16 16:46:32 2026: Starting Socket connection
Sat May 16 16:46:32 2026: EXCHANGE_TOKEN received, server token: 20e52671-1d3f-4262-b10a-e3453f79987b, passed token: 20e52671-1d3f-4262-b10a-e3453f79987b
Sat May 16 16:46:32 2026: DISPATCH_HANDLER: Adding handler from function makeHandler in library libxv_system_diagram
Sat May 16 16:46:32 2026: SESSION_MGR: creating session with session uuid: '2ea7f760-9b2a-43bd-9922-84f20fc4ff19' and name 'v++_link_binary_container_1'
Sat May 16 16:46:32 2026: KERNEL_SVC: creating session with uuid: '2ea7f760-9b2a-43bd-9922-84f20fc4ff19' and name 'v++_link_binary_container_1'
Sat May 16 16:46:32 2026: GUIDANCE_SMGR: creating guidance session with uuid: '2ea7f760-9b2a-43bd-9922-84f20fc4ff19' and name 'v++_link_binary_container_1'
Sat May 16 16:46:32 2026: SYSTEM_DIAGRAM: creating session with uuid: '2ea7f760-9b2a-43bd-9922-84f20fc4ff19' and name 'v++_link_binary_container_1'
Sat May 16 16:46:54 2026: Dispatch Server: Accepted socket connection from client
Sat May 16 16:46:54 2026: Starting Socket connection
Sat May 16 16:47:02 2026: Dispatch Server: Accepted socket connection from client
Sat May 16 16:47:02 2026: Starting Socket connection
Sat May 16 16:48:37 2026: Dispatch Server: Accepted socket connection from client
Sat May 16 16:48:37 2026: Starting Socket connection
Sat May 16 16:49:45 2026: Dispatch Server: Accepted socket connection from client
Sat May 16 16:49:45 2026: Starting Socket connection
Sat May 16 20:02:27 2026: SESSION_MGR: closing session for UUID '2ea7f760-9b2a-43bd-9922-84f20fc4ff19' with name 'v++_link_binary_container_1'
Sat May 16 20:02:27 2026: KERNEL_SVC: closing session for UUID '2ea7f760-9b2a-43bd-9922-84f20fc4ff19' with name 'v++_link_binary_container_1'
Sat May 16 20:02:27 2026: GUIDANCE_SMGR: closing session for UUID '2ea7f760-9b2a-43bd-9922-84f20fc4ff19' with name 'v++_link_binary_container_1'
Sat May 16 20:02:27 2026: SYSTEM_DIAGRAM: closing session for UUID '2ea7f760-9b2a-43bd-9922-84f20fc4ff19' with name 'v++_link_binary_container_1'
Sat May 16 20:02:27 2026: STOP_SERVER received, server token: 20e52671-1d3f-4262-b10a-e3453f79987b, passed token: 20e52671-1d3f-4262-b10a-e3453f79987b
Sat May 16 20:02:27 2026: DISPATCH_HANDLER: 2 connections are active. Stop request denied.
Sat May 16 20:02:40 2026: Running xcd server. This server was built by gradle.
Sat May 16 20:02:40 2026: Server was asked to start on port: '46531'
Sat May 16 20:02:40 2026: Server is using token UUID: '17d951ec-4c03-41f1-bdae-cbe2d2366af8'
Sat May 16 20:02:40 2026: SESSION_MGR: creating session with session uuid: '6d04a3e9-ade5-4ab9-8d63-1f78fcd2ec76' and name 'default'
Sat May 16 20:02:40 2026: Attempting to start server on port '46531'
Sat May 16 20:02:40 2026: XCD main fifo: created main fifo '/tmp/xcdmain17d951ec-4c03-41f1-bdae-cbe2d2366af8', fd read = 13
Sat May 16 20:02:40 2026: Running Dispatch Server
Sat May 16 20:02:40 2026: Version 2.2.0
Sat May 16 20:02:41 2026: Dispatch Server: Accepted socket connection from client
Sat May 16 20:02:41 2026: Starting Socket connection
Sat May 16 20:02:41 2026: EXCHANGE_TOKEN received, server token: 17d951ec-4c03-41f1-bdae-cbe2d2366af8, passed token: 17d951ec-4c03-41f1-bdae-cbe2d2366af8
Sat May 16 20:02:41 2026: DISPATCH_HANDLER: Adding handler from function makeHandler in library libxv_system_diagram
Sat May 16 20:02:41 2026: SESSION_MGR: creating session with session uuid: 'f37b46bc-0428-4aba-a0cd-46f0afa1d7a3' and name 'v++_package_dpu'
Sat May 16 20:02:41 2026: KERNEL_SVC: creating session with uuid: 'f37b46bc-0428-4aba-a0cd-46f0afa1d7a3' and name 'v++_package_dpu'
Sat May 16 20:02:41 2026: GUIDANCE_SMGR: creating guidance session with uuid: 'f37b46bc-0428-4aba-a0cd-46f0afa1d7a3' and name 'v++_package_dpu'
Sat May 16 20:02:41 2026: SYSTEM_DIAGRAM: creating session with uuid: 'f37b46bc-0428-4aba-a0cd-46f0afa1d7a3' and name 'v++_package_dpu'
Sat May 16 20:03:03 2026: SESSION_MGR: closing session for UUID 'f37b46bc-0428-4aba-a0cd-46f0afa1d7a3' with name 'v++_package_dpu'
Sat May 16 20:03:03 2026: KERNEL_SVC: closing session for UUID 'f37b46bc-0428-4aba-a0cd-46f0afa1d7a3' with name 'v++_package_dpu'
Sat May 16 20:03:03 2026: GUIDANCE_SMGR: closing session for UUID 'f37b46bc-0428-4aba-a0cd-46f0afa1d7a3' with name 'v++_package_dpu'
Sat May 16 20:03:03 2026: SYSTEM_DIAGRAM: closing session for UUID 'f37b46bc-0428-4aba-a0cd-46f0afa1d7a3' with name 'v++_package_dpu'
Sat May 16 20:03:03 2026: STOP_SERVER received, server token: 17d951ec-4c03-41f1-bdae-cbe2d2366af8, passed token: 17d951ec-4c03-41f1-bdae-cbe2d2366af8
Sat May 16 20:03:03 2026: Socket received request to stop server.
Sat May 16 20:03:03 2026: Dispatch Server: do_await_stop
Sat May 16 20:03:03 2026: Dispatch Server: stopping mainFifo_
Sat May 16 20:03:03 2026: XCD main fifo: Stopping
Sat May 16 20:03:03 2026: XCD main fifo: do_read error code: Operation canceled
Sat May 16 20:03:03 2026: XCD main fifo: bytes_transferred: 0
Sat May 16 20:03:03 2026: SERVER: destructor for server bound to port 46531
Sat May 16 20:03:03 2026: XCD main fifo: Good unlink of /tmp/xcdmain17d951ec-4c03-41f1-bdae-cbe2d2366af8
Sat May 16 20:03:03 2026: Server exiting with status 0.
Sat May 16 20:03:03 2026: Closing log file.
Sun May 17 18:40:34 2026: Running xcd server. This server was built by gradle.
Sun May 17 18:40:34 2026: Server was asked to start on port: '36495'
Sun May 17 18:40:34 2026: Server is using token UUID: '5ed053e1-ec37-49d5-bfc9-e52714a17b98'
Sun May 17 18:40:34 2026: SESSION_MGR: creating session with session uuid: '6d04a3e9-ade5-4ab9-8d63-1f78fcd2ec76' and name 'default'
Sun May 17 18:40:34 2026: Attempting to start server on port '36495'
Sun May 17 18:40:34 2026: XCD main fifo: created main fifo '/tmp/xcdmain5ed053e1-ec37-49d5-bfc9-e52714a17b98', fd read = 12
Sun May 17 18:40:34 2026: Running Dispatch Server
Sun May 17 18:40:34 2026: Version 2.2.0
Sun May 17 18:40:35 2026: Dispatch Server: Accepted socket connection from client
Sun May 17 18:40:35 2026: Starting Socket connection
Sun May 17 18:40:35 2026: EXCHANGE_TOKEN received, server token: 5ed053e1-ec37-49d5-bfc9-e52714a17b98, passed token: 5ed053e1-ec37-49d5-bfc9-e52714a17b98
Sun May 17 18:40:36 2026: DISPATCH_HANDLER: Adding handler from function makeHandler in library libxv_system_diagram
Sun May 17 18:40:36 2026: SESSION_MGR: creating session with session uuid: '1596d14d-072d-428f-9b74-a2a4abc54296' and name 'v++_link_binary_container_1'
Sun May 17 18:40:36 2026: KERNEL_SVC: creating session with uuid: '1596d14d-072d-428f-9b74-a2a4abc54296' and name 'v++_link_binary_container_1'
Sun May 17 18:40:36 2026: GUIDANCE_SMGR: creating guidance session with uuid: '1596d14d-072d-428f-9b74-a2a4abc54296' and name 'v++_link_binary_container_1'
Sun May 17 18:40:36 2026: SYSTEM_DIAGRAM: creating session with uuid: '1596d14d-072d-428f-9b74-a2a4abc54296' and name 'v++_link_binary_container_1'
Sun May 17 18:40:53 2026: Dispatch Server: Accepted socket connection from client
Sun May 17 18:40:53 2026: Starting Socket connection
Sun May 17 18:40:59 2026: Dispatch Server: Accepted socket connection from client
Sun May 17 18:40:59 2026: Starting Socket connection
Sun May 17 18:42:21 2026: Dispatch Server: Accepted socket connection from client
Sun May 17 18:42:21 2026: Starting Socket connection
Sun May 17 18:43:26 2026: Dispatch Server: Accepted socket connection from client
Sun May 17 18:43:26 2026: Starting Socket connection
Sun May 17 21:55:52 2026: SESSION_MGR: closing session for UUID '1596d14d-072d-428f-9b74-a2a4abc54296' with name 'v++_link_binary_container_1'
Sun May 17 21:55:52 2026: KERNEL_SVC: closing session for UUID '1596d14d-072d-428f-9b74-a2a4abc54296' with name 'v++_link_binary_container_1'
Sun May 17 21:55:52 2026: GUIDANCE_SMGR: closing session for UUID '1596d14d-072d-428f-9b74-a2a4abc54296' with name 'v++_link_binary_container_1'
Sun May 17 21:55:52 2026: SYSTEM_DIAGRAM: closing session for UUID '1596d14d-072d-428f-9b74-a2a4abc54296' with name 'v++_link_binary_container_1'
Sun May 17 21:55:52 2026: STOP_SERVER received, server token: 5ed053e1-ec37-49d5-bfc9-e52714a17b98, passed token: 5ed053e1-ec37-49d5-bfc9-e52714a17b98
Sun May 17 21:55:52 2026: DISPATCH_HANDLER: 2 connections are active. Stop request denied.
Sun May 17 21:56:05 2026: Running xcd server. This server was built by gradle.
Sun May 17 21:56:05 2026: Server was asked to start on port: '42877'
Sun May 17 21:56:05 2026: Server is using token UUID: '039d2bb0-8a1a-47ef-8e98-06560ae112d5'
Sun May 17 21:56:05 2026: SESSION_MGR: creating session with session uuid: '6d04a3e9-ade5-4ab9-8d63-1f78fcd2ec76' and name 'default'
Sun May 17 21:56:05 2026: Attempting to start server on port '42877'
Sun May 17 21:56:05 2026: XCD main fifo: created main fifo '/tmp/xcdmain039d2bb0-8a1a-47ef-8e98-06560ae112d5', fd read = 13
Sun May 17 21:56:05 2026: Running Dispatch Server
Sun May 17 21:56:05 2026: Version 2.2.0
Sun May 17 21:56:07 2026: Dispatch Server: Accepted socket connection from client
Sun May 17 21:56:07 2026: Starting Socket connection
Sun May 17 21:56:07 2026: EXCHANGE_TOKEN received, server token: 039d2bb0-8a1a-47ef-8e98-06560ae112d5, passed token: 039d2bb0-8a1a-47ef-8e98-06560ae112d5
Sun May 17 21:56:07 2026: DISPATCH_HANDLER: Adding handler from function makeHandler in library libxv_system_diagram
Sun May 17 21:56:07 2026: SESSION_MGR: creating session with session uuid: '381e0540-acf3-4ced-8a73-ac362eebdd34' and name 'v++_package_dpu'
Sun May 17 21:56:07 2026: KERNEL_SVC: creating session with uuid: '381e0540-acf3-4ced-8a73-ac362eebdd34' and name 'v++_package_dpu'
Sun May 17 21:56:07 2026: GUIDANCE_SMGR: creating guidance session with uuid: '381e0540-acf3-4ced-8a73-ac362eebdd34' and name 'v++_package_dpu'
Sun May 17 21:56:07 2026: SYSTEM_DIAGRAM: creating session with uuid: '381e0540-acf3-4ced-8a73-ac362eebdd34' and name 'v++_package_dpu'
Sun May 17 21:56:27 2026: SESSION_MGR: closing session for UUID '381e0540-acf3-4ced-8a73-ac362eebdd34' with name 'v++_package_dpu'
Sun May 17 21:56:27 2026: KERNEL_SVC: closing session for UUID '381e0540-acf3-4ced-8a73-ac362eebdd34' with name 'v++_package_dpu'
Sun May 17 21:56:27 2026: GUIDANCE_SMGR: closing session for UUID '381e0540-acf3-4ced-8a73-ac362eebdd34' with name 'v++_package_dpu'
Sun May 17 21:56:27 2026: SYSTEM_DIAGRAM: closing session for UUID '381e0540-acf3-4ced-8a73-ac362eebdd34' with name 'v++_package_dpu'
Sun May 17 21:56:27 2026: STOP_SERVER received, server token: 039d2bb0-8a1a-47ef-8e98-06560ae112d5, passed token: 039d2bb0-8a1a-47ef-8e98-06560ae112d5
Sun May 17 21:56:27 2026: Socket received request to stop server.
Sun May 17 21:56:27 2026: Dispatch Server: do_await_stop
Sun May 17 21:56:27 2026: Dispatch Server: stopping mainFifo_
Sun May 17 21:56:27 2026: XCD main fifo: Stopping
Sun May 17 21:56:27 2026: XCD main fifo: do_read error code: Operation canceled
Sun May 17 21:56:27 2026: XCD main fifo: bytes_transferred: 0
Sun May 17 21:56:27 2026: SERVER: destructor for server bound to port 42877
Sun May 17 21:56:27 2026: XCD main fifo: Good unlink of /tmp/xcdmain039d2bb0-8a1a-47ef-8e98-06560ae112d5
Sun May 17 21:56:27 2026: Server exiting with status 0.
Sun May 17 21:56:27 2026: Closing log file.
Mon May 18 16:11:52 2026: Running xcd server. This server was built by gradle.
Mon May 18 16:11:52 2026: Server was asked to start on port: '38659'
Mon May 18 16:11:52 2026: Server is using token UUID: '56c91185-353c-4921-ab7b-61756550a9b9'
Mon May 18 16:11:52 2026: SESSION_MGR: creating session with session uuid: '6d04a3e9-ade5-4ab9-8d63-1f78fcd2ec76' and name 'default'
Mon May 18 16:11:52 2026: Attempting to start server on port '38659'
Mon May 18 16:11:52 2026: XCD main fifo: created main fifo '/tmp/xcdmain56c91185-353c-4921-ab7b-61756550a9b9', fd read = 12
Mon May 18 16:11:52 2026: Running Dispatch Server
Mon May 18 16:11:52 2026: Version 2.2.0
Mon May 18 16:11:53 2026: Dispatch Server: Accepted socket connection from client
Mon May 18 16:11:53 2026: Starting Socket connection
Mon May 18 16:11:53 2026: EXCHANGE_TOKEN received, server token: 56c91185-353c-4921-ab7b-61756550a9b9, passed token: 56c91185-353c-4921-ab7b-61756550a9b9
Mon May 18 16:11:53 2026: DISPATCH_HANDLER: Adding handler from function makeHandler in library libxv_system_diagram
Mon May 18 16:11:53 2026: SESSION_MGR: creating session with session uuid: '8ca8e9fd-deae-4cc0-9c5f-4a2de7f3578f' and name 'v++_link_binary_container_1'
Mon May 18 16:11:53 2026: KERNEL_SVC: creating session with uuid: '8ca8e9fd-deae-4cc0-9c5f-4a2de7f3578f' and name 'v++_link_binary_container_1'
Mon May 18 16:11:53 2026: GUIDANCE_SMGR: creating guidance session with uuid: '8ca8e9fd-deae-4cc0-9c5f-4a2de7f3578f' and name 'v++_link_binary_container_1'
Mon May 18 16:11:53 2026: SYSTEM_DIAGRAM: creating session with uuid: '8ca8e9fd-deae-4cc0-9c5f-4a2de7f3578f' and name 'v++_link_binary_container_1'
Mon May 18 16:12:15 2026: Dispatch Server: Accepted socket connection from client
Mon May 18 16:12:15 2026: Starting Socket connection
Mon May 18 16:12:22 2026: Dispatch Server: Accepted socket connection from client
Mon May 18 16:12:22 2026: Starting Socket connection
Mon May 18 16:13:59 2026: Dispatch Server: Accepted socket connection from client
Mon May 18 16:13:59 2026: Starting Socket connection
Mon May 18 16:15:18 2026: Dispatch Server: Accepted socket connection from client
Mon May 18 16:15:18 2026: Starting Socket connection
Mon May 18 20:14:53 2026: SESSION_MGR: closing session for UUID '8ca8e9fd-deae-4cc0-9c5f-4a2de7f3578f' with name 'v++_link_binary_container_1'
Mon May 18 20:14:53 2026: KERNEL_SVC: closing session for UUID '8ca8e9fd-deae-4cc0-9c5f-4a2de7f3578f' with name 'v++_link_binary_container_1'
Mon May 18 20:14:53 2026: GUIDANCE_SMGR: closing session for UUID '8ca8e9fd-deae-4cc0-9c5f-4a2de7f3578f' with name 'v++_link_binary_container_1'
Mon May 18 20:14:53 2026: SYSTEM_DIAGRAM: closing session for UUID '8ca8e9fd-deae-4cc0-9c5f-4a2de7f3578f' with name 'v++_link_binary_container_1'
Mon May 18 20:14:53 2026: STOP_SERVER received, server token: 56c91185-353c-4921-ab7b-61756550a9b9, passed token: 56c91185-353c-4921-ab7b-61756550a9b9
Mon May 18 20:14:53 2026: DISPATCH_HANDLER: 2 connections are active. Stop request denied.
Mon May 18 20:15:06 2026: Running xcd server. This server was built by gradle.
Mon May 18 20:15:06 2026: Server was asked to start on port: '35089'
Mon May 18 20:15:06 2026: Server is using token UUID: '250838b0-31ff-42ac-9dc6-04de6cf4910b'
Mon May 18 20:15:06 2026: SESSION_MGR: creating session with session uuid: '6d04a3e9-ade5-4ab9-8d63-1f78fcd2ec76' and name 'default'
Mon May 18 20:15:06 2026: Attempting to start server on port '35089'
Mon May 18 20:15:06 2026: XCD main fifo: created main fifo '/tmp/xcdmain250838b0-31ff-42ac-9dc6-04de6cf4910b', fd read = 13
Mon May 18 20:15:06 2026: Running Dispatch Server
Mon May 18 20:15:06 2026: Version 2.2.0
Mon May 18 20:15:07 2026: Dispatch Server: Accepted socket connection from client
Mon May 18 20:15:07 2026: Starting Socket connection
Mon May 18 20:15:07 2026: EXCHANGE_TOKEN received, server token: 250838b0-31ff-42ac-9dc6-04de6cf4910b, passed token: 250838b0-31ff-42ac-9dc6-04de6cf4910b
Mon May 18 20:15:08 2026: DISPATCH_HANDLER: Adding handler from function makeHandler in library libxv_system_diagram
Mon May 18 20:15:08 2026: SESSION_MGR: creating session with session uuid: 'a15a8dc1-27aa-44e4-ad46-641a45d8be02' and name 'v++_package_dpu'
Mon May 18 20:15:08 2026: KERNEL_SVC: creating session with uuid: 'a15a8dc1-27aa-44e4-ad46-641a45d8be02' and name 'v++_package_dpu'
Mon May 18 20:15:08 2026: GUIDANCE_SMGR: creating guidance session with uuid: 'a15a8dc1-27aa-44e4-ad46-641a45d8be02' and name 'v++_package_dpu'
Mon May 18 20:15:08 2026: SYSTEM_DIAGRAM: creating session with uuid: 'a15a8dc1-27aa-44e4-ad46-641a45d8be02' and name 'v++_package_dpu'
Mon May 18 20:15:30 2026: SESSION_MGR: closing session for UUID 'a15a8dc1-27aa-44e4-ad46-641a45d8be02' with name 'v++_package_dpu'
Mon May 18 20:15:30 2026: KERNEL_SVC: closing session for UUID 'a15a8dc1-27aa-44e4-ad46-641a45d8be02' with name 'v++_package_dpu'
Mon May 18 20:15:30 2026: GUIDANCE_SMGR: closing session for UUID 'a15a8dc1-27aa-44e4-ad46-641a45d8be02' with name 'v++_package_dpu'
Mon May 18 20:15:30 2026: SYSTEM_DIAGRAM: closing session for UUID 'a15a8dc1-27aa-44e4-ad46-641a45d8be02' with name 'v++_package_dpu'
Mon May 18 20:15:30 2026: STOP_SERVER received, server token: 250838b0-31ff-42ac-9dc6-04de6cf4910b, passed token: 250838b0-31ff-42ac-9dc6-04de6cf4910b
Mon May 18 20:15:30 2026: Socket received request to stop server.
Mon May 18 20:15:30 2026: Dispatch Server: do_await_stop
Mon May 18 20:15:30 2026: Dispatch Server: stopping mainFifo_
Mon May 18 20:15:30 2026: XCD main fifo: Stopping
Mon May 18 20:15:30 2026: XCD main fifo: do_read error code: Operation canceled
Mon May 18 20:15:30 2026: XCD main fifo: bytes_transferred: 0
Mon May 18 20:15:30 2026: SERVER: destructor for server bound to port 35089
Mon May 18 20:15:30 2026: XCD main fifo: Good unlink of /tmp/xcdmain250838b0-31ff-42ac-9dc6-04de6cf4910b
Mon May 18 20:15:30 2026: Server exiting with status 0.
Mon May 18 20:15:30 2026: Closing log file.
