WARNING: [v++ 60-2347] The file '/home/beta/P4P-CapsuleNetworkAccelerator/accel/app/CapsuleNetwork/build_flow/DPUCZDX8G_zcu102/syslink/strip_interconnects.tcl' specified on param 'compiler.userPostSysLinkOverlayTcl' doesn't exist, ignoring this setting
INFO: [v++ 60-1306] Additional information associated with this v++ link can be found at:
	Reports: /home/beta/P4P-CapsuleNetworkAccelerator/accel/app/CapsuleNetwork/build_flow/DPUCZDX8G_zcu102/binary_container_1/reports/link
	Log files: /home/beta/P4P-CapsuleNetworkAccelerator/accel/app/CapsuleNetwork/build_flow/DPUCZDX8G_zcu102/binary_container_1/logs/link
INFO: [v++ 60-1548] Creating build summary session with primary output /home/beta/P4P-CapsuleNetworkAccelerator/accel/app/CapsuleNetwork/build_flow/DPUCZDX8G_zcu102/binary_container_1/binary_container_1.xclbin.link_summary, at Wed May  6 08:55:33 2026
INFO: [v++ 60-1315] Creating rulecheck session with output '/home/beta/P4P-CapsuleNetworkAccelerator/accel/app/CapsuleNetwork/build_flow/DPUCZDX8G_zcu102/binary_container_1/reports/link/v++_link_binary_container_1_guidance.html', at Wed May  6 08:55:33 2026
INFO: [v++ 60-895]   Target platform: /home/beta/Downloads/zcu102/xilinx_zcu102_base/platform_repo/xilinx_zcu102_base_202210_1/export/xilinx_zcu102_base_202210_1/xilinx_zcu102_base_202210_1.xpfm
INFO: [v++ 60-1578]   This platform contains Xilinx Shell Archive '/home/beta/Downloads/zcu102/xilinx_zcu102_base/platform_repo/xilinx_zcu102_base_202210_1/export/xilinx_zcu102_base_202210_1/hw/hw.xsa'
INFO: [v++ 60-629] Linking for hardware target
INFO: [v++ 60-423]   Target device: xilinx_zcu102_base_202210_1
INFO: [v++ 60-1332] Run 'run_link' status: Not started
INFO: [v++ 60-1443] [08:55:34] Run run_link: Step system_link: Started
INFO: [v++ 60-1453] Command Line: system_link --xo /home/beta/P4P-CapsuleNetworkAccelerator/accel/app/CapsuleNetwork/build_flow/DPUCZDX8G_zcu102/binary_container_1/dpu.xo --xo /home/beta/P4P-CapsuleNetworkAccelerator/accel/lib/digit_caps_accel/pl/digitcaps_accel.xo -keep --config /home/beta/P4P-CapsuleNetworkAccelerator/accel/app/CapsuleNetwork/build_flow/DPUCZDX8G_zcu102/binary_container_1/link/int/syslinkConfig.ini --xpfm /home/beta/Downloads/zcu102/xilinx_zcu102_base/platform_repo/xilinx_zcu102_base_202210_1/export/xilinx_zcu102_base_202210_1/xilinx_zcu102_base_202210_1.xpfm --target hw --output_dir /home/beta/P4P-CapsuleNetworkAccelerator/accel/app/CapsuleNetwork/build_flow/DPUCZDX8G_zcu102/binary_container_1/link/int --temp_dir /home/beta/P4P-CapsuleNetworkAccelerator/accel/app/CapsuleNetwork/build_flow/DPUCZDX8G_zcu102/binary_container_1/link/sys_link
INFO: [v++ 60-1454] Run Directory: /home/beta/P4P-CapsuleNetworkAccelerator/accel/app/CapsuleNetwork/build_flow/DPUCZDX8G_zcu102/binary_container_1/link/run_link
INFO: [SYSTEM_LINK 82-70] Extracting xo v3 file /home/beta/P4P-CapsuleNetworkAccelerator/accel/app/CapsuleNetwork/build_flow/DPUCZDX8G_zcu102/binary_container_1/dpu.xo
INFO: [SYSTEM_LINK 82-70] Extracting xo v3 file /home/beta/P4P-CapsuleNetworkAccelerator/accel/lib/digit_caps_accel/pl/digitcaps_accel.xo
INFO: [SYSTEM_LINK 82-53] Creating IP database /home/beta/P4P-CapsuleNetworkAccelerator/accel/app/CapsuleNetwork/build_flow/DPUCZDX8G_zcu102/binary_container_1/link/sys_link/_sysl/.cdb/xd_ip_db.xml
INFO: [SYSTEM_LINK 82-38] [08:55:35] build_xd_ip_db started: /tools/Xilinx/Vitis/2024.1/bin/build_xd_ip_db -ip_search 0  -sds-pf /home/beta/P4P-CapsuleNetworkAccelerator/accel/app/CapsuleNetwork/build_flow/DPUCZDX8G_zcu102/binary_container_1/link/sys_link/hw.hpfm -clkid 0 -ip /home/beta/P4P-CapsuleNetworkAccelerator/accel/app/CapsuleNetwork/build_flow/DPUCZDX8G_zcu102/binary_container_1/link/sys_link/iprepo/xilinx_com_RTLKernel_DPUCZDX8G_1_0,DPUCZDX8G -ip /home/beta/P4P-CapsuleNetworkAccelerator/accel/app/CapsuleNetwork/build_flow/DPUCZDX8G_zcu102/binary_container_1/link/sys_link/iprepo/xilinx_com_hls_digitcaps_accel_1_0,digitcaps_accel -o /home/beta/P4P-CapsuleNetworkAccelerator/accel/app/CapsuleNetwork/build_flow/DPUCZDX8G_zcu102/binary_container_1/link/sys_link/_sysl/.cdb/xd_ip_db.xml
INFO: [SYSTEM_LINK 82-37] [08:55:42] build_xd_ip_db finished successfully
Time (s): cpu = 00:00:07 ; elapsed = 00:00:07 . Memory (MB): peak = 480.316 ; gain = 0.000 ; free physical = 1146 ; free virtual = 6323
INFO: [SYSTEM_LINK 82-51] Create system connectivity graph
INFO: [SYSTEM_LINK 82-102] Applying explicit connections to the system connectivity graph: /home/beta/P4P-CapsuleNetworkAccelerator/accel/app/CapsuleNetwork/build_flow/DPUCZDX8G_zcu102/binary_container_1/link/sys_link/cfgraph/cfgen_cfgraph.xml
INFO: [SYSTEM_LINK 82-38] [08:55:42] cfgen started: /tools/Xilinx/Vitis/2024.1/bin/cfgen  -nk DPUCZDX8G:1 -sp DPUCZDX8G_1.M_AXI_GP0:HPC0 -sp DPUCZDX8G_1.M_AXI_HP0:HP0 -sp DPUCZDX8G_1.M_AXI_HP2:HP1 -sp digitcaps_accel_1.input:HP0 -sp digitcaps_accel_1.weights:HP0 -sp digitcaps_accel_1.prediction:HP1 -clock.freqHz 300000000:DPUCZDX8G_1.aclk -clock.freqHz 600000000:DPUCZDX8G_1.ap_clk_2 -clock.freqHz 300000000:digitcaps_accel_1.ap_clk -dpa_mem_offload false -dpa_aie_mem_offload false -dmclkid 0 -r /home/beta/P4P-CapsuleNetworkAccelerator/accel/app/CapsuleNetwork/build_flow/DPUCZDX8G_zcu102/binary_container_1/link/sys_link/_sysl/.cdb/xd_ip_db.xml -o /home/beta/P4P-CapsuleNetworkAccelerator/accel/app/CapsuleNetwork/build_flow/DPUCZDX8G_zcu102/binary_container_1/link/sys_link/cfgraph/cfgen_cfgraph.xml
INFO: [CFGEN 83-0] Kernel Specs: 
INFO: [CFGEN 83-0]   kernel: DPUCZDX8G, num: 1  {DPUCZDX8G_1}
INFO: [CFGEN 83-0]   kernel: digitcaps_accel, num: 1  {digitcaps_accel_1}
INFO: [CFGEN 83-0] Port Specs: 
INFO: [CFGEN 83-0]   kernel: DPUCZDX8G_1, k_port: M_AXI_GP0, sptag: HPC0
INFO: [CFGEN 83-0]   kernel: DPUCZDX8G_1, k_port: M_AXI_HP0, sptag: HP0
INFO: [CFGEN 83-0]   kernel: DPUCZDX8G_1, k_port: M_AXI_HP2, sptag: HP1
INFO: [CFGEN 83-0]   kernel: digitcaps_accel_1, k_port: input, sptag: HP0
INFO: [CFGEN 83-0]   kernel: digitcaps_accel_1, k_port: weights, sptag: HP0
INFO: [CFGEN 83-0]   kernel: digitcaps_accel_1, k_port: prediction, sptag: HP1
INFO: [SYSTEM_LINK 82-37] [08:55:46] cfgen finished successfully
Time (s): cpu = 00:00:04 ; elapsed = 00:00:04 . Memory (MB): peak = 480.316 ; gain = 0.000 ; free physical = 1151 ; free virtual = 6330
INFO: [SYSTEM_LINK 82-52] Create top-level block diagram
INFO: [SYSTEM_LINK 82-38] [08:55:46] cf2bd started: /tools/Xilinx/Vitis/2024.1/bin/cf2bd  --linux --trace_buffer 1024 --input_file /home/beta/P4P-CapsuleNetworkAccelerator/accel/app/CapsuleNetwork/build_flow/DPUCZDX8G_zcu102/binary_container_1/link/sys_link/cfgraph/cfgen_cfgraph.xml --ip_db /home/beta/P4P-CapsuleNetworkAccelerator/accel/app/CapsuleNetwork/build_flow/DPUCZDX8G_zcu102/binary_container_1/link/sys_link/_sysl/.cdb/xd_ip_db.xml --cf_name dr --working_dir /home/beta/P4P-CapsuleNetworkAccelerator/accel/app/CapsuleNetwork/build_flow/DPUCZDX8G_zcu102/binary_container_1/link/sys_link/_sysl/.xsd --temp_dir /home/beta/P4P-CapsuleNetworkAccelerator/accel/app/CapsuleNetwork/build_flow/DPUCZDX8G_zcu102/binary_container_1/link/sys_link --output_dir /home/beta/P4P-CapsuleNetworkAccelerator/accel/app/CapsuleNetwork/build_flow/DPUCZDX8G_zcu102/binary_container_1/link/int
INFO: [CF2BD 82-31] Launching cf2xd: cf2xd -linux -trace-buffer 1024 -i /home/beta/P4P-CapsuleNetworkAccelerator/accel/app/CapsuleNetwork/build_flow/DPUCZDX8G_zcu102/binary_container_1/link/sys_link/cfgraph/cfgen_cfgraph.xml -r /home/beta/P4P-CapsuleNetworkAccelerator/accel/app/CapsuleNetwork/build_flow/DPUCZDX8G_zcu102/binary_container_1/link/sys_link/_sysl/.cdb/xd_ip_db.xml -o dr.xml
INFO: [CF2BD 82-28] cf2xd finished successfully
INFO: [CF2BD 82-31] Launching cf_xsd: cf_xsd -disable-address-gen -dn dr -dp /home/beta/P4P-CapsuleNetworkAccelerator/accel/app/CapsuleNetwork/build_flow/DPUCZDX8G_zcu102/binary_container_1/link/sys_link/_sysl/.xsd
INFO: [CF2BD 82-28] cf_xsd finished successfully
INFO: [SYSTEM_LINK 82-37] [08:55:49] cf2bd finished successfully
Time (s): cpu = 00:00:03 ; elapsed = 00:00:03 . Memory (MB): peak = 480.316 ; gain = 0.000 ; free physical = 1143 ; free virtual = 6327
INFO: [v++ 60-1441] [08:55:49] Run run_link: Step system_link: Completed
Time (s): cpu = 00:00:15 ; elapsed = 00:00:15 . Memory (MB): peak = 497.145 ; gain = 0.000 ; free physical = 1208 ; free virtual = 6393
INFO: [v++ 60-1443] [08:55:49] Run run_link: Step cf2sw: Started
INFO: [v++ 60-1453] Command Line: cf2sw -sdsl /home/beta/P4P-CapsuleNetworkAccelerator/accel/app/CapsuleNetwork/build_flow/DPUCZDX8G_zcu102/binary_container_1/link/int/sdsl.dat -rtd /home/beta/P4P-CapsuleNetworkAccelerator/accel/app/CapsuleNetwork/build_flow/DPUCZDX8G_zcu102/binary_container_1/link/int/cf2sw.rtd -nofilter /home/beta/P4P-CapsuleNetworkAccelerator/accel/app/CapsuleNetwork/build_flow/DPUCZDX8G_zcu102/binary_container_1/link/int/cf2sw_full.rtd -xclbin /home/beta/P4P-CapsuleNetworkAccelerator/accel/app/CapsuleNetwork/build_flow/DPUCZDX8G_zcu102/binary_container_1/link/int/xclbin_orig.xml -o /home/beta/P4P-CapsuleNetworkAccelerator/accel/app/CapsuleNetwork/build_flow/DPUCZDX8G_zcu102/binary_container_1/link/int/xclbin_orig.1.xml
INFO: [v++ 60-1454] Run Directory: /home/beta/P4P-CapsuleNetworkAccelerator/accel/app/CapsuleNetwork/build_flow/DPUCZDX8G_zcu102/binary_container_1/link/run_link
INFO: [v++ 60-1441] [08:55:53] Run run_link: Step cf2sw: Completed
Time (s): cpu = 00:00:04 ; elapsed = 00:00:04 . Memory (MB): peak = 497.145 ; gain = 0.000 ; free physical = 1210 ; free virtual = 6395
INFO: [v++ 60-1443] [08:55:53] Run run_link: Step rtd2_system_diagram: Started
INFO: [v++ 60-1453] Command Line: rtd2SystemDiagram
INFO: [v++ 60-1454] Run Directory: /home/beta/P4P-CapsuleNetworkAccelerator/accel/app/CapsuleNetwork/build_flow/DPUCZDX8G_zcu102/binary_container_1/link/run_link
INFO: [v++ 60-1441] [08:55:53] Run run_link: Step rtd2_system_diagram: Completed
Time (s): cpu = 00:00:00 ; elapsed = 00:00:00.18 . Memory (MB): peak = 497.145 ; gain = 0.000 ; free physical = 1201 ; free virtual = 6387
INFO: [v++ 60-1443] [08:55:53] Run run_link: Step vpl: Started
INFO: [v++ 60-1453] Command Line: vpl -t hw -f /home/beta/Downloads/zcu102/xilinx_zcu102_base/platform_repo/xilinx_zcu102_base_202210_1/export/xilinx_zcu102_base_202210_1/xilinx_zcu102_base_202210_1.xpfm -s --remote_ip_cache /home/beta/P4P-CapsuleNetworkAccelerator/accel/app/CapsuleNetwork/build_flow/DPUCZDX8G_zcu102/binary_container_1/ip_cache --output_dir /home/beta/P4P-CapsuleNetworkAccelerator/accel/app/CapsuleNetwork/build_flow/DPUCZDX8G_zcu102/binary_container_1/link/int --log_dir /home/beta/P4P-CapsuleNetworkAccelerator/accel/app/CapsuleNetwork/build_flow/DPUCZDX8G_zcu102/binary_container_1/logs/link --report_dir /home/beta/P4P-CapsuleNetworkAccelerator/accel/app/CapsuleNetwork/build_flow/DPUCZDX8G_zcu102/binary_container_1/reports/link --config /home/beta/P4P-CapsuleNetworkAccelerator/accel/app/CapsuleNetwork/build_flow/DPUCZDX8G_zcu102/binary_container_1/link/int/vplConfig.ini -k /home/beta/P4P-CapsuleNetworkAccelerator/accel/app/CapsuleNetwork/build_flow/DPUCZDX8G_zcu102/binary_container_1/link/int/kernel_info.dat --webtalk_flag Vitis --temp_dir /home/beta/P4P-CapsuleNetworkAccelerator/accel/app/CapsuleNetwork/build_flow/DPUCZDX8G_zcu102/binary_container_1/link --no-info --iprepo /home/beta/P4P-CapsuleNetworkAccelerator/accel/app/CapsuleNetwork/build_flow/DPUCZDX8G_zcu102/binary_container_1/link/int/xo/ip_repo/xilinx_com_hls_digitcaps_accel_1_0 --iprepo /home/beta/P4P-CapsuleNetworkAccelerator/accel/app/CapsuleNetwork/build_flow/DPUCZDX8G_zcu102/binary_container_1/link/int/xo/ip_repo/xilinx_com_RTLKernel_DPUCZDX8G_1_0 --messageDb /home/beta/P4P-CapsuleNetworkAccelerator/accel/app/CapsuleNetwork/build_flow/DPUCZDX8G_zcu102/binary_container_1/link/run_link/vpl.pb /home/beta/P4P-CapsuleNetworkAccelerator/accel/app/CapsuleNetwork/build_flow/DPUCZDX8G_zcu102/binary_container_1/link/int/dr.bd.tcl
INFO: [v++ 60-1454] Run Directory: /home/beta/P4P-CapsuleNetworkAccelerator/accel/app/CapsuleNetwork/build_flow/DPUCZDX8G_zcu102/binary_container_1/link/run_link

****** vpl v2024.1 (64-bit)
  **** SW Build 5074859 on 2024-05-20-23:21:20
  **** Start of session at: Wed May  6 08:55:54 2026
    ** Copyright 1986-2022 Xilinx, Inc. All Rights Reserved.
    ** Copyright 2022-2024 Advanced Micro Devices, Inc. All Rights Reserved.

INFO: [VPL 60-839] Read in kernel information from file '/home/beta/P4P-CapsuleNetworkAccelerator/accel/app/CapsuleNetwork/build_flow/DPUCZDX8G_zcu102/binary_container_1/link/int/kernel_info.dat'.
INFO: [VPL 60-423]   Target device: xilinx_zcu102_base_202210_1
INFO: [VPL 60-1032] Extracting hardware platform to /home/beta/P4P-CapsuleNetworkAccelerator/accel/app/CapsuleNetwork/build_flow/DPUCZDX8G_zcu102/binary_container_1/link/vivado/vpl/.local/hw_platform
WARNING: [VPL 60-2347] The file '/home/beta/P4P-CapsuleNetworkAccelerator/accel/app/CapsuleNetwork/build_flow/DPUCZDX8G_zcu102/syslink/strip_interconnects.tcl' specified on param 'compiler.userPostSysLinkOverlayTcl' doesn't exist, ignoring this setting
[08:56:03] Run vpl: Step create_project: Started
Creating Vivado project.
[08:56:13] Run vpl: Step create_project: Completed
[08:56:13] Run vpl: Step create_bd: Started
[08:56:24] Run vpl: Step create_bd: Completed
[08:56:24] Run vpl: Step update_bd: Started
[08:56:24] Run vpl: Step update_bd: Completed
[08:56:24] Run vpl: Step generate_target: Started
[08:57:25] Run vpl: Step generate_target: Completed
[08:57:25] Run vpl: Step config_hw_runs: Started
[08:57:28] Run vpl: Step config_hw_runs: Completed
[08:57:28] Run vpl: Step synth: Started
[08:57:59] Block-level synthesis in progress, 0 of 41 jobs complete, 1 job running.
[08:58:29] Block-level synthesis in progress, 0 of 41 jobs complete, 1 job running.
[08:58:59] Block-level synthesis in progress, 1 of 41 jobs complete, 1 job running.
[08:59:29] Block-level synthesis in progress, 1 of 41 jobs complete, 1 job running.
[08:59:59] Block-level synthesis in progress, 2 of 41 jobs complete, 1 job running.
[09:00:29] Block-level synthesis in progress, 2 of 41 jobs complete, 1 job running.
[09:00:59] Block-level synthesis in progress, 3 of 41 jobs complete, 1 job running.
[09:01:29] Block-level synthesis in progress, 4 of 41 jobs complete, 1 job running.
[09:01:59] Block-level synthesis in progress, 4 of 41 jobs complete, 1 job running.
[09:02:29] Block-level synthesis in progress, 5 of 41 jobs complete, 1 job running.
[09:02:59] Block-level synthesis in progress, 5 of 41 jobs complete, 1 job running.
[09:03:29] Block-level synthesis in progress, 6 of 41 jobs complete, 1 job running.
[09:03:59] Block-level synthesis in progress, 6 of 41 jobs complete, 1 job running.
[09:04:29] Block-level synthesis in progress, 7 of 41 jobs complete, 1 job running.
[09:05:00] Block-level synthesis in progress, 7 of 41 jobs complete, 1 job running.
[09:05:30] Block-level synthesis in progress, 8 of 41 jobs complete, 1 job running.
[09:06:00] Block-level synthesis in progress, 8 of 41 jobs complete, 1 job running.
[09:06:30] Block-level synthesis in progress, 9 of 41 jobs complete, 1 job running.
[09:07:00] Block-level synthesis in progress, 9 of 41 jobs complete, 1 job running.
[09:07:30] Block-level synthesis in progress, 10 of 41 jobs complete, 1 job running.
[09:08:00] Block-level synthesis in progress, 10 of 41 jobs complete, 1 job running.
[09:08:30] Block-level synthesis in progress, 11 of 41 jobs complete, 1 job running.
[09:09:00] Block-level synthesis in progress, 11 of 41 jobs complete, 1 job running.
[09:09:30] Block-level synthesis in progress, 12 of 41 jobs complete, 1 job running.
[09:10:00] Block-level synthesis in progress, 12 of 41 jobs complete, 1 job running.
[09:10:30] Block-level synthesis in progress, 13 of 41 jobs complete, 0 jobs running.
[09:11:00] Block-level synthesis in progress, 13 of 41 jobs complete, 1 job running.
[09:11:31] Block-level synthesis in progress, 13 of 41 jobs complete, 1 job running.
[09:12:01] Block-level synthesis in progress, 14 of 41 jobs complete, 1 job running.
[09:12:31] Block-level synthesis in progress, 14 of 41 jobs complete, 1 job running.
[09:13:01] Block-level synthesis in progress, 14 of 41 jobs complete, 1 job running.
[09:13:31] Block-level synthesis in progress, 14 of 41 jobs complete, 1 job running.
[09:14:01] Block-level synthesis in progress, 15 of 41 jobs complete, 1 job running.
[09:14:31] Block-level synthesis in progress, 15 of 41 jobs complete, 1 job running.
[09:15:01] Block-level synthesis in progress, 16 of 41 jobs complete, 1 job running.
[09:15:31] Block-level synthesis in progress, 16 of 41 jobs complete, 1 job running.
[09:16:01] Block-level synthesis in progress, 16 of 41 jobs complete, 1 job running.
[09:16:32] Block-level synthesis in progress, 16 of 41 jobs complete, 1 job running.
[09:21:02] Block-level synthesis in progress, 16 of 41 jobs complete, 1 job running.
[09:21:32] Block-level synthesis in progress, 16 of 41 jobs complete, 2 jobs running.
[09:22:02] Block-level synthesis in progress, 16 of 41 jobs complete, 2 jobs running.
[09:22:32] Block-level synthesis in progress, 16 of 41 jobs complete, 2 jobs running.
[09:23:02] Block-level synthesis in progress, 16 of 41 jobs complete, 2 jobs running.
[09:23:33] Block-level synthesis in progress, 16 of 41 jobs complete, 2 jobs running.
[09:24:03] Block-level synthesis in progress, 16 of 41 jobs complete, 2 jobs running.
[09:24:33] Block-level synthesis in progress, 16 of 41 jobs complete, 2 jobs running.
[09:25:03] Block-level synthesis in progress, 16 of 41 jobs complete, 2 jobs running.
[09:25:33] Block-level synthesis in progress, 16 of 41 jobs complete, 2 jobs running.
[09:26:03] Block-level synthesis in progress, 16 of 41 jobs complete, 2 jobs running.
[09:26:33] Block-level synthesis in progress, 16 of 41 jobs complete, 2 jobs running.
[09:27:05] Block-level synthesis in progress, 16 of 41 jobs complete, 2 jobs running.
[09:27:38] Block-level synthesis in progress, 16 of 41 jobs complete, 2 jobs running.
[09:30:14] Block-level synthesis in progress, 16 of 41 jobs complete, 2 jobs running.
[09:30:44] Block-level synthesis in progress, 16 of 41 jobs complete, 3 jobs running.
[09:31:14] Block-level synthesis in progress, 16 of 41 jobs complete, 3 jobs running.
[09:31:44] Block-level synthesis in progress, 17 of 41 jobs complete, 2 jobs running.
[09:32:15] Block-level synthesis in progress, 17 of 41 jobs complete, 3 jobs running.
[09:32:45] Block-level synthesis in progress, 17 of 41 jobs complete, 3 jobs running.
[09:33:15] Block-level synthesis in progress, 18 of 41 jobs complete, 2 jobs running.
[09:33:45] Block-level synthesis in progress, 19 of 41 jobs complete, 3 jobs running.
[09:34:15] Block-level synthesis in progress, 19 of 41 jobs complete, 3 jobs running.
[09:34:45] Block-level synthesis in progress, 20 of 41 jobs complete, 3 jobs running.
[09:35:15] Block-level synthesis in progress, 22 of 41 jobs complete, 2 jobs running.
[09:35:45] Block-level synthesis in progress, 22 of 41 jobs complete, 3 jobs running.
[09:36:15] Block-level synthesis in progress, 23 of 41 jobs complete, 2 jobs running.
[09:36:46] Block-level synthesis in progress, 23 of 41 jobs complete, 3 jobs running.
[09:37:16] Block-level synthesis in progress, 23 of 41 jobs complete, 3 jobs running.
[09:37:46] Block-level synthesis in progress, 24 of 41 jobs complete, 3 jobs running.
[09:38:16] Block-level synthesis in progress, 24 of 41 jobs complete, 3 jobs running.
[09:38:46] Block-level synthesis in progress, 25 of 41 jobs complete, 2 jobs running.
[09:39:16] Block-level synthesis in progress, 25 of 41 jobs complete, 3 jobs running.
[09:39:46] Block-level synthesis in progress, 26 of 41 jobs complete, 2 jobs running.
[09:40:16] Block-level synthesis in progress, 27 of 41 jobs complete, 3 jobs running.
[09:40:47] Block-level synthesis in progress, 27 of 41 jobs complete, 3 jobs running.
[09:41:17] Block-level synthesis in progress, 27 of 41 jobs complete, 3 jobs running.
[09:41:47] Block-level synthesis in progress, 28 of 41 jobs complete, 3 jobs running.
[09:42:17] Block-level synthesis in progress, 28 of 41 jobs complete, 3 jobs running.
[09:42:47] Block-level synthesis in progress, 29 of 41 jobs complete, 2 jobs running.
[09:43:17] Block-level synthesis in progress, 29 of 41 jobs complete, 3 jobs running.
[09:43:47] Block-level synthesis in progress, 29 of 41 jobs complete, 3 jobs running.
[09:44:18] Block-level synthesis in progress, 30 of 41 jobs complete, 3 jobs running.
[09:44:48] Block-level synthesis in progress, 30 of 41 jobs complete, 3 jobs running.
[09:45:18] Block-level synthesis in progress, 30 of 41 jobs complete, 3 jobs running.
[09:45:48] Block-level synthesis in progress, 31 of 41 jobs complete, 3 jobs running.
[09:46:18] Block-level synthesis in progress, 31 of 41 jobs complete, 3 jobs running.
[09:46:48] Block-level synthesis in progress, 31 of 41 jobs complete, 3 jobs running.
[09:47:18] Block-level synthesis in progress, 32 of 41 jobs complete, 3 jobs running.
[09:47:48] Block-level synthesis in progress, 32 of 41 jobs complete, 3 jobs running.
[09:48:19] Block-level synthesis in progress, 32 of 41 jobs complete, 3 jobs running.
[09:48:49] Block-level synthesis in progress, 33 of 41 jobs complete, 3 jobs running.
[09:49:19] Block-level synthesis in progress, 33 of 41 jobs complete, 3 jobs running.
[09:49:49] Block-level synthesis in progress, 33 of 41 jobs complete, 3 jobs running.
[09:50:19] Block-level synthesis in progress, 34 of 41 jobs complete, 3 jobs running.
[09:50:50] Block-level synthesis in progress, 34 of 41 jobs complete, 3 jobs running.
[09:51:20] Block-level synthesis in progress, 35 of 41 jobs complete, 3 jobs running.
[09:51:50] Block-level synthesis in progress, 35 of 41 jobs complete, 3 jobs running.
[09:52:20] Block-level synthesis in progress, 35 of 41 jobs complete, 3 jobs running.
[09:52:50] Block-level synthesis in progress, 37 of 41 jobs complete, 2 jobs running.
[09:53:20] Block-level synthesis in progress, 37 of 41 jobs complete, 3 jobs running.
[09:53:51] Block-level synthesis in progress, 37 of 41 jobs complete, 3 jobs running.
[09:54:21] Block-level synthesis in progress, 37 of 41 jobs complete, 3 jobs running.
[09:54:37] Run vpl: Step synth: Failed
[09:54:38] Run vpl: FINISHED. Run Status: synth ERROR

===>The following messages were generated while  creating FPGA bitstream. Log file: /home/beta/P4P-CapsuleNetworkAccelerator/accel/app/CapsuleNetwork/build_flow/DPUCZDX8G_zcu102/binary_container_1/link/vivado/vpl/runme.log :
ERROR: [VPL 12-13638] Failed runs(s) : 'vitis_design_DPUCZDX8G_1_0_synth_1', 'vitis_design_digitcaps_accel_1_0_synth_1'
 'vitis_design_DPUCZDX8G_1_0_synth_1' run failed with below errors.
 'vitis_design_digitcaps_accel_1_0_synth_1' run failed with below errors.
ERROR: [VPL 60-773] In '/home/beta/P4P-CapsuleNetworkAccelerator/accel/app/CapsuleNetwork/build_flow/DPUCZDX8G_zcu102/binary_container_1/link/vivado/vpl/vivado.log', caught Tcl error:  ERROR: [Common 17-39] 'wait_on_runs' failed due to earlier errors.
WARNING: [VPL 60-732] Link warning: No monitor points found for BD automation.
ERROR: [VPL 60-704] Integration error, Failed to complete hardware synthesis. The run name is 'synth_1'. An error stack with function names and arguments may be available in the 'vivado.log'.
ERROR: [VPL 60-1328] Vpl run 'vpl' failed
WARNING: [VPL 60-1142] Unable to read data from '/home/beta/P4P-CapsuleNetworkAccelerator/accel/app/CapsuleNetwork/build_flow/DPUCZDX8G_zcu102/binary_container_1/link/vivado/vpl/output/generated_reports.log', generated reports will not be copied.
ERROR: [VPL 60-806] Failed to finish platform linker
INFO: [v++ 60-1442] [09:54:38] Run run_link: Step vpl: Failed
Time (s): cpu = 00:00:14 ; elapsed = 00:58:46 . Memory (MB): peak = 497.145 ; gain = 0.000 ; free physical = 3112 ; free virtual = 5187
ERROR: [v++ 60-661] v++ link run 'run_link' failed
ERROR: [v++ 60-626] Kernel link failed to complete
ERROR: [v++ 60-703] Failed to finish linking
INFO: [v++ 60-1653] Closing dispatch client.
