WARNING: [v++ 60-2347] The file '/home/beta/P4P-CapsuleNetworkAccelerator/accel/app/CapsuleNetwork/build_flow/DPUCZDX8G_zcu102/syslink/strip_interconnects.tcl' specified on param 'compiler.userPostSysLinkOverlayTcl' doesn't exist, ignoring this setting
INFO: [v++ 60-1306] Additional information associated with this v++ link can be found at:
	Reports: /home/beta/P4P-CapsuleNetworkAccelerator/accel/app/CapsuleNetwork/build_flow/DPUCZDX8G_zcu102/binary_container_1/reports/link
	Log files: /home/beta/P4P-CapsuleNetworkAccelerator/accel/app/CapsuleNetwork/build_flow/DPUCZDX8G_zcu102/binary_container_1/logs/link
INFO: [v++ 60-1548] Creating build summary session with primary output /home/beta/P4P-CapsuleNetworkAccelerator/accel/app/CapsuleNetwork/build_flow/DPUCZDX8G_zcu102/binary_container_1/binary_container_1.xclbin.link_summary, at Fri May 15 10:03:25 2026
INFO: [v++ 60-1315] Creating rulecheck session with output '/home/beta/P4P-CapsuleNetworkAccelerator/accel/app/CapsuleNetwork/build_flow/DPUCZDX8G_zcu102/binary_container_1/reports/link/v++_link_binary_container_1_guidance.html', at Fri May 15 10:03:25 2026
INFO: [v++ 60-895]   Target platform: /home/beta/Downloads/zcu102/xilinx_zcu102_base/platform_repo/xilinx_zcu102_base_202210_1/export/xilinx_zcu102_base_202210_1/xilinx_zcu102_base_202210_1.xpfm
INFO: [v++ 60-1578]   This platform contains Xilinx Shell Archive '/home/beta/Downloads/zcu102/xilinx_zcu102_base/platform_repo/xilinx_zcu102_base_202210_1/export/xilinx_zcu102_base_202210_1/hw/hw.xsa'
INFO: [v++ 60-629] Linking for hardware target
INFO: [v++ 60-423]   Target device: xilinx_zcu102_base_202210_1
INFO: [v++ 60-1332] Run 'run_link' status: Not started
INFO: [v++ 60-1443] [10:03:26] Run run_link: Step system_link: Started
INFO: [v++ 60-1453] Command Line: system_link --xo /home/beta/P4P-CapsuleNetworkAccelerator/accel/app/CapsuleNetwork/build_flow/DPUCZDX8G_zcu102/binary_container_1/dpu.xo --xo /home/beta/P4P-CapsuleNetworkAccelerator/accel/lib/digit_caps_accel/pl/digitcaps_accel.xo -keep --config /home/beta/P4P-CapsuleNetworkAccelerator/accel/app/CapsuleNetwork/build_flow/DPUCZDX8G_zcu102/binary_container_1/link/int/syslinkConfig.ini --xpfm /home/beta/Downloads/zcu102/xilinx_zcu102_base/platform_repo/xilinx_zcu102_base_202210_1/export/xilinx_zcu102_base_202210_1/xilinx_zcu102_base_202210_1.xpfm --target hw --output_dir /home/beta/P4P-CapsuleNetworkAccelerator/accel/app/CapsuleNetwork/build_flow/DPUCZDX8G_zcu102/binary_container_1/link/int --temp_dir /home/beta/P4P-CapsuleNetworkAccelerator/accel/app/CapsuleNetwork/build_flow/DPUCZDX8G_zcu102/binary_container_1/link/sys_link
INFO: [v++ 60-1454] Run Directory: /home/beta/P4P-CapsuleNetworkAccelerator/accel/app/CapsuleNetwork/build_flow/DPUCZDX8G_zcu102/binary_container_1/link/run_link
INFO: [SYSTEM_LINK 82-70] Extracting xo v3 file /home/beta/P4P-CapsuleNetworkAccelerator/accel/app/CapsuleNetwork/build_flow/DPUCZDX8G_zcu102/binary_container_1/dpu.xo
INFO: [SYSTEM_LINK 82-70] Extracting xo v3 file /home/beta/P4P-CapsuleNetworkAccelerator/accel/lib/digit_caps_accel/pl/digitcaps_accel.xo
INFO: [SYSTEM_LINK 82-53] Creating IP database /home/beta/P4P-CapsuleNetworkAccelerator/accel/app/CapsuleNetwork/build_flow/DPUCZDX8G_zcu102/binary_container_1/link/sys_link/_sysl/.cdb/xd_ip_db.xml
INFO: [SYSTEM_LINK 82-38] [10:03:28] build_xd_ip_db started: /tools/Xilinx/Vitis/2024.1/bin/build_xd_ip_db -ip_search 0  -sds-pf /home/beta/P4P-CapsuleNetworkAccelerator/accel/app/CapsuleNetwork/build_flow/DPUCZDX8G_zcu102/binary_container_1/link/sys_link/hw.hpfm -clkid 0 -ip /home/beta/P4P-CapsuleNetworkAccelerator/accel/app/CapsuleNetwork/build_flow/DPUCZDX8G_zcu102/binary_container_1/link/sys_link/iprepo/xilinx_com_RTLKernel_DPUCZDX8G_1_0,DPUCZDX8G -ip /home/beta/P4P-CapsuleNetworkAccelerator/accel/app/CapsuleNetwork/build_flow/DPUCZDX8G_zcu102/binary_container_1/link/sys_link/iprepo/xilinx_com_hls_digitcaps_accel_1_0,digitcaps_accel -o /home/beta/P4P-CapsuleNetworkAccelerator/accel/app/CapsuleNetwork/build_flow/DPUCZDX8G_zcu102/binary_container_1/link/sys_link/_sysl/.cdb/xd_ip_db.xml
INFO: [SYSTEM_LINK 82-37] [10:03:33] build_xd_ip_db finished successfully
Time (s): cpu = 00:00:05 ; elapsed = 00:00:05 . Memory (MB): peak = 480.316 ; gain = 0.000 ; free physical = 2788 ; free virtual = 14516
INFO: [SYSTEM_LINK 82-51] Create system connectivity graph
INFO: [SYSTEM_LINK 82-102] Applying explicit connections to the system connectivity graph: /home/beta/P4P-CapsuleNetworkAccelerator/accel/app/CapsuleNetwork/build_flow/DPUCZDX8G_zcu102/binary_container_1/link/sys_link/cfgraph/cfgen_cfgraph.xml
INFO: [SYSTEM_LINK 82-38] [10:03:33] cfgen started: /tools/Xilinx/Vitis/2024.1/bin/cfgen  -nk DPUCZDX8G:1 -sp DPUCZDX8G_1.M_AXI_GP0:HPC0 -sp DPUCZDX8G_1.M_AXI_HP0:HP0 -sp DPUCZDX8G_1.M_AXI_HP2:HP1 -sp digitcaps_accel_1.input:HP0 -sp digitcaps_accel_1.weights:HP0 -sp digitcaps_accel_1.prediction:HP1 -clock.freqHz 300000000:DPUCZDX8G_1.aclk -clock.freqHz 600000000:DPUCZDX8G_1.ap_clk_2 -clock.freqHz 300000000:digitcaps_accel_1.ap_clk -dpa_mem_offload false -dpa_aie_mem_offload false -dmclkid 0 -r /home/beta/P4P-CapsuleNetworkAccelerator/accel/app/CapsuleNetwork/build_flow/DPUCZDX8G_zcu102/binary_container_1/link/sys_link/_sysl/.cdb/xd_ip_db.xml -o /home/beta/P4P-CapsuleNetworkAccelerator/accel/app/CapsuleNetwork/build_flow/DPUCZDX8G_zcu102/binary_container_1/link/sys_link/cfgraph/cfgen_cfgraph.xml
INFO: [CFGEN 83-0] Kernel Specs: 
INFO: [CFGEN 83-0]   kernel: DPUCZDX8G, num: 1  {DPUCZDX8G_1}
INFO: [CFGEN 83-0]   kernel: digitcaps_accel, num: 1  {digitcaps_accel_1}
INFO: [CFGEN 83-0] Port Specs: 
INFO: [CFGEN 83-0]   kernel: DPUCZDX8G_1, k_port: M_AXI_GP0, sptag: HPC0
INFO: [CFGEN 83-0]   kernel: DPUCZDX8G_1, k_port: M_AXI_HP0, sptag: HP0
INFO: [CFGEN 83-0]   kernel: DPUCZDX8G_1, k_port: M_AXI_HP2, sptag: HP1
INFO: [CFGEN 83-0]   kernel: digitcaps_accel_1, k_port: input, sptag: HP0
INFO: [CFGEN 83-0]   kernel: digitcaps_accel_1, k_port: weights, sptag: HP0
INFO: [CFGEN 83-0]   kernel: digitcaps_accel_1, k_port: prediction, sptag: HP1
INFO: [SYSTEM_LINK 82-37] [10:03:36] cfgen finished successfully
Time (s): cpu = 00:00:03 ; elapsed = 00:00:03 . Memory (MB): peak = 480.316 ; gain = 0.000 ; free physical = 2776 ; free virtual = 14507
INFO: [SYSTEM_LINK 82-52] Create top-level block diagram
INFO: [SYSTEM_LINK 82-38] [10:03:36] cf2bd started: /tools/Xilinx/Vitis/2024.1/bin/cf2bd  --linux --trace_buffer 1024 --input_file /home/beta/P4P-CapsuleNetworkAccelerator/accel/app/CapsuleNetwork/build_flow/DPUCZDX8G_zcu102/binary_container_1/link/sys_link/cfgraph/cfgen_cfgraph.xml --ip_db /home/beta/P4P-CapsuleNetworkAccelerator/accel/app/CapsuleNetwork/build_flow/DPUCZDX8G_zcu102/binary_container_1/link/sys_link/_sysl/.cdb/xd_ip_db.xml --cf_name dr --working_dir /home/beta/P4P-CapsuleNetworkAccelerator/accel/app/CapsuleNetwork/build_flow/DPUCZDX8G_zcu102/binary_container_1/link/sys_link/_sysl/.xsd --temp_dir /home/beta/P4P-CapsuleNetworkAccelerator/accel/app/CapsuleNetwork/build_flow/DPUCZDX8G_zcu102/binary_container_1/link/sys_link --output_dir /home/beta/P4P-CapsuleNetworkAccelerator/accel/app/CapsuleNetwork/build_flow/DPUCZDX8G_zcu102/binary_container_1/link/int
INFO: [CF2BD 82-31] Launching cf2xd: cf2xd -linux -trace-buffer 1024 -i /home/beta/P4P-CapsuleNetworkAccelerator/accel/app/CapsuleNetwork/build_flow/DPUCZDX8G_zcu102/binary_container_1/link/sys_link/cfgraph/cfgen_cfgraph.xml -r /home/beta/P4P-CapsuleNetworkAccelerator/accel/app/CapsuleNetwork/build_flow/DPUCZDX8G_zcu102/binary_container_1/link/sys_link/_sysl/.cdb/xd_ip_db.xml -o dr.xml
INFO: [CF2BD 82-28] cf2xd finished successfully
INFO: [CF2BD 82-31] Launching cf_xsd: cf_xsd -disable-address-gen -dn dr -dp /home/beta/P4P-CapsuleNetworkAccelerator/accel/app/CapsuleNetwork/build_flow/DPUCZDX8G_zcu102/binary_container_1/link/sys_link/_sysl/.xsd
INFO: [CF2BD 82-28] cf_xsd finished successfully
INFO: [SYSTEM_LINK 82-37] [10:03:39] cf2bd finished successfully
Time (s): cpu = 00:00:03 ; elapsed = 00:00:03 . Memory (MB): peak = 480.316 ; gain = 0.000 ; free physical = 2779 ; free virtual = 14504
INFO: [v++ 60-1441] [10:03:39] Run run_link: Step system_link: Completed
Time (s): cpu = 00:00:13 ; elapsed = 00:00:13 . Memory (MB): peak = 489.141 ; gain = 0.000 ; free physical = 2846 ; free virtual = 14570
INFO: [v++ 60-1443] [10:03:39] Run run_link: Step cf2sw: Started
INFO: [v++ 60-1453] Command Line: cf2sw -sdsl /home/beta/P4P-CapsuleNetworkAccelerator/accel/app/CapsuleNetwork/build_flow/DPUCZDX8G_zcu102/binary_container_1/link/int/sdsl.dat -rtd /home/beta/P4P-CapsuleNetworkAccelerator/accel/app/CapsuleNetwork/build_flow/DPUCZDX8G_zcu102/binary_container_1/link/int/cf2sw.rtd -nofilter /home/beta/P4P-CapsuleNetworkAccelerator/accel/app/CapsuleNetwork/build_flow/DPUCZDX8G_zcu102/binary_container_1/link/int/cf2sw_full.rtd -xclbin /home/beta/P4P-CapsuleNetworkAccelerator/accel/app/CapsuleNetwork/build_flow/DPUCZDX8G_zcu102/binary_container_1/link/int/xclbin_orig.xml -o /home/beta/P4P-CapsuleNetworkAccelerator/accel/app/CapsuleNetwork/build_flow/DPUCZDX8G_zcu102/binary_container_1/link/int/xclbin_orig.1.xml
INFO: [v++ 60-1454] Run Directory: /home/beta/P4P-CapsuleNetworkAccelerator/accel/app/CapsuleNetwork/build_flow/DPUCZDX8G_zcu102/binary_container_1/link/run_link
INFO: [v++ 60-1441] [10:03:42] Run run_link: Step cf2sw: Completed
Time (s): cpu = 00:00:03 ; elapsed = 00:00:03 . Memory (MB): peak = 489.141 ; gain = 0.000 ; free physical = 2842 ; free virtual = 14572
INFO: [v++ 60-1443] [10:03:42] Run run_link: Step rtd2_system_diagram: Started
INFO: [v++ 60-1453] Command Line: rtd2SystemDiagram
INFO: [v++ 60-1454] Run Directory: /home/beta/P4P-CapsuleNetworkAccelerator/accel/app/CapsuleNetwork/build_flow/DPUCZDX8G_zcu102/binary_container_1/link/run_link
INFO: [v++ 60-1441] [10:03:42] Run run_link: Step rtd2_system_diagram: Completed
Time (s): cpu = 00:00:00 ; elapsed = 00:00:00.15 . Memory (MB): peak = 489.141 ; gain = 0.000 ; free physical = 2831 ; free virtual = 14562
INFO: [v++ 60-1443] [10:03:42] Run run_link: Step vpl: Started
INFO: [v++ 60-1453] Command Line: vpl -t hw -f /home/beta/Downloads/zcu102/xilinx_zcu102_base/platform_repo/xilinx_zcu102_base_202210_1/export/xilinx_zcu102_base_202210_1/xilinx_zcu102_base_202210_1.xpfm -s --remote_ip_cache /home/beta/P4P-CapsuleNetworkAccelerator/accel/app/CapsuleNetwork/build_flow/DPUCZDX8G_zcu102/binary_container_1/ip_cache --output_dir /home/beta/P4P-CapsuleNetworkAccelerator/accel/app/CapsuleNetwork/build_flow/DPUCZDX8G_zcu102/binary_container_1/link/int --log_dir /home/beta/P4P-CapsuleNetworkAccelerator/accel/app/CapsuleNetwork/build_flow/DPUCZDX8G_zcu102/binary_container_1/logs/link --report_dir /home/beta/P4P-CapsuleNetworkAccelerator/accel/app/CapsuleNetwork/build_flow/DPUCZDX8G_zcu102/binary_container_1/reports/link --config /home/beta/P4P-CapsuleNetworkAccelerator/accel/app/CapsuleNetwork/build_flow/DPUCZDX8G_zcu102/binary_container_1/link/int/vplConfig.ini -k /home/beta/P4P-CapsuleNetworkAccelerator/accel/app/CapsuleNetwork/build_flow/DPUCZDX8G_zcu102/binary_container_1/link/int/kernel_info.dat --webtalk_flag Vitis --temp_dir /home/beta/P4P-CapsuleNetworkAccelerator/accel/app/CapsuleNetwork/build_flow/DPUCZDX8G_zcu102/binary_container_1/link --no-info --iprepo /home/beta/P4P-CapsuleNetworkAccelerator/accel/app/CapsuleNetwork/build_flow/DPUCZDX8G_zcu102/binary_container_1/link/int/xo/ip_repo/xilinx_com_hls_digitcaps_accel_1_0 --iprepo /home/beta/P4P-CapsuleNetworkAccelerator/accel/app/CapsuleNetwork/build_flow/DPUCZDX8G_zcu102/binary_container_1/link/int/xo/ip_repo/xilinx_com_RTLKernel_DPUCZDX8G_1_0 --messageDb /home/beta/P4P-CapsuleNetworkAccelerator/accel/app/CapsuleNetwork/build_flow/DPUCZDX8G_zcu102/binary_container_1/link/run_link/vpl.pb /home/beta/P4P-CapsuleNetworkAccelerator/accel/app/CapsuleNetwork/build_flow/DPUCZDX8G_zcu102/binary_container_1/link/int/dr.bd.tcl
INFO: [v++ 60-1454] Run Directory: /home/beta/P4P-CapsuleNetworkAccelerator/accel/app/CapsuleNetwork/build_flow/DPUCZDX8G_zcu102/binary_container_1/link/run_link

****** vpl v2024.1 (64-bit)
  **** SW Build 5074859 on 2024-05-20-23:21:20
  **** Start of session at: Fri May 15 10:03:44 2026
    ** Copyright 1986-2022 Xilinx, Inc. All Rights Reserved.
    ** Copyright 2022-2024 Advanced Micro Devices, Inc. All Rights Reserved.

INFO: [VPL 60-839] Read in kernel information from file '/home/beta/P4P-CapsuleNetworkAccelerator/accel/app/CapsuleNetwork/build_flow/DPUCZDX8G_zcu102/binary_container_1/link/int/kernel_info.dat'.
INFO: [VPL 60-423]   Target device: xilinx_zcu102_base_202210_1
INFO: [VPL 60-1032] Extracting hardware platform to /home/beta/P4P-CapsuleNetworkAccelerator/accel/app/CapsuleNetwork/build_flow/DPUCZDX8G_zcu102/binary_container_1/link/vivado/vpl/.local/hw_platform
WARNING: [VPL 60-2347] The file '/home/beta/P4P-CapsuleNetworkAccelerator/accel/app/CapsuleNetwork/build_flow/DPUCZDX8G_zcu102/syslink/strip_interconnects.tcl' specified on param 'compiler.userPostSysLinkOverlayTcl' doesn't exist, ignoring this setting
[10:03:50] Run vpl: Step create_project: Started
Creating Vivado project.
[10:04:00] Run vpl: Step create_project: Completed
[10:04:00] Run vpl: Step create_bd: Started
[10:04:09] Run vpl: Step create_bd: Completed
[10:04:09] Run vpl: Step update_bd: Started
[10:04:09] Run vpl: Step update_bd: Completed
[10:04:09] Run vpl: Step generate_target: Started
[10:05:00] Run vpl: Step generate_target: Completed
[10:05:00] Run vpl: Step config_hw_runs: Started
[10:05:04] Run vpl: Step config_hw_runs: Completed
[10:05:04] Run vpl: Step synth: Started
[10:05:34] Block-level synthesis in progress, 0 of 1 jobs complete, 1 job running.
[10:06:04] Block-level synthesis in progress, 1 of 1 jobs complete, 0 jobs running.
[10:06:08] Run vpl: Step synth: Completed
[10:06:08] Run vpl: Step impl: Started
[10:10:09] Finished 2nd of 6 tasks (FPGA linking synthesized kernels to platform). Elapsed time: 00h 06m 25s 

[10:10:09] Starting logic optimization..
[10:10:09] Phase 1 Initialization
[10:10:09] Phase 1.1 Core Generation And Design Setup
[10:10:09] Phase 1.2 Setup Constraints And Sort Netlist
[10:10:09] Phase 2 Timer Update And Timing Data Collection
[10:10:09] Phase 2.1 Timer Update
[10:11:09] Phase 2.2 Timing Data Collection
[10:11:09] Phase 3 Retarget
[10:11:09] Phase 4 Constant propagation
[10:11:09] Phase 5 Sweep
[10:11:39] Phase 6 BUFG optimization
[10:11:39] Phase 7 Shift Register Optimization
[10:11:39] Phase 8 Post Processing Netlist
[10:11:39] Phase 9 Finalization
[10:11:39] Phase 9.1 Finalizing Design Cores and Updating Shapes
[10:11:39] Phase 9.2 Verifying Netlist Connectivity
[10:12:09] Finished 3rd of 6 tasks (FPGA logic optimization). Elapsed time: 00h 02m 00s 

[10:12:09] Starting logic placement..
[10:12:09] Phase 1 Placer Initialization
[10:12:09] Phase 1.1 Placer Initialization Netlist Sorting
[10:12:09] Phase 1.2 IO Placement/ Clock Placement/ Build Placer Device
[10:13:40] Phase 1.3 Build Placer Netlist Model
[10:15:40] Phase 1.4 Constrain Clocks/Macros
[10:15:40] Phase 2 Global Placement
[10:15:40] Phase 2.1 Floorplanning
[10:16:10] Phase 2.1.1 Partition Driven Placement
[10:16:10] Phase 2.1.1.1 PBP: Partition Driven Placement
[10:19:41] Phase 2.1.1.2 PBP: Clock Region Placement
[10:19:41] Phase 2.1.1.3 PBP: Discrete Incremental
[10:19:41] Phase 2.1.1.4 PBP: Compute Congestion
[10:19:41] Phase 2.1.1.5 PBP: Macro Placement
[10:20:11] Phase 2.1.1.6 PBP: UpdateTiming
[10:20:11] Phase 2.1.1.7 PBP: Add part constraints
[10:20:41] Phase 2.2 Update Timing before SLR Path Opt
[10:20:41] Phase 2.3 Post-Processing in Floorplanning
[10:20:41] Phase 2.4 Global Placement Core
[10:28:45] Phase 2.4.1 UpdateTiming Before Physical Synthesis
[10:28:45] Phase 2.4.2 Physical Synthesis In Placer
[10:36:48] Phase 3 Detail Placement
[10:36:48] Phase 3.1 Commit Multi Column Macros
[10:36:48] Phase 3.2 Commit Most Macros & LUTRAMs
[10:39:50] Phase 3.3 Small Shape DP
[10:39:50] Phase 3.3.1 Small Shape Clustering
[10:39:50] Phase 3.3.2 Slice Area Swap
[10:39:50] Phase 3.3.2.1 Slice Area Swap Initial
[10:40:50] Phase 3.4 Re-assign LUT pins
[10:41:21] Phase 3.5 Pipeline Register Optimization
[10:41:51] Phase 3.6 Fast Optimization
[10:43:52] Phase 4 Post Placement Optimization and Clean-Up
[10:43:52] Phase 4.1 Post Commit Optimization
[10:46:24] Phase 4.1.1 Post Placement Optimization
[10:46:24] Phase 4.1.1.1 BUFG Insertion
[10:46:24] Phase 1 Physical Synthesis Initialization
[10:46:24] Phase 4.1.1.2 Post Placement Timing Optimization
[10:50:56] Phase 4.2 Post Placement Cleanup
[10:50:56] Phase 4.3 Placer Reporting
[10:50:56] Phase 4.3.1 Print Estimated Congestion
[10:50:56] Phase 4.4 Final Placement Cleanup
[11:43:18] Finished 4th of 6 tasks (FPGA logic placement). Elapsed time: 01h 31m 08s 

[11:43:18] Starting logic routing..
[11:43:18] Phase 1 Build RT Design
[11:44:50] Phase 2 Router Initialization
[11:44:50] Phase 2.1 Fix Topology Constraints
[11:44:50] Phase 2.2 Pre Route Cleanup
[11:44:50] Phase 2.3 Global Clock Net Routing
[11:45:20] Phase 2.4 Update Timing
[11:47:21] Phase 3 Global Routing
[11:47:21] Phase 4 Initial Routing
[11:47:21] Phase 4.1 Initial Net Routing Pass
[11:49:22] Phase 4.2 Update Timing
[11:51:24] Phase 5 Rip-up And Reroute
[11:51:24] Phase 5.1 Global Iteration 0
[11:51:24] Phase 5.2 Global Iteration 1
[12:18:08] Phase 5.3 Global Iteration 2
[12:21:39] Phase 5.4 Global Iteration 3
[12:25:11] Phase 5.5 Global Iteration 4
[12:31:44] Phase 5.6 Global Iteration 5
[12:34:46] Phase 6 Delay and Skew Optimization
[12:34:46] Phase 6.1 TNS Cleanup
[12:34:46] Phase 6.1.1 Delay CleanUp
[12:36:47] Phase 6.2 Clock Skew Optimization
[12:36:47] Phase 7 Post Hold Fix
[12:36:47] Phase 7.1 Hold Fix Iter
[12:37:18] Phase 8 Route finalize
[12:37:18] Phase 9 Verifying routed nets
[12:37:18] Phase 10 Depositing Routes
[12:37:48] Phase 11 Leaf Clock Prog Delay Opt
[12:38:18] Phase 11.1 Optimize Skews
[12:38:18] Phase 11.1.1 Leaf ClockOpt Init
[12:42:55] Phase 11.2 Post SkewOpt Delay Cleanup
[12:42:55] Phase 11.2.1 Delay CleanUp
[12:44:26] Phase 11.3 Post SkewOpt Hold Fix
[12:44:26] Phase 11.3.1 Hold Fix Iter
[12:46:27] Phase 12 Depositing Routes
[12:46:57] Phase 13 Resolve XTalk
[12:46:57] Phase 14 Post Process Routing
[12:46:57] Phase 15 Post Router Timing
[12:48:29] Phase 16 Physical Synthesis in Router
[12:48:29] Phase 16.1 Physical Synthesis Initialization
[12:50:00] Phase 16.2 Critical Path Optimization
[12:52:31] Phase 17 Route finalize
[12:52:31] Phase 18 Post-Route Event Processing
[12:52:31] Finished 5th of 6 tasks (FPGA routing). Elapsed time: 01h 09m 13s 

[12:52:31] Starting bitstream generation..
Starting optional post-route physical design optimization.
[12:56:03] Phase 1 Physical Synthesis Initialization
[12:58:04] Phase 2 Critical Path Optimization
Finished optional post-route physical design optimization.
[13:14:44] Creating bitmap...
[13:15:15] Writing bitstream ./vitis_design_wrapper.bit...
[13:15:15] Finished 6th of 6 tasks (FPGA bitstream generation). Elapsed time: 00h 22m 43s 
Check VPL, containing 6 checks, has run: 0 errors
[13:15:33] Run vpl: Step impl: Completed
[13:15:33] Run vpl: FINISHED. Run Status: impl Complete!
INFO: [v++ 60-1441] [13:15:34] Run run_link: Step vpl: Completed
Time (s): cpu = 00:01:23 ; elapsed = 03:11:51 . Memory (MB): peak = 489.141 ; gain = 0.000 ; free physical = 6932 ; free virtual = 13280
INFO: [v++ 60-1443] [13:15:34] Run run_link: Step rtdgen: Started
INFO: [v++ 60-1453] Command Line: rtdgen
INFO: [v++ 60-1454] Run Directory: /home/beta/P4P-CapsuleNetworkAccelerator/accel/app/CapsuleNetwork/build_flow/DPUCZDX8G_zcu102/binary_container_1/link/run_link
INFO: [v++ 60-1453] Command Line: cf2sw -a /home/beta/P4P-CapsuleNetworkAccelerator/accel/app/CapsuleNetwork/build_flow/DPUCZDX8G_zcu102/binary_container_1/link/int/address_map.xml -sdsl /home/beta/P4P-CapsuleNetworkAccelerator/accel/app/CapsuleNetwork/build_flow/DPUCZDX8G_zcu102/binary_container_1/link/int/sdsl.dat -xclbin /home/beta/P4P-CapsuleNetworkAccelerator/accel/app/CapsuleNetwork/build_flow/DPUCZDX8G_zcu102/binary_container_1/link/int/xclbin_orig.xml -rtd /home/beta/P4P-CapsuleNetworkAccelerator/accel/app/CapsuleNetwork/build_flow/DPUCZDX8G_zcu102/binary_container_1/link/int/binary_container_1.rtd -o /home/beta/P4P-CapsuleNetworkAccelerator/accel/app/CapsuleNetwork/build_flow/DPUCZDX8G_zcu102/binary_container_1/link/int/binary_container_1.xml
INFO: [v++ 60-1652] Cf2sw returned exit code: 0
INFO: [v++ 60-1441] [13:15:37] Run run_link: Step rtdgen: Completed
Time (s): cpu = 00:00:03 ; elapsed = 00:00:03 . Memory (MB): peak = 489.141 ; gain = 0.000 ; free physical = 6834 ; free virtual = 13268
INFO: [v++ 60-1443] [13:15:37] Run run_link: Step xclbinutil: Started
INFO: [v++ 60-1453] Command Line: xclbinutil --add-section BITSTREAM:RAW:/home/beta/P4P-CapsuleNetworkAccelerator/accel/app/CapsuleNetwork/build_flow/DPUCZDX8G_zcu102/binary_container_1/link/int/system.bit --force --target hw --key-value SYS:dfx_enable:false --add-section :JSON:/home/beta/P4P-CapsuleNetworkAccelerator/accel/app/CapsuleNetwork/build_flow/DPUCZDX8G_zcu102/binary_container_1/link/int/binary_container_1.rtd --add-section CLOCK_FREQ_TOPOLOGY:JSON:/home/beta/P4P-CapsuleNetworkAccelerator/accel/app/CapsuleNetwork/build_flow/DPUCZDX8G_zcu102/binary_container_1/link/int/binary_container_1_xml.rtd --add-section BUILD_METADATA:JSON:/home/beta/P4P-CapsuleNetworkAccelerator/accel/app/CapsuleNetwork/build_flow/DPUCZDX8G_zcu102/binary_container_1/link/int/binary_container_1_build.rtd --add-section EMBEDDED_METADATA:RAW:/home/beta/P4P-CapsuleNetworkAccelerator/accel/app/CapsuleNetwork/build_flow/DPUCZDX8G_zcu102/binary_container_1/link/int/binary_container_1.xml --add-section SYSTEM_METADATA:RAW:/home/beta/P4P-CapsuleNetworkAccelerator/accel/app/CapsuleNetwork/build_flow/DPUCZDX8G_zcu102/binary_container_1/link/int/systemDiagramModelSlrBaseAddress.json --key-value SYS:PlatformVBNV:xilinx.com_xd_xilinx_zcu102_base_202210_1_202210_1 --output /home/beta/P4P-CapsuleNetworkAccelerator/accel/app/CapsuleNetwork/build_flow/DPUCZDX8G_zcu102/binary_container_1/binary_container_1.xclbin
INFO: [v++ 60-1454] Run Directory: /home/beta/P4P-CapsuleNetworkAccelerator/accel/app/CapsuleNetwork/build_flow/DPUCZDX8G_zcu102/binary_container_1/link/run_link
XRT Build Version: 2.17.319 (2024.1)
       Build Date: 2024-05-20 03:17:40
          Hash ID: a75e9843c875bac0f52d34a1763e39e16fb3c9a7
Creating a default 'in-memory' xclbin image.

Section: 'BITSTREAM'(0) was successfully added.
Size   : 26510905 bytes
Format : RAW
File   : '/home/beta/P4P-CapsuleNetworkAccelerator/accel/app/CapsuleNetwork/build_flow/DPUCZDX8G_zcu102/binary_container_1/link/int/system.bit'

Section: 'MEM_TOPOLOGY'(6) was successfully added.
Format : JSON
File   : 'mem_topology'

Section: 'IP_LAYOUT'(8) was successfully added.
Format : JSON
File   : 'ip_layout'

Section: 'CONNECTIVITY'(7) was successfully added.
Format : JSON
File   : 'connectivity'
WARNING: Skipping CLOCK_FREQ_TOPOLOGY section for count size is zero.
WARNING: Section 'CLOCK_FREQ_TOPOLOGY' content is empty.  No data in the given JSON file.

Section: 'CLOCK_FREQ_TOPOLOGY'(11) was empty.  No action taken.
Format : JSON
File   : '/home/beta/P4P-CapsuleNetworkAccelerator/accel/app/CapsuleNetwork/build_flow/DPUCZDX8G_zcu102/binary_container_1/link/int/binary_container_1_xml.rtd'

Section: 'BUILD_METADATA'(14) was successfully added.
Size   : 6677 bytes
Format : JSON
File   : '/home/beta/P4P-CapsuleNetworkAccelerator/accel/app/CapsuleNetwork/build_flow/DPUCZDX8G_zcu102/binary_container_1/link/int/binary_container_1_build.rtd'

Section: 'EMBEDDED_METADATA'(2) was successfully added.
Size   : 20055 bytes
Format : RAW
File   : '/home/beta/P4P-CapsuleNetworkAccelerator/accel/app/CapsuleNetwork/build_flow/DPUCZDX8G_zcu102/binary_container_1/link/int/binary_container_1.xml'

Section: 'SYSTEM_METADATA'(22) was successfully added.
Size   : 29925 bytes
Format : RAW
File   : '/home/beta/P4P-CapsuleNetworkAccelerator/accel/app/CapsuleNetwork/build_flow/DPUCZDX8G_zcu102/binary_container_1/link/int/systemDiagramModelSlrBaseAddress.json'
Successfully wrote (26582367 bytes) to the output file: /home/beta/P4P-CapsuleNetworkAccelerator/accel/app/CapsuleNetwork/build_flow/DPUCZDX8G_zcu102/binary_container_1/binary_container_1.xclbin
Leaving xclbinutil.
INFO: [v++ 60-1441] [13:15:37] Run run_link: Step xclbinutil: Completed
Time (s): cpu = 00:00:00.05 ; elapsed = 00:00:00.18 . Memory (MB): peak = 489.141 ; gain = 0.000 ; free physical = 6785 ; free virtual = 13265
INFO: [v++ 60-1443] [13:15:37] Run run_link: Step xclbinutilinfo: Started
INFO: [v++ 60-1453] Command Line: xclbinutil --quiet --force --info /home/beta/P4P-CapsuleNetworkAccelerator/accel/app/CapsuleNetwork/build_flow/DPUCZDX8G_zcu102/binary_container_1/binary_container_1.xclbin.info --input /home/beta/P4P-CapsuleNetworkAccelerator/accel/app/CapsuleNetwork/build_flow/DPUCZDX8G_zcu102/binary_container_1/binary_container_1.xclbin
INFO: [v++ 60-1454] Run Directory: /home/beta/P4P-CapsuleNetworkAccelerator/accel/app/CapsuleNetwork/build_flow/DPUCZDX8G_zcu102/binary_container_1/link/run_link
INFO: [v++ 60-1441] [13:15:37] Run run_link: Step xclbinutilinfo: Completed
Time (s): cpu = 00:00:00.26 ; elapsed = 00:00:00.29 . Memory (MB): peak = 489.141 ; gain = 0.000 ; free physical = 6768 ; free virtual = 13265
INFO: [v++ 60-1443] [13:15:37] Run run_link: Step generate_sc_driver: Started
INFO: [v++ 60-1453] Command Line: 
INFO: [v++ 60-1454] Run Directory: /home/beta/P4P-CapsuleNetworkAccelerator/accel/app/CapsuleNetwork/build_flow/DPUCZDX8G_zcu102/binary_container_1/link/run_link
INFO: [v++ 60-1441] [13:15:37] Run run_link: Step generate_sc_driver: Completed
Time (s): cpu = 00:00:00 ; elapsed = 00:00:00 . Memory (MB): peak = 489.141 ; gain = 0.000 ; free physical = 6768 ; free virtual = 13265
INFO: [v++ 60-244] Generating system estimate report...
INFO: [v++ 60-1092] Generated system estimate report: /home/beta/P4P-CapsuleNetworkAccelerator/accel/app/CapsuleNetwork/build_flow/DPUCZDX8G_zcu102/binary_container_1/reports/link/system_estimate_binary_container_1.xtxt
INFO: [v++ 60-2397] Platform default or user specified output type sd_card detected but is not a supported output for v++ --link. Use the v++ --package option instead to create SD card output.
INFO: [v++ 60-586] Created binary_container_1/binary_container_1.xclbin
INFO: [v++ 60-1307] Run completed. Additional information can be found in:
	Guidance: /home/beta/P4P-CapsuleNetworkAccelerator/accel/app/CapsuleNetwork/build_flow/DPUCZDX8G_zcu102/binary_container_1/reports/link/v++_link_binary_container_1_guidance.html
	Timing Report: /home/beta/P4P-CapsuleNetworkAccelerator/accel/app/CapsuleNetwork/build_flow/DPUCZDX8G_zcu102/binary_container_1/reports/link/imp/impl_1_vitis_design_wrapper_timing_summary_routed.rpt
	Vivado Log: /home/beta/P4P-CapsuleNetworkAccelerator/accel/app/CapsuleNetwork/build_flow/DPUCZDX8G_zcu102/binary_container_1/logs/link/vivado.log
	Steps Log File: /home/beta/P4P-CapsuleNetworkAccelerator/accel/app/CapsuleNetwork/build_flow/DPUCZDX8G_zcu102/binary_container_1/logs/link/link.steps.log

INFO: [v++ 60-2343] Use the Vitis Unified IDE to visualize and navigate the reports. Run the following command. 
    vitis -a/ --analyze /home/beta/P4P-CapsuleNetworkAccelerator/accel/app/CapsuleNetwork/build_flow/DPUCZDX8G_zcu102/binary_container_1/binary_container_1.xclbin.link_summary 
INFO: [v++ 60-791] Total elapsed time: 3h 12m 15s
INFO: [v++ 60-1653] Closing dispatch client.
