WARNING: [v++ 60-2347] The file '/home/beta/P4P-CapsuleNetworkAccelerator/accel/app/CapsuleNetwork/build_flow/DPUCZDX8G_zcu102/syslink/strip_interconnects.tcl' specified on param 'compiler.userPostSysLinkOverlayTcl' doesn't exist, ignoring this setting
INFO: [v++ 60-1306] Additional information associated with this v++ link can be found at:
	Reports: /home/beta/P4P-CapsuleNetworkAccelerator/accel/app/CapsuleNetwork/build_flow/DPUCZDX8G_zcu102/binary_container_1/reports/link
	Log files: /home/beta/P4P-CapsuleNetworkAccelerator/accel/app/CapsuleNetwork/build_flow/DPUCZDX8G_zcu102/binary_container_1/logs/link
INFO: [v++ 60-1548] Creating build summary session with primary output /home/beta/P4P-CapsuleNetworkAccelerator/accel/app/CapsuleNetwork/build_flow/DPUCZDX8G_zcu102/binary_container_1/binary_container_1.xclbin.link_summary, at Wed May  6 12:24:53 2026
INFO: [v++ 60-1315] Creating rulecheck session with output '/home/beta/P4P-CapsuleNetworkAccelerator/accel/app/CapsuleNetwork/build_flow/DPUCZDX8G_zcu102/binary_container_1/reports/link/v++_link_binary_container_1_guidance.html', at Wed May  6 12:24:53 2026
INFO: [v++ 60-895]   Target platform: /home/beta/Downloads/zcu102/xilinx_zcu102_base/platform_repo/xilinx_zcu102_base_202210_1/export/xilinx_zcu102_base_202210_1/xilinx_zcu102_base_202210_1.xpfm
INFO: [v++ 60-1578]   This platform contains Xilinx Shell Archive '/home/beta/Downloads/zcu102/xilinx_zcu102_base/platform_repo/xilinx_zcu102_base_202210_1/export/xilinx_zcu102_base_202210_1/hw/hw.xsa'
INFO: [v++ 60-629] Linking for hardware target
INFO: [v++ 60-423]   Target device: xilinx_zcu102_base_202210_1
INFO: [v++ 60-1332] Run 'run_link' status: Not started
INFO: [v++ 60-1443] [12:24:54] Run run_link: Step system_link: Started
INFO: [v++ 60-1453] Command Line: system_link --xo /home/beta/P4P-CapsuleNetworkAccelerator/accel/app/CapsuleNetwork/build_flow/DPUCZDX8G_zcu102/binary_container_1/dpu.xo --xo /home/beta/P4P-CapsuleNetworkAccelerator/accel/lib/digit_caps_accel/pl/digitcaps_accel.xo -keep --config /home/beta/P4P-CapsuleNetworkAccelerator/accel/app/CapsuleNetwork/build_flow/DPUCZDX8G_zcu102/binary_container_1/link/int/syslinkConfig.ini --xpfm /home/beta/Downloads/zcu102/xilinx_zcu102_base/platform_repo/xilinx_zcu102_base_202210_1/export/xilinx_zcu102_base_202210_1/xilinx_zcu102_base_202210_1.xpfm --target hw --output_dir /home/beta/P4P-CapsuleNetworkAccelerator/accel/app/CapsuleNetwork/build_flow/DPUCZDX8G_zcu102/binary_container_1/link/int --temp_dir /home/beta/P4P-CapsuleNetworkAccelerator/accel/app/CapsuleNetwork/build_flow/DPUCZDX8G_zcu102/binary_container_1/link/sys_link
INFO: [v++ 60-1454] Run Directory: /home/beta/P4P-CapsuleNetworkAccelerator/accel/app/CapsuleNetwork/build_flow/DPUCZDX8G_zcu102/binary_container_1/link/run_link
INFO: [SYSTEM_LINK 82-70] Extracting xo v3 file /home/beta/P4P-CapsuleNetworkAccelerator/accel/app/CapsuleNetwork/build_flow/DPUCZDX8G_zcu102/binary_container_1/dpu.xo
INFO: [SYSTEM_LINK 82-70] Extracting xo v3 file /home/beta/P4P-CapsuleNetworkAccelerator/accel/lib/digit_caps_accel/pl/digitcaps_accel.xo
INFO: [SYSTEM_LINK 82-53] Creating IP database /home/beta/P4P-CapsuleNetworkAccelerator/accel/app/CapsuleNetwork/build_flow/DPUCZDX8G_zcu102/binary_container_1/link/sys_link/_sysl/.cdb/xd_ip_db.xml
INFO: [SYSTEM_LINK 82-38] [12:24:56] build_xd_ip_db started: /tools/Xilinx/Vitis/2024.1/bin/build_xd_ip_db -ip_search 0  -sds-pf /home/beta/P4P-CapsuleNetworkAccelerator/accel/app/CapsuleNetwork/build_flow/DPUCZDX8G_zcu102/binary_container_1/link/sys_link/hw.hpfm -clkid 0 -ip /home/beta/P4P-CapsuleNetworkAccelerator/accel/app/CapsuleNetwork/build_flow/DPUCZDX8G_zcu102/binary_container_1/link/sys_link/iprepo/xilinx_com_RTLKernel_DPUCZDX8G_1_0,DPUCZDX8G -ip /home/beta/P4P-CapsuleNetworkAccelerator/accel/app/CapsuleNetwork/build_flow/DPUCZDX8G_zcu102/binary_container_1/link/sys_link/iprepo/xilinx_com_hls_digitcaps_accel_1_0,digitcaps_accel -o /home/beta/P4P-CapsuleNetworkAccelerator/accel/app/CapsuleNetwork/build_flow/DPUCZDX8G_zcu102/binary_container_1/link/sys_link/_sysl/.cdb/xd_ip_db.xml
INFO: [SYSTEM_LINK 82-37] [12:25:00] build_xd_ip_db finished successfully
Time (s): cpu = 00:00:04 ; elapsed = 00:00:04 . Memory (MB): peak = 480.316 ; gain = 0.000 ; free physical = 5022 ; free virtual = 8472
INFO: [SYSTEM_LINK 82-51] Create system connectivity graph
INFO: [SYSTEM_LINK 82-102] Applying explicit connections to the system connectivity graph: /home/beta/P4P-CapsuleNetworkAccelerator/accel/app/CapsuleNetwork/build_flow/DPUCZDX8G_zcu102/binary_container_1/link/sys_link/cfgraph/cfgen_cfgraph.xml
INFO: [SYSTEM_LINK 82-38] [12:25:00] cfgen started: /tools/Xilinx/Vitis/2024.1/bin/cfgen  -nk DPUCZDX8G:1 -sp DPUCZDX8G_1.M_AXI_GP0:HPC0 -sp DPUCZDX8G_1.M_AXI_HP0:HP0 -sp DPUCZDX8G_1.M_AXI_HP2:HP1 -sp digitcaps_accel_1.input:HP0 -sp digitcaps_accel_1.weights:HP0 -sp digitcaps_accel_1.prediction:HP1 -clock.freqHz 300000000:DPUCZDX8G_1.aclk -clock.freqHz 600000000:DPUCZDX8G_1.ap_clk_2 -clock.freqHz 300000000:digitcaps_accel_1.ap_clk -dpa_mem_offload false -dpa_aie_mem_offload false -dmclkid 0 -r /home/beta/P4P-CapsuleNetworkAccelerator/accel/app/CapsuleNetwork/build_flow/DPUCZDX8G_zcu102/binary_container_1/link/sys_link/_sysl/.cdb/xd_ip_db.xml -o /home/beta/P4P-CapsuleNetworkAccelerator/accel/app/CapsuleNetwork/build_flow/DPUCZDX8G_zcu102/binary_container_1/link/sys_link/cfgraph/cfgen_cfgraph.xml
INFO: [CFGEN 83-0] Kernel Specs: 
INFO: [CFGEN 83-0]   kernel: DPUCZDX8G, num: 1  {DPUCZDX8G_1}
INFO: [CFGEN 83-0]   kernel: digitcaps_accel, num: 1  {digitcaps_accel_1}
INFO: [CFGEN 83-0] Port Specs: 
INFO: [CFGEN 83-0]   kernel: DPUCZDX8G_1, k_port: M_AXI_GP0, sptag: HPC0
INFO: [CFGEN 83-0]   kernel: DPUCZDX8G_1, k_port: M_AXI_HP0, sptag: HP0
INFO: [CFGEN 83-0]   kernel: DPUCZDX8G_1, k_port: M_AXI_HP2, sptag: HP1
INFO: [CFGEN 83-0]   kernel: digitcaps_accel_1, k_port: input, sptag: HP0
INFO: [CFGEN 83-0]   kernel: digitcaps_accel_1, k_port: weights, sptag: HP0
INFO: [CFGEN 83-0]   kernel: digitcaps_accel_1, k_port: prediction, sptag: HP1
INFO: [SYSTEM_LINK 82-37] [12:25:03] cfgen finished successfully
Time (s): cpu = 00:00:03 ; elapsed = 00:00:03 . Memory (MB): peak = 480.316 ; gain = 0.000 ; free physical = 5014 ; free virtual = 8468
INFO: [SYSTEM_LINK 82-52] Create top-level block diagram
INFO: [SYSTEM_LINK 82-38] [12:25:03] cf2bd started: /tools/Xilinx/Vitis/2024.1/bin/cf2bd  --linux --trace_buffer 1024 --input_file /home/beta/P4P-CapsuleNetworkAccelerator/accel/app/CapsuleNetwork/build_flow/DPUCZDX8G_zcu102/binary_container_1/link/sys_link/cfgraph/cfgen_cfgraph.xml --ip_db /home/beta/P4P-CapsuleNetworkAccelerator/accel/app/CapsuleNetwork/build_flow/DPUCZDX8G_zcu102/binary_container_1/link/sys_link/_sysl/.cdb/xd_ip_db.xml --cf_name dr --working_dir /home/beta/P4P-CapsuleNetworkAccelerator/accel/app/CapsuleNetwork/build_flow/DPUCZDX8G_zcu102/binary_container_1/link/sys_link/_sysl/.xsd --temp_dir /home/beta/P4P-CapsuleNetworkAccelerator/accel/app/CapsuleNetwork/build_flow/DPUCZDX8G_zcu102/binary_container_1/link/sys_link --output_dir /home/beta/P4P-CapsuleNetworkAccelerator/accel/app/CapsuleNetwork/build_flow/DPUCZDX8G_zcu102/binary_container_1/link/int
INFO: [CF2BD 82-31] Launching cf2xd: cf2xd -linux -trace-buffer 1024 -i /home/beta/P4P-CapsuleNetworkAccelerator/accel/app/CapsuleNetwork/build_flow/DPUCZDX8G_zcu102/binary_container_1/link/sys_link/cfgraph/cfgen_cfgraph.xml -r /home/beta/P4P-CapsuleNetworkAccelerator/accel/app/CapsuleNetwork/build_flow/DPUCZDX8G_zcu102/binary_container_1/link/sys_link/_sysl/.cdb/xd_ip_db.xml -o dr.xml
INFO: [CF2BD 82-28] cf2xd finished successfully
INFO: [CF2BD 82-31] Launching cf_xsd: cf_xsd -disable-address-gen -dn dr -dp /home/beta/P4P-CapsuleNetworkAccelerator/accel/app/CapsuleNetwork/build_flow/DPUCZDX8G_zcu102/binary_container_1/link/sys_link/_sysl/.xsd
INFO: [CF2BD 82-28] cf_xsd finished successfully
INFO: [SYSTEM_LINK 82-37] [12:25:06] cf2bd finished successfully
Time (s): cpu = 00:00:03 ; elapsed = 00:00:03 . Memory (MB): peak = 480.316 ; gain = 0.000 ; free physical = 5007 ; free virtual = 8467
INFO: [v++ 60-1441] [12:25:06] Run run_link: Step system_link: Completed
Time (s): cpu = 00:00:12 ; elapsed = 00:00:12 . Memory (MB): peak = 489.141 ; gain = 0.000 ; free physical = 5073 ; free virtual = 8533
INFO: [v++ 60-1443] [12:25:06] Run run_link: Step cf2sw: Started
INFO: [v++ 60-1453] Command Line: cf2sw -sdsl /home/beta/P4P-CapsuleNetworkAccelerator/accel/app/CapsuleNetwork/build_flow/DPUCZDX8G_zcu102/binary_container_1/link/int/sdsl.dat -rtd /home/beta/P4P-CapsuleNetworkAccelerator/accel/app/CapsuleNetwork/build_flow/DPUCZDX8G_zcu102/binary_container_1/link/int/cf2sw.rtd -nofilter /home/beta/P4P-CapsuleNetworkAccelerator/accel/app/CapsuleNetwork/build_flow/DPUCZDX8G_zcu102/binary_container_1/link/int/cf2sw_full.rtd -xclbin /home/beta/P4P-CapsuleNetworkAccelerator/accel/app/CapsuleNetwork/build_flow/DPUCZDX8G_zcu102/binary_container_1/link/int/xclbin_orig.xml -o /home/beta/P4P-CapsuleNetworkAccelerator/accel/app/CapsuleNetwork/build_flow/DPUCZDX8G_zcu102/binary_container_1/link/int/xclbin_orig.1.xml
INFO: [v++ 60-1454] Run Directory: /home/beta/P4P-CapsuleNetworkAccelerator/accel/app/CapsuleNetwork/build_flow/DPUCZDX8G_zcu102/binary_container_1/link/run_link
INFO: [v++ 60-1441] [12:25:09] Run run_link: Step cf2sw: Completed
Time (s): cpu = 00:00:03 ; elapsed = 00:00:03 . Memory (MB): peak = 489.141 ; gain = 0.000 ; free physical = 5072 ; free virtual = 8533
INFO: [v++ 60-1443] [12:25:09] Run run_link: Step rtd2_system_diagram: Started
INFO: [v++ 60-1453] Command Line: rtd2SystemDiagram
INFO: [v++ 60-1454] Run Directory: /home/beta/P4P-CapsuleNetworkAccelerator/accel/app/CapsuleNetwork/build_flow/DPUCZDX8G_zcu102/binary_container_1/link/run_link
INFO: [v++ 60-1441] [12:25:10] Run run_link: Step rtd2_system_diagram: Completed
Time (s): cpu = 00:00:00 ; elapsed = 00:00:00.15 . Memory (MB): peak = 489.141 ; gain = 0.000 ; free physical = 5061 ; free virtual = 8523
INFO: [v++ 60-1443] [12:25:10] Run run_link: Step vpl: Started
INFO: [v++ 60-1453] Command Line: vpl -t hw -f /home/beta/Downloads/zcu102/xilinx_zcu102_base/platform_repo/xilinx_zcu102_base_202210_1/export/xilinx_zcu102_base_202210_1/xilinx_zcu102_base_202210_1.xpfm -s --remote_ip_cache /home/beta/P4P-CapsuleNetworkAccelerator/accel/app/CapsuleNetwork/build_flow/DPUCZDX8G_zcu102/binary_container_1/ip_cache --output_dir /home/beta/P4P-CapsuleNetworkAccelerator/accel/app/CapsuleNetwork/build_flow/DPUCZDX8G_zcu102/binary_container_1/link/int --log_dir /home/beta/P4P-CapsuleNetworkAccelerator/accel/app/CapsuleNetwork/build_flow/DPUCZDX8G_zcu102/binary_container_1/logs/link --report_dir /home/beta/P4P-CapsuleNetworkAccelerator/accel/app/CapsuleNetwork/build_flow/DPUCZDX8G_zcu102/binary_container_1/reports/link --config /home/beta/P4P-CapsuleNetworkAccelerator/accel/app/CapsuleNetwork/build_flow/DPUCZDX8G_zcu102/binary_container_1/link/int/vplConfig.ini -k /home/beta/P4P-CapsuleNetworkAccelerator/accel/app/CapsuleNetwork/build_flow/DPUCZDX8G_zcu102/binary_container_1/link/int/kernel_info.dat --webtalk_flag Vitis --temp_dir /home/beta/P4P-CapsuleNetworkAccelerator/accel/app/CapsuleNetwork/build_flow/DPUCZDX8G_zcu102/binary_container_1/link --no-info --iprepo /home/beta/P4P-CapsuleNetworkAccelerator/accel/app/CapsuleNetwork/build_flow/DPUCZDX8G_zcu102/binary_container_1/link/int/xo/ip_repo/xilinx_com_hls_digitcaps_accel_1_0 --iprepo /home/beta/P4P-CapsuleNetworkAccelerator/accel/app/CapsuleNetwork/build_flow/DPUCZDX8G_zcu102/binary_container_1/link/int/xo/ip_repo/xilinx_com_RTLKernel_DPUCZDX8G_1_0 --messageDb /home/beta/P4P-CapsuleNetworkAccelerator/accel/app/CapsuleNetwork/build_flow/DPUCZDX8G_zcu102/binary_container_1/link/run_link/vpl.pb /home/beta/P4P-CapsuleNetworkAccelerator/accel/app/CapsuleNetwork/build_flow/DPUCZDX8G_zcu102/binary_container_1/link/int/dr.bd.tcl
INFO: [v++ 60-1454] Run Directory: /home/beta/P4P-CapsuleNetworkAccelerator/accel/app/CapsuleNetwork/build_flow/DPUCZDX8G_zcu102/binary_container_1/link/run_link

****** vpl v2024.1 (64-bit)
  **** SW Build 5074859 on 2024-05-20-23:21:20
  **** Start of session at: Wed May  6 12:25:11 2026
    ** Copyright 1986-2022 Xilinx, Inc. All Rights Reserved.
    ** Copyright 2022-2024 Advanced Micro Devices, Inc. All Rights Reserved.

INFO: [VPL 60-839] Read in kernel information from file '/home/beta/P4P-CapsuleNetworkAccelerator/accel/app/CapsuleNetwork/build_flow/DPUCZDX8G_zcu102/binary_container_1/link/int/kernel_info.dat'.
INFO: [VPL 60-423]   Target device: xilinx_zcu102_base_202210_1
INFO: [VPL 60-1032] Extracting hardware platform to /home/beta/P4P-CapsuleNetworkAccelerator/accel/app/CapsuleNetwork/build_flow/DPUCZDX8G_zcu102/binary_container_1/link/vivado/vpl/.local/hw_platform
WARNING: [VPL 60-2347] The file '/home/beta/P4P-CapsuleNetworkAccelerator/accel/app/CapsuleNetwork/build_flow/DPUCZDX8G_zcu102/syslink/strip_interconnects.tcl' specified on param 'compiler.userPostSysLinkOverlayTcl' doesn't exist, ignoring this setting
[12:25:17] Run vpl: Step create_project: Started
Creating Vivado project.
[12:25:27] Run vpl: Step create_project: Completed
[12:25:27] Run vpl: Step create_bd: Started
[12:25:36] Run vpl: Step create_bd: Completed
[12:25:36] Run vpl: Step update_bd: Started
[12:25:36] Run vpl: Step update_bd: Completed
[12:25:36] Run vpl: Step generate_target: Started
[12:26:28] Run vpl: Step generate_target: Completed
[12:26:28] Run vpl: Step config_hw_runs: Started
[12:26:32] Run vpl: Step config_hw_runs: Completed
[12:26:32] Run vpl: Step synth: Started
[12:27:03] Block-level synthesis in progress, 0 of 1 jobs complete, 1 job running.
[12:27:33] Block-level synthesis in progress, 0 of 1 jobs complete, 1 job running.
[12:27:43] Run vpl: Step synth: Completed
[12:27:43] Run vpl: Step impl: Started
[12:31:44] Finished 2nd of 6 tasks (FPGA linking synthesized kernels to platform). Elapsed time: 00h 06m 33s 

[12:31:44] Starting logic optimization..
[12:31:44] Phase 1 Initialization
[12:31:44] Phase 1.1 Core Generation And Design Setup
[12:31:44] Phase 1.2 Setup Constraints And Sort Netlist
[12:31:44] Phase 2 Timer Update And Timing Data Collection
[12:31:44] Phase 2.1 Timer Update
[12:33:14] Phase 2.2 Timing Data Collection
[12:33:14] Phase 3 Retarget
[12:33:14] Phase 4 Constant propagation
[12:33:14] Phase 5 Sweep
[12:33:44] Phase 6 BUFG optimization
[12:33:44] Phase 7 Shift Register Optimization
[12:33:44] Phase 8 Post Processing Netlist
[12:33:44] Phase 9 Finalization
[12:33:44] Phase 9.1 Finalizing Design Cores and Updating Shapes
[12:33:44] Phase 9.2 Verifying Netlist Connectivity
[12:33:44] Finished 3rd of 6 tasks (FPGA logic optimization). Elapsed time: 00h 02m 00s 

[12:33:44] Starting logic placement..
[12:34:14] Phase 1 Placer Initialization
[12:34:14] Phase 1.1 Placer Initialization Netlist Sorting
[12:34:14] Phase 1.2 IO Placement/ Clock Placement/ Build Placer Device
[12:35:45] Phase 1.3 Build Placer Netlist Model
